<?xml version="1.0" encoding="UTF-8"?>
<!-- Generated by org.testng.reporters.JUnitXMLReporter -->
<testsuite hostname="CPT-EN-135B10" name="Command line test" tests="4" failures="0" timestamp="5 Jun 2014 10:28:56 GMT" time="2.73" errors="0">
  <testcase name="create" time="0.062" classname="com.startup.musicstore.test.repository.OrderRepositoryTest"/>
  <testcase name="read" time="0.029" classname="com.startup.musicstore.test.repository.OrderRepositoryTest"/>
  <testcase name="update" time="0.032" classname="com.startup.musicstore.test.repository.OrderRepositoryTest"/>
  <testcase name="delete" time="0.016" classname="com.startup.musicstore.test.repository.OrderRepositoryTest"/>
</testsuite> <!-- Command line test -->
