<?xml version="1.0" encoding="UTF-8"?>
<!-- Generated by org.testng.reporters.JUnitXMLReporter -->
<testsuite hostname="Kurvin" name="Command line test" tests="4" failures="0" timestamp="28 Jul 2014 18:17:50 GMT" time="2.031" errors="0">
  <testcase name="testForCreditApproval" time="0.159" classname="com.startup.musicstore.test.services.CreditCardSampleServiceTest"/>
  <testcase name="testForInsufficientbalance" time="0.006" classname="com.startup.musicstore.test.services.CreditCardSampleServiceTest"/>
  <testcase name="testForWrongCreditCardExpiryDate" time="0.005" classname="com.startup.musicstore.test.services.CreditCardSampleServiceTest"/>
  <testcase name="testForWrongCreditCardNumber" time="0.005" classname="com.startup.musicstore.test.services.CreditCardSampleServiceTest"/>
</testsuite> <!-- Command line test -->
