<?xml version="1.0" encoding="UTF-8"?>
<!-- Generated by org.testng.reporters.JUnitXMLReporter -->
<testsuite hostname="CPT-EN-135B10" name="Command line test" tests="4" failures="0" timestamp="5 Jun 2014 10:19:35 GMT" time="3.065" errors="0">
  <testcase name="create" time="0.078" classname="com.startup.musicstore.test.repository.CustomerRepositoryTest"/>
  <testcase name="read" time="0.09" classname="com.startup.musicstore.test.repository.CustomerRepositoryTest"/>
  <testcase name="update" time="0.04" classname="com.startup.musicstore.test.repository.CustomerRepositoryTest"/>
  <testcase name="delete" time="0.025" classname="com.startup.musicstore.test.repository.CustomerRepositoryTest"/>
</testsuite> <!-- Command line test -->
