<?xml version="1.0" encoding="UTF-8" ?>
<testsuite tests="1" failures="1" name="com.startup.musicstore.test.services.GetSalesCategoryListTest" time="2.369" errors="0" skipped="0">
  <properties>
[...]
</properties>
  <testcase classname="com.startup.musicstore.test.services.GetSalesCategoryListTest" name="hello" time="0.157">
    <failure type="java.lang.NullPointerException">java.lang.NullPointerException
	at com.startup.musicstore.services.Impl.GetSalesCategoryListImpl.getList(GetSalesCategoryListImpl.java:38)
	at com.startup.musicstore.test.services.GetSalesCategoryListTest.hello(GetSalesCategoryListTest.java:67)
</failure>
    <system-out>16:08:33.343 [main] DEBUG o.s.core.env.StandardEnvironment - Adding [systemProperties] PropertySource with lowest search precedence
16:08:33.347 [main] DEBUG o.s.core.env.StandardEnvironment - Adding [systemEnvironment] PropertySource with lowest search precedence
16:08:33.347 [main] DEBUG o.s.core.env.StandardEnvironment - Initialized StandardEnvironment with PropertySources [systemProperties,systemEnvironment]
16:08:33.369 [main] DEBUG o.s.c.a.ClassPathBeanDefinitionScanner - JSR-330 &apos;javax.inject.Named&apos; annotation found and supported for component scanning
16:08:33.402 [main] INFO  o.s.c.a.AnnotationConfigApplicationContext - Refreshing org.springframework.context.annotation.AnnotationConfigApplicationContext@7d70d1b1: startup date [Sat Aug 02 16:08:33 EET 2014]; root of context hierarchy
16:08:33.402 [main] DEBUG o.s.c.a.AnnotationConfigApplicationContext - Bean factory for org.springframework.context.annotation.AnnotationConfigApplicationContext@7d70d1b1: org.springframework.beans.factory.support.DefaultListableBeanFactory@37918c79: defining beans [org.springframework.context.annotation.internalConfigurationAnnotationProcessor,org.springframework.context.annotation.internalAutowiredAnnotationProcessor,org.springframework.context.annotation.internalRequiredAnnotationProcessor,org.springframework.context.annotation.internalCommonAnnotationProcessor,org.springframework.context.annotation.internalPersistenceAnnotationProcessor,connectionConfigTest]; root of factory hierarchy
16:08:33.410 [main] DEBUG o.s.b.f.s.DefaultListableBeanFactory - Creating shared instance of singleton bean &apos;org.springframework.context.annotation.internalConfigurationAnnotationProcessor&apos;
16:08:33.410 [main] DEBUG o.s.b.f.s.DefaultListableBeanFactory - Creating instance of bean &apos;org.springframework.context.annotation.internalConfigurationAnnotationProcessor&apos;
16:08:33.419 [main] DEBUG o.s.b.f.s.DefaultListableBeanFactory - Eagerly caching bean &apos;org.springframework.context.annotation.internalConfigurationAnnotationProcessor&apos; to allow for resolving potential circular references
16:08:33.420 [main] DEBUG o.s.b.f.s.DefaultListableBeanFactory - Finished creating instance of bean &apos;org.springframework.context.annotation.internalConfigurationAnnotationProcessor&apos;
16:08:33.432 [main] DEBUG o.s.core.env.StandardEnvironment - Adding [systemProperties] PropertySource with lowest search precedence
16:08:33.432 [main] DEBUG o.s.core.env.StandardEnvironment - Adding [systemEnvironment] PropertySource with lowest search precedence
16:08:33.432 [main] DEBUG o.s.core.env.StandardEnvironment - Initialized StandardEnvironment with PropertySources [systemProperties,systemEnvironment]
16:08:33.433 [main] DEBUG o.s.c.a.ClassPathBeanDefinitionScanner - JSR-330 &apos;javax.inject.Named&apos; annotation found and supported for component scanning
16:08:33.438 [main] DEBUG o.s.c.i.s.PathMatchingResourcePatternResolver - Looking for matching resources in directory tree [D:\Programming Projects\TPII\musicstore\musicstore\musicstore\target\test-classes\com\startup\musicstore]
16:08:33.438 [main] DEBUG o.s.c.i.s.PathMatchingResourcePatternResolver - Searching directory [D:\Programming Projects\TPII\musicstore\musicstore\musicstore\target\test-classes\com\startup\musicstore] for files matching pattern [D:/Programming Projects/TPII/musicstore/musicstore/musicstore/target/test-classes/com/startup/musicstore/**/*.class]
16:08:33.440 [main] DEBUG o.s.c.i.s.PathMatchingResourcePatternResolver - Searching directory [D:\Programming Projects\TPII\musicstore\musicstore\musicstore\target\test-classes\com\startup\musicstore\test] for files matching pattern [D:/Programming Projects/TPII/musicstore/musicstore/musicstore/target/test-classes/com/startup/musicstore/**/*.class]
16:08:33.440 [main] DEBUG o.s.c.i.s.PathMatchingResourcePatternResolver - Searching directory [D:\Programming Projects\TPII\musicstore\musicstore\musicstore\target\test-classes\com\startup\musicstore\test\repository] for files matching pattern [D:/Programming Projects/TPII/musicstore/musicstore/musicstore/target/test-classes/com/startup/musicstore/**/*.class]
16:08:33.441 [main] DEBUG o.s.c.i.s.PathMatchingResourcePatternResolver - Searching directory [D:\Programming Projects\TPII\musicstore\musicstore\musicstore\target\test-classes\com\startup\musicstore\test\services] for files matching pattern [D:/Programming Projects/TPII/musicstore/musicstore/musicstore/target/test-classes/com/startup/musicstore/**/*.class]
16:08:33.443 [main] DEBUG o.s.c.i.s.PathMatchingResourcePatternResolver - Looking for matching resources in directory tree [D:\Programming Projects\TPII\musicstore\musicstore\musicstore\target\classes\com\startup\musicstore]
16:08:33.443 [main] DEBUG o.s.c.i.s.PathMatchingResourcePatternResolver - Searching directory [D:\Programming Projects\TPII\musicstore\musicstore\musicstore\target\classes\com\startup\musicstore] for files matching pattern [D:/Programming Projects/TPII/musicstore/musicstore/musicstore/target/classes/com/startup/musicstore/**/*.class]
16:08:33.444 [main] DEBUG o.s.c.i.s.PathMatchingResourcePatternResolver - Searching directory [D:\Programming Projects\TPII\musicstore\musicstore\musicstore\target\classes\com\startup\musicstore\app] for files matching pattern [D:/Programming Projects/TPII/musicstore/musicstore/musicstore/target/classes/com/startup/musicstore/**/*.class]
16:08:33.444 [main] DEBUG o.s.c.i.s.PathMatchingResourcePatternResolver - Searching directory [D:\Programming Projects\TPII\musicstore\musicstore\musicstore\target\classes\com\startup\musicstore\app\conf] for files matching pattern [D:/Programming Projects/TPII/musicstore/musicstore/musicstore/target/classes/com/startup/musicstore/**/*.class]
16:08:33.444 [main] DEBUG o.s.c.i.s.PathMatchingResourcePatternResolver - Searching directory [D:\Programming Projects\TPII\musicstore\musicstore\musicstore\target\classes\com\startup\musicstore\app\exceptions] for files matching pattern [D:/Programming Projects/TPII/musicstore/musicstore/musicstore/target/classes/com/startup/musicstore/**/*.class]
16:08:33.445 [main] DEBUG o.s.c.i.s.PathMatchingResourcePatternResolver - Searching directory [D:\Programming Projects\TPII\musicstore\musicstore\musicstore\target\classes\com\startup\musicstore\domain] for files matching pattern [D:/Programming Projects/TPII/musicstore/musicstore/musicstore/target/classes/com/startup/musicstore/**/*.class]
16:08:33.447 [main] DEBUG o.s.c.i.s.PathMatchingResourcePatternResolver - Searching directory [D:\Programming Projects\TPII\musicstore\musicstore\musicstore\target\classes\com\startup\musicstore\respository] for files matching pattern [D:/Programming Projects/TPII/musicstore/musicstore/musicstore/target/classes/com/startup/musicstore/**/*.class]
16:08:33.449 [main] DEBUG o.s.c.i.s.PathMatchingResourcePatternResolver - Searching directory [D:\Programming Projects\TPII\musicstore\musicstore\musicstore\target\classes\com\startup\musicstore\services] for files matching pattern [D:/Programming Projects/TPII/musicstore/musicstore/musicstore/target/classes/com/startup/musicstore/**/*.class]
16:08:33.449 [main] DEBUG o.s.c.i.s.PathMatchingResourcePatternResolver - Searching directory [D:\Programming Projects\TPII\musicstore\musicstore\musicstore\target\classes\com\startup\musicstore\services\Impl] for files matching pattern [D:/Programming Projects/TPII/musicstore/musicstore/musicstore/target/classes/com/startup/musicstore/**/*.class]
16:08:33.452 [main] DEBUG o.s.c.i.s.PathMatchingResourcePatternResolver - Resolved location pattern [classpath*:com/startup/musicstore/**/*.class] to resources [file [D:\Programming Projects\TPII\musicstore\musicstore\musicstore\target\test-classes\com\startup\musicstore\test\ConnectionConfigTest.class], file [D:\Programming Projects\TPII\musicstore\musicstore\musicstore\target\test-classes\com\startup\musicstore\test\repository\AlbumCatergoryRepositoryTest.class], file [D:\Programming Projects\TPII\musicstore\musicstore\musicstore\target\test-classes\com\startup\musicstore\test\repository\AlbumsRepositoryTest.class], file [D:\Programming Projects\TPII\musicstore\musicstore\musicstore\target\test-classes\com\startup\musicstore\test\repository\CreditCardRepositoryTest.class], file [D:\Programming Projects\TPII\musicstore\musicstore\musicstore\target\test-classes\com\startup\musicstore\test\repository\CustomerRepositoryTest.class], file [D:\Programming Projects\TPII\musicstore\musicstore\musicstore\target\test-classes\com\startup\musicstore\test\repository\MarketingInformationRepositoryTest.class], file [D:\Programming Projects\TPII\musicstore\musicstore\musicstore\target\test-classes\com\startup\musicstore\test\repository\OrderItemsRepositoryTest.class], file [D:\Programming Projects\TPII\musicstore\musicstore\musicstore\target\test-classes\com\startup\musicstore\test\repository\OrderRepositoryTest.class], file [D:\Programming Projects\TPII\musicstore\musicstore\musicstore\target\test-classes\com\startup\musicstore\test\repository\TrackRepositoryTest.class], file [D:\Programming Projects\TPII\musicstore\musicstore\musicstore\target\test-classes\com\startup\musicstore\test\services\AlbumsServicesImplTest.class], file [D:\Programming Projects\TPII\musicstore\musicstore\musicstore\target\test-classes\com\startup\musicstore\test\services\CreditCardSampleServiceTest.class], file [D:\Programming Projects\TPII\musicstore\musicstore\musicstore\target\test-classes\com\startup\musicstore\test\services\getCustDeatilsTest.class], file [D:\Programming Projects\TPII\musicstore\musicstore\musicstore\target\test-classes\com\startup\musicstore\test\services\getGenderListTest.class], file [D:\Programming Projects\TPII\musicstore\musicstore\musicstore\target\test-classes\com\startup\musicstore\test\services\GetSalesCategoryListTest.class], file [D:\Programming Projects\TPII\musicstore\musicstore\musicstore\target\test-classes\com\startup\musicstore\test\services\IncrementSalesDecrementQuantityTest.class], file [D:\Programming Projects\TPII\musicstore\musicstore\musicstore\target\test-classes\com\startup\musicstore\test\services\ReturnURLTest.class], file [D:\Programming Projects\TPII\musicstore\musicstore\musicstore\target\classes\com\startup\musicstore\app\conf\ConnectionConfig.class], file [D:\Programming Projects\TPII\musicstore\musicstore\musicstore\target\classes\com\startup\musicstore\app\exceptions\CreditCardRejectionException.class], file [D:\Programming Projects\TPII\musicstore\musicstore\musicstore\target\classes\com\startup\musicstore\app\exceptions\MarketInformationPendingException.class], file [D:\Programming Projects\TPII\musicstore\musicstore\musicstore\target\classes\com\startup\musicstore\Application.class], file [D:\Programming Projects\TPII\musicstore\musicstore\musicstore\target\classes\com\startup\musicstore\domain\AlbumCategory$1.class], file [D:\Programming Projects\TPII\musicstore\musicstore\musicstore\target\classes\com\startup\musicstore\domain\AlbumCategory$Builder.class], file [D:\Programming Projects\TPII\musicstore\musicstore\musicstore\target\classes\com\startup\musicstore\domain\AlbumCategory.class], file [D:\Programming Projects\TPII\musicstore\musicstore\musicstore\target\classes\com\startup\musicstore\domain\Albums$1.class], file [D:\Programming Projects\TPII\musicstore\musicstore\musicstore\target\classes\com\startup\musicstore\domain\Albums$Builder.class], file [D:\Programming Projects\TPII\musicstore\musicstore\musicstore\target\classes\com\startup\musicstore\domain\Albums.class], file [D:\Programming Projects\TPII\musicstore\musicstore\musicstore\target\classes\com\startup\musicstore\domain\Artist.class], file [D:\Programming Projects\TPII\musicstore\musicstore\musicstore\target\classes\com\startup\musicstore\domain\ArtistInformation.class], file [D:\Programming Projects\TPII\musicstore\musicstore\musicstore\target\classes\com\startup\musicstore\domain\Contact$1.class], file [D:\Programming Projects\TPII\musicstore\musicstore\musicstore\target\classes\com\startup\musicstore\domain\Contact$Builder.class], file [D:\Programming Projects\TPII\musicstore\musicstore\musicstore\target\classes\com\startup\musicstore\domain\Contact.class], file [D:\Programming Projects\TPII\musicstore\musicstore\musicstore\target\classes\com\startup\musicstore\domain\CreditCard$1.class], file [D:\Programming Projects\TPII\musicstore\musicstore\musicstore\target\classes\com\startup\musicstore\domain\CreditCard$Builder.class], file [D:\Programming Projects\TPII\musicstore\musicstore\musicstore\target\classes\com\startup\musicstore\domain\CreditCard.class], file [D:\Programming Projects\TPII\musicstore\musicstore\musicstore\target\classes\com\startup\musicstore\domain\Customer$1.class], file [D:\Programming Projects\TPII\musicstore\musicstore\musicstore\target\classes\com\startup\musicstore\domain\Customer$Builder.class], file [D:\Programming Projects\TPII\musicstore\musicstore\musicstore\target\classes\com\startup\musicstore\domain\Customer.class], file [D:\Programming Projects\TPII\musicstore\musicstore\musicstore\target\classes\com\startup\musicstore\domain\CustomerAddress$1.class], file [D:\Programming Projects\TPII\musicstore\musicstore\musicstore\target\classes\com\startup\musicstore\domain\CustomerAddress$Builder.class], file [D:\Programming Projects\TPII\musicstore\musicstore\musicstore\target\classes\com\startup\musicstore\domain\CustomerAddress.class], file [D:\Programming Projects\TPII\musicstore\musicstore\musicstore\target\classes\com\startup\musicstore\domain\CustomerInvoice$1.class], file [D:\Programming Projects\TPII\musicstore\musicstore\musicstore\target\classes\com\startup\musicstore\domain\CustomerInvoice$Builder.class], file [D:\Programming Projects\TPII\musicstore\musicstore\musicstore\target\classes\com\startup\musicstore\domain\CustomerInvoice.class], file [D:\Programming Projects\TPII\musicstore\musicstore\musicstore\target\classes\com\startup\musicstore\domain\Demographic$1.class], file [D:\Programming Projects\TPII\musicstore\musicstore\musicstore\target\classes\com\startup\musicstore\domain\Demographic$Builder.class], file [D:\Programming Projects\TPII\musicstore\musicstore\musicstore\target\classes\com\startup\musicstore\domain\Demographic.class], file [D:\Programming Projects\TPII\musicstore\musicstore\musicstore\target\classes\com\startup\musicstore\domain\MarketingInformation$Builder.class], file [D:\Programming Projects\TPII\musicstore\musicstore\musicstore\target\classes\com\startup\musicstore\domain\MarketingInformation.class], file [D:\Programming Projects\TPII\musicstore\musicstore\musicstore\target\classes\com\startup\musicstore\domain\Name$1.class], file [D:\Programming Projects\TPII\musicstore\musicstore\musicstore\target\classes\com\startup\musicstore\domain\Name$Builder.class], file [D:\Programming Projects\TPII\musicstore\musicstore\musicstore\target\classes\com\startup\musicstore\domain\Name.class], file [D:\Programming Projects\TPII\musicstore\musicstore\musicstore\target\classes\com\startup\musicstore\domain\Order$1.class], file [D:\Programming Projects\TPII\musicstore\musicstore\musicstore\target\classes\com\startup\musicstore\domain\Order$Builder.class], file [D:\Programming Projects\TPII\musicstore\musicstore\musicstore\target\classes\com\startup\musicstore\domain\OrderData$1.class], file [D:\Programming Projects\TPII\musicstore\musicstore\musicstore\target\classes\com\startup\musicstore\domain\OrderData$Builder.class], file [D:\Programming Projects\TPII\musicstore\musicstore\musicstore\target\classes\com\startup\musicstore\domain\OrderData.class], file [D:\Programming Projects\TPII\musicstore\musicstore\musicstore\target\classes\com\startup\musicstore\domain\OrderItem$1.class], file [D:\Programming Projects\TPII\musicstore\musicstore\musicstore\target\classes\com\startup\musicstore\domain\OrderItem$Builder.class], file [D:\Programming Projects\TPII\musicstore\musicstore\musicstore\target\classes\com\startup\musicstore\domain\OrderItem.class], file [D:\Programming Projects\TPII\musicstore\musicstore\musicstore\target\classes\com\startup\musicstore\domain\Review$1.class], file [D:\Programming Projects\TPII\musicstore\musicstore\musicstore\target\classes\com\startup\musicstore\domain\Review$Builder.class], file [D:\Programming Projects\TPII\musicstore\musicstore\musicstore\target\classes\com\startup\musicstore\domain\Review.class], file [D:\Programming Projects\TPII\musicstore\musicstore\musicstore\target\classes\com\startup\musicstore\domain\SampleClip$1.class], file [D:\Programming Projects\TPII\musicstore\musicstore\musicstore\target\classes\com\startup\musicstore\domain\SampleClip$Builder.class], file [D:\Programming Projects\TPII\musicstore\musicstore\musicstore\target\classes\com\startup\musicstore\domain\SampleClip.class], file [D:\Programming Projects\TPII\musicstore\musicstore\musicstore\target\classes\com\startup\musicstore\domain\Track$1.class], file [D:\Programming Projects\TPII\musicstore\musicstore\musicstore\target\classes\com\startup\musicstore\domain\Track$Builder.class], file [D:\Programming Projects\TPII\musicstore\musicstore\musicstore\target\classes\com\startup\musicstore\domain\Track.class], file [D:\Programming Projects\TPII\musicstore\musicstore\musicstore\target\classes\com\startup\musicstore\respository\AlbumsCatergoryRepository.class], file [D:\Programming Projects\TPII\musicstore\musicstore\musicstore\target\classes\com\startup\musicstore\respository\AlbumsRepository.class], file [D:\Programming Projects\TPII\musicstore\musicstore\musicstore\target\classes\com\startup\musicstore\respository\CreditCardRepository.class], file [D:\Programming Projects\TPII\musicstore\musicstore\musicstore\target\classes\com\startup\musicstore\respository\CustomerRepository.class], file [D:\Programming Projects\TPII\musicstore\musicstore\musicstore\target\classes\com\startup\musicstore\respository\MarketingInformationRepository.class], file [D:\Programming Projects\TPII\musicstore\musicstore\musicstore\target\classes\com\startup\musicstore\respository\OrderItemsRepository.class], file [D:\Programming Projects\TPII\musicstore\musicstore\musicstore\target\classes\com\startup\musicstore\respository\OrderRepository.class], file [D:\Programming Projects\TPII\musicstore\musicstore\musicstore\target\classes\com\startup\musicstore\respository\TrackRepository.class], file [D:\Programming Projects\TPII\musicstore\musicstore\musicstore\target\classes\com\startup\musicstore\services\CreditCardService.class], file [D:\Programming Projects\TPII\musicstore\musicstore\musicstore\target\classes\com\startup\musicstore\services\GenderListService.class], file [D:\Programming Projects\TPII\musicstore\musicstore\musicstore\target\classes\com\startup\musicstore\services\GetCustDetails.class], file [D:\Programming Projects\TPII\musicstore\musicstore\musicstore\target\classes\com\startup\musicstore\services\GetSalesCategoryList.class], file [D:\Programming Projects\TPII\musicstore\musicstore\musicstore\target\classes\com\startup\musicstore\services\Impl\AlbumsServiceImpl.class], file [D:\Programming Projects\TPII\musicstore\musicstore\musicstore\target\classes\com\startup\musicstore\services\Impl\CreditCardServiceImpl.class], file [D:\Programming Projects\TPII\musicstore\musicstore\musicstore\target\classes\com\startup\musicstore\services\Impl\GenderListImpl.class], file [D:\Programming Projects\TPII\musicstore\musicstore\musicstore\target\classes\com\startup\musicstore\services\Impl\getCustDetailsImpl.class], file [D:\Programming Projects\TPII\musicstore\musicstore\musicstore\target\classes\com\startup\musicstore\services\Impl\GetSalesCategoryListImpl.class], file [D:\Programming Projects\TPII\musicstore\musicstore\musicstore\target\classes\com\startup\musicstore\services\Impl\IncrementSaleDecrementQuantityImpl.class], file [D:\Programming Projects\TPII\musicstore\musicstore\musicstore\target\classes\com\startup\musicstore\services\Impl\RateAlbumCorImpl$VoteEnum.class], file [D:\Programming Projects\TPII\musicstore\musicstore\musicstore\target\classes\com\startup\musicstore\services\Impl\RateAlbumCorImpl.class], file [D:\Programming Projects\TPII\musicstore\musicstore\musicstore\target\classes\com\startup\musicstore\services\Impl\ReturnURLImpl.class], file [D:\Programming Projects\TPII\musicstore\musicstore\musicstore\target\classes\com\startup\musicstore\services\IncrementSalesDecrementQuantity.class], file [D:\Programming Projects\TPII\musicstore\musicstore\musicstore\target\classes\com\startup\musicstore\services\RateAlbumCOR.class], file [D:\Programming Projects\TPII\musicstore\musicstore\musicstore\target\classes\com\startup\musicstore\services\Returnratings.class], file [D:\Programming Projects\TPII\musicstore\musicstore\musicstore\target\classes\com\startup\musicstore\services\ReturnURL.class], file [D:\Programming Projects\TPII\musicstore\musicstore\musicstore\target\classes\com\startup\musicstore\services\Services.class]]
16:08:33.490 [main] DEBUG o.s.c.a.ClassPathBeanDefinitionScanner - Identified candidate component class: file [D:\Programming Projects\TPII\musicstore\musicstore\musicstore\target\classes\com\startup\musicstore\services\Impl\AlbumsServiceImpl.class]
16:08:33.490 [main] DEBUG o.s.c.a.ClassPathBeanDefinitionScanner - Identified candidate component class: file [D:\Programming Projects\TPII\musicstore\musicstore\musicstore\target\classes\com\startup\musicstore\services\Impl\CreditCardServiceImpl.class]
16:08:33.491 [main] DEBUG o.s.c.a.ClassPathBeanDefinitionScanner - Identified candidate component class: file [D:\Programming Projects\TPII\musicstore\musicstore\musicstore\target\classes\com\startup\musicstore\services\Impl\GenderListImpl.class]
16:08:33.491 [main] DEBUG o.s.c.a.ClassPathBeanDefinitionScanner - Identified candidate component class: file [D:\Programming Projects\TPII\musicstore\musicstore\musicstore\target\classes\com\startup\musicstore\services\Impl\getCustDetailsImpl.class]
16:08:33.492 [main] DEBUG o.s.c.a.ClassPathBeanDefinitionScanner - Identified candidate component class: file [D:\Programming Projects\TPII\musicstore\musicstore\musicstore\target\classes\com\startup\musicstore\services\Impl\GetSalesCategoryListImpl.class]
16:08:33.492 [main] DEBUG o.s.c.a.ClassPathBeanDefinitionScanner - Identified candidate component class: file [D:\Programming Projects\TPII\musicstore\musicstore\musicstore\target\classes\com\startup\musicstore\services\Impl\IncrementSaleDecrementQuantityImpl.class]
16:08:33.492 [main] DEBUG o.s.c.a.ClassPathBeanDefinitionScanner - Identified candidate component class: file [D:\Programming Projects\TPII\musicstore\musicstore\musicstore\target\classes\com\startup\musicstore\services\Impl\RateAlbumCorImpl.class]
16:08:33.493 [main] DEBUG o.s.c.a.ClassPathBeanDefinitionScanner - Identified candidate component class: file [D:\Programming Projects\TPII\musicstore\musicstore\musicstore\target\classes\com\startup\musicstore\services\Impl\ReturnURLImpl.class]
16:08:33.516 [main] DEBUG o.s.c.a.ConfigurationClassBeanDefinitionReader - Registered bean definition for imported @Configuration class org.springframework.transaction.annotation.ProxyTransactionManagementConfiguration
16:08:33.517 [main] DEBUG o.s.c.a.ConfigurationClassBeanDefinitionReader - Registering bean definition for @Bean method org.springframework.transaction.annotation.ProxyTransactionManagementConfiguration.org.springframework.transaction.config.internalTransactionAdvisor()
16:08:33.518 [main] DEBUG o.s.c.a.ConfigurationClassBeanDefinitionReader - Registering bean definition for @Bean method org.springframework.transaction.annotation.ProxyTransactionManagementConfiguration.transactionAttributeSource()
16:08:33.518 [main] DEBUG o.s.c.a.ConfigurationClassBeanDefinitionReader - Registering bean definition for @Bean method org.springframework.transaction.annotation.ProxyTransactionManagementConfiguration.transactionInterceptor()
16:08:33.519 [main] DEBUG o.s.c.a.ConfigurationClassBeanDefinitionReader - Registering bean definition for @Bean method com.startup.musicstore.test.ConnectionConfigTest.transactionManager()
16:08:33.519 [main] DEBUG o.s.c.a.ConfigurationClassBeanDefinitionReader - Registering bean definition for @Bean method com.startup.musicstore.test.ConnectionConfigTest.entityManagerFactory()
16:08:33.519 [main] DEBUG o.s.c.a.ConfigurationClassBeanDefinitionReader - Registering bean definition for @Bean method com.startup.musicstore.test.ConnectionConfigTest.dataSource()
16:08:33.520 [main] DEBUG o.s.c.a.ConfigurationClassBeanDefinitionReader - Registering bean definition for @Bean method com.startup.musicstore.test.ConnectionConfigTest.jpaVendorAdapter()
16:08:33.528 [main] DEBUG o.s.core.env.StandardEnvironment - Adding [systemProperties] PropertySource with lowest search precedence
16:08:33.528 [main] DEBUG o.s.core.env.StandardEnvironment - Adding [systemEnvironment] PropertySource with lowest search precedence
16:08:33.528 [main] DEBUG o.s.core.env.StandardEnvironment - Initialized StandardEnvironment with PropertySources [systemProperties,systemEnvironment]
16:08:33.530 [main] DEBUG o.s.c.i.s.PathMatchingResourcePatternResolver - Looking for matching resources in directory tree [D:\Programming Projects\TPII\musicstore\musicstore\musicstore\target\classes\com\startup\musicstore\respository]
16:08:33.530 [main] DEBUG o.s.c.i.s.PathMatchingResourcePatternResolver - Searching directory [D:\Programming Projects\TPII\musicstore\musicstore\musicstore\target\classes\com\startup\musicstore\respository] for files matching pattern [D:/Programming Projects/TPII/musicstore/musicstore/musicstore/target/classes/com/startup/musicstore/respository/**/*.class]
16:08:33.530 [main] DEBUG o.s.c.i.s.PathMatchingResourcePatternResolver - Resolved location pattern [classpath*:com/startup/musicstore/respository/**/*.class] to resources [file [D:\Programming Projects\TPII\musicstore\musicstore\musicstore\target\classes\com\startup\musicstore\respository\AlbumsCatergoryRepository.class], file [D:\Programming Projects\TPII\musicstore\musicstore\musicstore\target\classes\com\startup\musicstore\respository\AlbumsRepository.class], file [D:\Programming Projects\TPII\musicstore\musicstore\musicstore\target\classes\com\startup\musicstore\respository\CreditCardRepository.class], file [D:\Programming Projects\TPII\musicstore\musicstore\musicstore\target\classes\com\startup\musicstore\respository\CustomerRepository.class], file [D:\Programming Projects\TPII\musicstore\musicstore\musicstore\target\classes\com\startup\musicstore\respository\MarketingInformationRepository.class], file [D:\Programming Projects\TPII\musicstore\musicstore\musicstore\target\classes\com\startup\musicstore\respository\OrderItemsRepository.class], file [D:\Programming Projects\TPII\musicstore\musicstore\musicstore\target\classes\com\startup\musicstore\respository\OrderRepository.class], file [D:\Programming Projects\TPII\musicstore\musicstore\musicstore\target\classes\com\startup\musicstore\respository\TrackRepository.class]]
16:08:33.532 [main] DEBUG o.s.d.r.c.RepositoryComponentProvider - Identified candidate component class: file [D:\Programming Projects\TPII\musicstore\musicstore\musicstore\target\classes\com\startup\musicstore\respository\AlbumsCatergoryRepository.class]
16:08:33.533 [main] DEBUG o.s.d.r.c.RepositoryComponentProvider - Identified candidate component class: file [D:\Programming Projects\TPII\musicstore\musicstore\musicstore\target\classes\com\startup\musicstore\respository\AlbumsRepository.class]
16:08:33.533 [main] DEBUG o.s.d.r.c.RepositoryComponentProvider - Identified candidate component class: file [D:\Programming Projects\TPII\musicstore\musicstore\musicstore\target\classes\com\startup\musicstore\respository\CreditCardRepository.class]
16:08:33.533 [main] DEBUG o.s.d.r.c.RepositoryComponentProvider - Identified candidate component class: file [D:\Programming Projects\TPII\musicstore\musicstore\musicstore\target\classes\com\startup\musicstore\respository\CustomerRepository.class]
16:08:33.533 [main] DEBUG o.s.d.r.c.RepositoryComponentProvider - Identified candidate component class: file [D:\Programming Projects\TPII\musicstore\musicstore\musicstore\target\classes\com\startup\musicstore\respository\MarketingInformationRepository.class]
16:08:33.534 [main] DEBUG o.s.d.r.c.RepositoryComponentProvider - Identified candidate component class: file [D:\Programming Projects\TPII\musicstore\musicstore\musicstore\target\classes\com\startup\musicstore\respository\OrderItemsRepository.class]
16:08:33.534 [main] DEBUG o.s.d.r.c.RepositoryComponentProvider - Identified candidate component class: file [D:\Programming Projects\TPII\musicstore\musicstore\musicstore\target\classes\com\startup\musicstore\respository\OrderRepository.class]
16:08:33.534 [main] DEBUG o.s.d.r.c.RepositoryComponentProvider - Identified candidate component class: file [D:\Programming Projects\TPII\musicstore\musicstore\musicstore\target\classes\com\startup\musicstore\respository\TrackRepository.class]
16:08:33.536 [main] DEBUG o.s.core.env.StandardEnvironment - Adding [systemProperties] PropertySource with lowest search precedence
16:08:33.536 [main] DEBUG o.s.core.env.StandardEnvironment - Adding [systemEnvironment] PropertySource with lowest search precedence
16:08:33.537 [main] DEBUG o.s.core.env.StandardEnvironment - Initialized StandardEnvironment with PropertySources [systemProperties,systemEnvironment]
16:08:33.537 [main] DEBUG o.s.c.i.s.PathMatchingResourcePatternResolver - Looking for matching resources in directory tree [D:\Programming Projects\TPII\musicstore\musicstore\musicstore\target\classes\com\startup\musicstore\respository]
16:08:33.538 [main] DEBUG o.s.c.i.s.PathMatchingResourcePatternResolver - Searching directory [D:\Programming Projects\TPII\musicstore\musicstore\musicstore\target\classes\com\startup\musicstore\respository] for files matching pattern [D:/Programming Projects/TPII/musicstore/musicstore/musicstore/target/classes/com/startup/musicstore/respository/**/*OrderRepositoryImpl.class]
16:08:33.538 [main] DEBUG o.s.c.i.s.PathMatchingResourcePatternResolver - Resolved location pattern [classpath*:com/startup/musicstore/respository/**/*OrderRepositoryImpl.class] to resources []
16:08:33.539 [main] DEBUG o.s.d.r.c.RepositoryConfigurationDelegate - Registering repository: orderRepository - Interface: com.startup.musicstore.respository.OrderRepository - Factory: org.springframework.data.jpa.repository.support.JpaRepositoryFactoryBean
16:08:33.540 [main] DEBUG o.s.core.env.StandardEnvironment - Adding [systemProperties] PropertySource with lowest search precedence
16:08:33.540 [main] DEBUG o.s.core.env.StandardEnvironment - Adding [systemEnvironment] PropertySource with lowest search precedence
16:08:33.540 [main] DEBUG o.s.core.env.StandardEnvironment - Initialized StandardEnvironment with PropertySources [systemProperties,systemEnvironment]
16:08:33.541 [main] DEBUG o.s.c.i.s.PathMatchingResourcePatternResolver - Looking for matching resources in directory tree [D:\Programming Projects\TPII\musicstore\musicstore\musicstore\target\classes\com\startup\musicstore\respository]
16:08:33.541 [main] DEBUG o.s.c.i.s.PathMatchingResourcePatternResolver - Searching directory [D:\Programming Projects\TPII\musicstore\musicstore\musicstore\target\classes\com\startup\musicstore\respository] for files matching pattern [D:/Programming Projects/TPII/musicstore/musicstore/musicstore/target/classes/com/startup/musicstore/respository/**/*OrderItemsRepositoryImpl.class]
16:08:33.541 [main] DEBUG o.s.c.i.s.PathMatchingResourcePatternResolver - Resolved location pattern [classpath*:com/startup/musicstore/respository/**/*OrderItemsRepositoryImpl.class] to resources []
16:08:33.542 [main] DEBUG o.s.d.r.c.RepositoryConfigurationDelegate - Registering repository: orderItemsRepository - Interface: com.startup.musicstore.respository.OrderItemsRepository - Factory: org.springframework.data.jpa.repository.support.JpaRepositoryFactoryBean
16:08:33.542 [main] DEBUG o.s.core.env.StandardEnvironment - Adding [systemProperties] PropertySource with lowest search precedence
16:08:33.543 [main] DEBUG o.s.core.env.StandardEnvironment - Adding [systemEnvironment] PropertySource with lowest search precedence
16:08:33.543 [main] DEBUG o.s.core.env.StandardEnvironment - Initialized StandardEnvironment with PropertySources [systemProperties,systemEnvironment]
16:08:33.543 [main] DEBUG o.s.c.i.s.PathMatchingResourcePatternResolver - Looking for matching resources in directory tree [D:\Programming Projects\TPII\musicstore\musicstore\musicstore\target\classes\com\startup\musicstore\respository]
16:08:33.543 [main] DEBUG o.s.c.i.s.PathMatchingResourcePatternResolver - Searching directory [D:\Programming Projects\TPII\musicstore\musicstore\musicstore\target\classes\com\startup\musicstore\respository] for files matching pattern [D:/Programming Projects/TPII/musicstore/musicstore/musicstore/target/classes/com/startup/musicstore/respository/**/*MarketingInformationRepositoryImpl.class]
16:08:33.544 [main] DEBUG o.s.c.i.s.PathMatchingResourcePatternResolver - Resolved location pattern [classpath*:com/startup/musicstore/respository/**/*MarketingInformationRepositoryImpl.class] to resources []
16:08:33.544 [main] DEBUG o.s.d.r.c.RepositoryConfigurationDelegate - Registering repository: marketingInformationRepository - Interface: com.startup.musicstore.respository.MarketingInformationRepository - Factory: org.springframework.data.jpa.repository.support.JpaRepositoryFactoryBean
16:08:33.545 [main] DEBUG o.s.core.env.StandardEnvironment - Adding [systemProperties] PropertySource with lowest search precedence
16:08:33.545 [main] DEBUG o.s.core.env.StandardEnvironment - Adding [systemEnvironment] PropertySource with lowest search precedence
16:08:33.545 [main] DEBUG o.s.core.env.StandardEnvironment - Initialized StandardEnvironment with PropertySources [systemProperties,systemEnvironment]
16:08:33.545 [main] DEBUG o.s.c.i.s.PathMatchingResourcePatternResolver - Looking for matching resources in directory tree [D:\Programming Projects\TPII\musicstore\musicstore\musicstore\target\classes\com\startup\musicstore\respository]
16:08:33.545 [main] DEBUG o.s.c.i.s.PathMatchingResourcePatternResolver - Searching directory [D:\Programming Projects\TPII\musicstore\musicstore\musicstore\target\classes\com\startup\musicstore\respository] for files matching pattern [D:/Programming Projects/TPII/musicstore/musicstore/musicstore/target/classes/com/startup/musicstore/respository/**/*CustomerRepositoryImpl.class]
16:08:33.546 [main] DEBUG o.s.c.i.s.PathMatchingResourcePatternResolver - Resolved location pattern [classpath*:com/startup/musicstore/respository/**/*CustomerRepositoryImpl.class] to resources []
16:08:33.546 [main] DEBUG o.s.d.r.c.RepositoryConfigurationDelegate - Registering repository: customerRepository - Interface: com.startup.musicstore.respository.CustomerRepository - Factory: org.springframework.data.jpa.repository.support.JpaRepositoryFactoryBean
16:08:33.547 [main] DEBUG o.s.core.env.StandardEnvironment - Adding [systemProperties] PropertySource with lowest search precedence
16:08:33.547 [main] DEBUG o.s.core.env.StandardEnvironment - Adding [systemEnvironment] PropertySource with lowest search precedence
16:08:33.547 [main] DEBUG o.s.core.env.StandardEnvironment - Initialized StandardEnvironment with PropertySources [systemProperties,systemEnvironment]
16:08:33.547 [main] DEBUG o.s.c.i.s.PathMatchingResourcePatternResolver - Looking for matching resources in directory tree [D:\Programming Projects\TPII\musicstore\musicstore\musicstore\target\classes\com\startup\musicstore\respository]
16:08:33.547 [main] DEBUG o.s.c.i.s.PathMatchingResourcePatternResolver - Searching directory [D:\Programming Projects\TPII\musicstore\musicstore\musicstore\target\classes\com\startup\musicstore\respository] for files matching pattern [D:/Programming Projects/TPII/musicstore/musicstore/musicstore/target/classes/com/startup/musicstore/respository/**/*CreditCardRepositoryImpl.class]
16:08:33.548 [main] DEBUG o.s.c.i.s.PathMatchingResourcePatternResolver - Resolved location pattern [classpath*:com/startup/musicstore/respository/**/*CreditCardRepositoryImpl.class] to resources []
16:08:33.549 [main] DEBUG o.s.d.r.c.RepositoryConfigurationDelegate - Registering repository: creditCardRepository - Interface: com.startup.musicstore.respository.CreditCardRepository - Factory: org.springframework.data.jpa.repository.support.JpaRepositoryFactoryBean
16:08:33.549 [main] DEBUG o.s.core.env.StandardEnvironment - Adding [systemProperties] PropertySource with lowest search precedence
16:08:33.550 [main] DEBUG o.s.core.env.StandardEnvironment - Adding [systemEnvironment] PropertySource with lowest search precedence
16:08:33.550 [main] DEBUG o.s.core.env.StandardEnvironment - Initialized StandardEnvironment with PropertySources [systemProperties,systemEnvironment]
16:08:33.551 [main] DEBUG o.s.c.i.s.PathMatchingResourcePatternResolver - Looking for matching resources in directory tree [D:\Programming Projects\TPII\musicstore\musicstore\musicstore\target\classes\com\startup\musicstore\respository]
16:08:33.551 [main] DEBUG o.s.c.i.s.PathMatchingResourcePatternResolver - Searching directory [D:\Programming Projects\TPII\musicstore\musicstore\musicstore\target\classes\com\startup\musicstore\respository] for files matching pattern [D:/Programming Projects/TPII/musicstore/musicstore/musicstore/target/classes/com/startup/musicstore/respository/**/*TrackRepositoryImpl.class]
16:08:33.551 [main] DEBUG o.s.c.i.s.PathMatchingResourcePatternResolver - Resolved location pattern [classpath*:com/startup/musicstore/respository/**/*TrackRepositoryImpl.class] to resources []
16:08:33.552 [main] DEBUG o.s.d.r.c.RepositoryConfigurationDelegate - Registering repository: trackRepository - Interface: com.startup.musicstore.respository.TrackRepository - Factory: org.springframework.data.jpa.repository.support.JpaRepositoryFactoryBean
16:08:33.555 [main] DEBUG o.s.core.env.StandardEnvironment - Adding [systemProperties] PropertySource with lowest search precedence
16:08:33.555 [main] DEBUG o.s.core.env.StandardEnvironment - Adding [systemEnvironment] PropertySource with lowest search precedence
16:08:33.556 [main] DEBUG o.s.core.env.StandardEnvironment - Initialized StandardEnvironment with PropertySources [systemProperties,systemEnvironment]
16:08:33.557 [main] DEBUG o.s.c.i.s.PathMatchingResourcePatternResolver - Looking for matching resources in directory tree [D:\Programming Projects\TPII\musicstore\musicstore\musicstore\target\classes\com\startup\musicstore\respository]
16:08:33.557 [main] DEBUG o.s.c.i.s.PathMatchingResourcePatternResolver - Searching directory [D:\Programming Projects\TPII\musicstore\musicstore\musicstore\target\classes\com\startup\musicstore\respository] for files matching pattern [D:/Programming Projects/TPII/musicstore/musicstore/musicstore/target/classes/com/startup/musicstore/respository/**/*AlbumsCatergoryRepositoryImpl.class]
16:08:33.558 [main] DEBUG o.s.c.i.s.PathMatchingResourcePatternResolver - Resolved location pattern [classpath*:com/startup/musicstore/respository/**/*AlbumsCatergoryRepositoryImpl.class] to resources []
16:08:33.559 [main] DEBUG o.s.d.r.c.RepositoryConfigurationDelegate - Registering repository: albumsCatergoryRepository - Interface: com.startup.musicstore.respository.AlbumsCatergoryRepository - Factory: org.springframework.data.jpa.repository.support.JpaRepositoryFactoryBean
16:08:33.560 [main] DEBUG o.s.core.env.StandardEnvironment - Adding [systemProperties] PropertySource with lowest search precedence
16:08:33.560 [main] DEBUG o.s.core.env.StandardEnvironment - Adding [systemEnvironment] PropertySource with lowest search precedence
16:08:33.561 [main] DEBUG o.s.core.env.StandardEnvironment - Initialized StandardEnvironment with PropertySources [systemProperties,systemEnvironment]
16:08:33.562 [main] DEBUG o.s.c.i.s.PathMatchingResourcePatternResolver - Looking for matching resources in directory tree [D:\Programming Projects\TPII\musicstore\musicstore\musicstore\target\classes\com\startup\musicstore\respository]
16:08:33.562 [main] DEBUG o.s.c.i.s.PathMatchingResourcePatternResolver - Searching directory [D:\Programming Projects\TPII\musicstore\musicstore\musicstore\target\classes\com\startup\musicstore\respository] for files matching pattern [D:/Programming Projects/TPII/musicstore/musicstore/musicstore/target/classes/com/startup/musicstore/respository/**/*AlbumsRepositoryImpl.class]
16:08:33.563 [main] DEBUG o.s.c.i.s.PathMatchingResourcePatternResolver - Resolved location pattern [classpath*:com/startup/musicstore/respository/**/*AlbumsRepositoryImpl.class] to resources []
16:08:33.563 [main] DEBUG o.s.d.r.c.RepositoryConfigurationDelegate - Registering repository: albumsRepository - Interface: com.startup.musicstore.respository.AlbumsRepository - Factory: org.springframework.data.jpa.repository.support.JpaRepositoryFactoryBean
16:08:33.615 [main] DEBUG o.s.c.a.ConfigurationClassEnhancer - Successfully enhanced com.startup.musicstore.test.ConnectionConfigTest; enhanced class name is: com.startup.musicstore.test.ConnectionConfigTest$$EnhancerBySpringCGLIB$$82b8f4d6
16:08:33.615 [main] DEBUG o.s.c.a.ConfigurationClassPostProcessor - Replacing bean definition &apos;connectionConfigTest&apos; existing class name &apos;com.startup.musicstore.test.ConnectionConfigTest&apos; with enhanced class name &apos;com.startup.musicstore.test.ConnectionConfigTest$$EnhancerBySpringCGLIB$$82b8f4d6&apos;
16:08:33.618 [main] DEBUG o.s.c.a.ConfigurationClassEnhancer - Successfully enhanced org.springframework.transaction.annotation.ProxyTransactionManagementConfiguration; enhanced class name is: org.springframework.transaction.annotation.ProxyTransactionManagementConfiguration$$EnhancerBySpringCGLIB$$133bd977
16:08:33.618 [main] DEBUG o.s.c.a.ConfigurationClassPostProcessor - Replacing bean definition &apos;org.springframework.transaction.annotation.ProxyTransactionManagementConfiguration&apos; existing class name &apos;org.springframework.transaction.annotation.ProxyTransactionManagementConfiguration&apos; with enhanced class name &apos;org.springframework.transaction.annotation.ProxyTransactionManagementConfiguration$$EnhancerBySpringCGLIB$$133bd977&apos;
16:08:33.620 [main] DEBUG o.s.b.f.s.DefaultListableBeanFactory - Creating shared instance of singleton bean &apos;org.springframework.data.jpa.repository.support.EntityManagerBeanDefinitionRegistrarPostProcessor#0&apos;
16:08:33.621 [main] DEBUG o.s.b.f.s.DefaultListableBeanFactory - Creating instance of bean &apos;org.springframework.data.jpa.repository.support.EntityManagerBeanDefinitionRegistrarPostProcessor#0&apos;
16:08:33.621 [main] DEBUG o.s.b.f.s.DefaultListableBeanFactory - Eagerly caching bean &apos;org.springframework.data.jpa.repository.support.EntityManagerBeanDefinitionRegistrarPostProcessor#0&apos; to allow for resolving potential circular references
16:08:33.621 [main] DEBUG o.s.b.f.s.DefaultListableBeanFactory - Finished creating instance of bean &apos;org.springframework.data.jpa.repository.support.EntityManagerBeanDefinitionRegistrarPostProcessor#0&apos;
16:08:33.629 [main] DEBUG o.s.b.f.s.DefaultListableBeanFactory - Creating shared instance of singleton bean &apos;org.springframework.context.annotation.internalAutowiredAnnotationProcessor&apos;
16:08:33.629 [main] DEBUG o.s.b.f.s.DefaultListableBeanFactory - Creating instance of bean &apos;org.springframework.context.annotation.internalAutowiredAnnotationProcessor&apos;
16:08:33.630 [main] INFO  o.s.b.f.a.AutowiredAnnotationBeanPostProcessor - JSR-330 &apos;javax.inject.Inject&apos; annotation found and supported for autowiring
16:08:33.630 [main] DEBUG o.s.b.f.s.DefaultListableBeanFactory - Eagerly caching bean &apos;org.springframework.context.annotation.internalAutowiredAnnotationProcessor&apos; to allow for resolving potential circular references
16:08:33.630 [main] DEBUG o.s.b.f.s.DefaultListableBeanFactory - Finished creating instance of bean &apos;org.springframework.context.annotation.internalAutowiredAnnotationProcessor&apos;
16:08:33.630 [main] DEBUG o.s.b.f.s.DefaultListableBeanFactory - Creating shared instance of singleton bean &apos;org.springframework.context.annotation.internalRequiredAnnotationProcessor&apos;
16:08:33.630 [main] DEBUG o.s.b.f.s.DefaultListableBeanFactory - Creating instance of bean &apos;org.springframework.context.annotation.internalRequiredAnnotationProcessor&apos;
16:08:33.630 [main] DEBUG o.s.b.f.s.DefaultListableBeanFactory - Eagerly caching bean &apos;org.springframework.context.annotation.internalRequiredAnnotationProcessor&apos; to allow for resolving potential circular references
16:08:33.631 [main] DEBUG o.s.b.f.s.DefaultListableBeanFactory - Finished creating instance of bean &apos;org.springframework.context.annotation.internalRequiredAnnotationProcessor&apos;
16:08:33.633 [main] DEBUG o.s.b.f.s.DefaultListableBeanFactory - Creating shared instance of singleton bean &apos;org.springframework.context.annotation.internalCommonAnnotationProcessor&apos;
16:08:33.633 [main] DEBUG o.s.b.f.s.DefaultListableBeanFactory - Creating instance of bean &apos;org.springframework.context.annotation.internalCommonAnnotationProcessor&apos;
16:08:33.636 [main] DEBUG o.s.b.f.s.DefaultListableBeanFactory - Eagerly caching bean &apos;org.springframework.context.annotation.internalCommonAnnotationProcessor&apos; to allow for resolving potential circular references
16:08:33.637 [main] DEBUG o.s.b.f.s.DefaultListableBeanFactory - Finished creating instance of bean &apos;org.springframework.context.annotation.internalCommonAnnotationProcessor&apos;
16:08:33.637 [main] DEBUG o.s.b.f.s.DefaultListableBeanFactory - Creating shared instance of singleton bean &apos;org.springframework.context.annotation.internalPersistenceAnnotationProcessor&apos;
16:08:33.637 [main] DEBUG o.s.b.f.s.DefaultListableBeanFactory - Creating instance of bean &apos;org.springframework.context.annotation.internalPersistenceAnnotationProcessor&apos;
16:08:33.638 [main] DEBUG o.s.b.f.s.DefaultListableBeanFactory - Eagerly caching bean &apos;org.springframework.context.annotation.internalPersistenceAnnotationProcessor&apos; to allow for resolving potential circular references
16:08:33.639 [main] DEBUG o.s.b.f.s.DefaultListableBeanFactory - Finished creating instance of bean &apos;org.springframework.context.annotation.internalPersistenceAnnotationProcessor&apos;
16:08:33.639 [main] DEBUG o.s.b.f.s.DefaultListableBeanFactory - Creating shared instance of singleton bean &apos;org.springframework.context.annotation.ConfigurationClassPostProcessor.importAwareProcessor&apos;
16:08:33.639 [main] DEBUG o.s.b.f.s.DefaultListableBeanFactory - Creating instance of bean &apos;org.springframework.context.annotation.ConfigurationClassPostProcessor.importAwareProcessor&apos;
16:08:33.639 [main] DEBUG o.s.b.f.s.DefaultListableBeanFactory - Eagerly caching bean &apos;org.springframework.context.annotation.ConfigurationClassPostProcessor.importAwareProcessor&apos; to allow for resolving potential circular references
16:08:33.639 [main] DEBUG o.s.b.f.s.DefaultListableBeanFactory - Finished creating instance of bean &apos;org.springframework.context.annotation.ConfigurationClassPostProcessor.importAwareProcessor&apos;
16:08:33.639 [main] DEBUG o.s.b.f.s.DefaultListableBeanFactory - Creating shared instance of singleton bean &apos;org.springframework.context.annotation.ConfigurationClassPostProcessor.enhancedConfigurationProcessor&apos;
16:08:33.639 [main] DEBUG o.s.b.f.s.DefaultListableBeanFactory - Creating instance of bean &apos;org.springframework.context.annotation.ConfigurationClassPostProcessor.enhancedConfigurationProcessor&apos;
16:08:33.639 [main] DEBUG o.s.b.f.s.DefaultListableBeanFactory - Eagerly caching bean &apos;org.springframework.context.annotation.ConfigurationClassPostProcessor.enhancedConfigurationProcessor&apos; to allow for resolving potential circular references
16:08:33.639 [main] DEBUG o.s.b.f.s.DefaultListableBeanFactory - Finished creating instance of bean &apos;org.springframework.context.annotation.ConfigurationClassPostProcessor.enhancedConfigurationProcessor&apos;
16:08:33.640 [main] DEBUG o.s.b.f.s.DefaultListableBeanFactory - Creating shared instance of singleton bean &apos;org.springframework.data.repository.core.support.RepositoryInterfaceAwareBeanPostProcessor#0&apos;
16:08:33.640 [main] DEBUG o.s.b.f.s.DefaultListableBeanFactory - Creating instance of bean &apos;org.springframework.data.repository.core.support.RepositoryInterfaceAwareBeanPostProcessor#0&apos;
16:08:33.640 [main] DEBUG o.s.b.f.s.DefaultListableBeanFactory - Eagerly caching bean &apos;org.springframework.data.repository.core.support.RepositoryInterfaceAwareBeanPostProcessor#0&apos; to allow for resolving potential circular references
16:08:33.640 [main] DEBUG o.s.b.f.s.DefaultListableBeanFactory - Finished creating instance of bean &apos;org.springframework.data.repository.core.support.RepositoryInterfaceAwareBeanPostProcessor#0&apos;
16:08:33.640 [main] DEBUG o.s.b.f.s.DefaultListableBeanFactory - Creating shared instance of singleton bean &apos;org.springframework.aop.config.internalAutoProxyCreator&apos;
16:08:33.640 [main] DEBUG o.s.b.f.s.DefaultListableBeanFactory - Creating instance of bean &apos;org.springframework.aop.config.internalAutoProxyCreator&apos;
16:08:33.647 [main] DEBUG o.s.b.f.s.DefaultListableBeanFactory - Eagerly caching bean &apos;org.springframework.aop.config.internalAutoProxyCreator&apos; to allow for resolving potential circular references
16:08:33.665 [main] DEBUG o.s.b.f.s.DefaultListableBeanFactory - Finished creating instance of bean &apos;org.springframework.aop.config.internalAutoProxyCreator&apos;
16:08:33.667 [main] DEBUG o.s.c.a.AnnotationConfigApplicationContext - Unable to locate MessageSource with name &apos;messageSource&apos;: using default [org.springframework.context.support.DelegatingMessageSource@662b4c69]
16:08:33.669 [main] DEBUG o.s.c.a.AnnotationConfigApplicationContext - Unable to locate ApplicationEventMulticaster with name &apos;applicationEventMulticaster&apos;: using default [org.springframework.context.event.SimpleApplicationEventMulticaster@156b88f5]
16:08:33.673 [main] DEBUG o.s.b.f.s.DefaultListableBeanFactory - Creating shared instance of singleton bean &apos;entityManagerFactory&apos;
16:08:33.673 [main] DEBUG o.s.b.f.s.DefaultListableBeanFactory - Creating instance of bean &apos;entityManagerFactory&apos;
16:08:33.675 [main] DEBUG o.s.b.f.s.DefaultListableBeanFactory - Creating shared instance of singleton bean &apos;connectionConfigTest&apos;
16:08:33.675 [main] DEBUG o.s.b.f.s.DefaultListableBeanFactory - Creating instance of bean &apos;connectionConfigTest&apos;
16:08:33.676 [main] DEBUG o.s.b.f.s.DefaultListableBeanFactory - Eagerly caching bean &apos;connectionConfigTest&apos; to allow for resolving potential circular references
16:08:33.680 [main] DEBUG o.s.b.f.s.DefaultListableBeanFactory - Creating shared instance of singleton bean &apos;org.springframework.transaction.config.internalTransactionAdvisor&apos;
16:08:33.680 [main] DEBUG o.s.b.f.s.DefaultListableBeanFactory - Creating instance of bean &apos;org.springframework.transaction.config.internalTransactionAdvisor&apos;
16:08:33.680 [main] DEBUG o.s.b.f.s.DefaultListableBeanFactory - Creating shared instance of singleton bean &apos;org.springframework.transaction.annotation.ProxyTransactionManagementConfiguration&apos;
16:08:33.680 [main] DEBUG o.s.b.f.s.DefaultListableBeanFactory - Creating instance of bean &apos;org.springframework.transaction.annotation.ProxyTransactionManagementConfiguration&apos;
16:08:33.683 [main] DEBUG o.s.b.f.annotation.InjectionMetadata - Registered injected element on class [org.springframework.transaction.annotation.ProxyTransactionManagementConfiguration$$EnhancerBySpringCGLIB$$133bd977]: AutowiredMethodElement for void org.springframework.transaction.annotation.AbstractTransactionManagementConfiguration.setConfigurers(java.util.Collection)
16:08:33.683 [main] DEBUG o.s.b.f.s.DefaultListableBeanFactory - Eagerly caching bean &apos;org.springframework.transaction.annotation.ProxyTransactionManagementConfiguration&apos; to allow for resolving potential circular references
16:08:33.685 [main] DEBUG o.s.b.f.annotation.InjectionMetadata - Processing injected method of bean &apos;org.springframework.transaction.annotation.ProxyTransactionManagementConfiguration&apos;: AutowiredMethodElement for void org.springframework.transaction.annotation.AbstractTransactionManagementConfiguration.setConfigurers(java.util.Collection)
16:08:33.693 [main] DEBUG o.s.b.f.s.DefaultListableBeanFactory - Returning cached instance of singleton bean &apos;org.springframework.context.annotation.ConfigurationClassPostProcessor.importRegistry&apos;
16:08:33.694 [main] DEBUG o.s.a.f.a.BeanFactoryAdvisorRetrievalHelper - Skipping currently created advisor &apos;org.springframework.transaction.config.internalTransactionAdvisor&apos;
16:08:33.695 [main] DEBUG o.s.b.f.s.DefaultListableBeanFactory - Finished creating instance of bean &apos;org.springframework.transaction.annotation.ProxyTransactionManagementConfiguration&apos;
16:08:33.708 [main] DEBUG o.s.b.f.s.DefaultListableBeanFactory - Creating shared instance of singleton bean &apos;transactionAttributeSource&apos;
16:08:33.708 [main] DEBUG o.s.b.f.s.DefaultListableBeanFactory - Creating instance of bean &apos;transactionAttributeSource&apos;
16:08:33.708 [main] DEBUG o.s.b.f.s.DefaultListableBeanFactory - Returning cached instance of singleton bean &apos;org.springframework.transaction.annotation.ProxyTransactionManagementConfiguration&apos;
16:08:33.713 [main] DEBUG o.s.b.f.s.DefaultListableBeanFactory - Eagerly caching bean &apos;transactionAttributeSource&apos; to allow for resolving potential circular references
16:08:33.715 [main] DEBUG o.s.a.f.a.BeanFactoryAdvisorRetrievalHelper - Skipping currently created advisor &apos;org.springframework.transaction.config.internalTransactionAdvisor&apos;
16:08:33.715 [main] DEBUG o.s.b.f.s.DefaultListableBeanFactory - Finished creating instance of bean &apos;transactionAttributeSource&apos;
16:08:33.716 [main] DEBUG o.s.b.f.s.DefaultListableBeanFactory - Creating shared instance of singleton bean &apos;transactionInterceptor&apos;
16:08:33.716 [main] DEBUG o.s.b.f.s.DefaultListableBeanFactory - Creating instance of bean &apos;transactionInterceptor&apos;
16:08:33.716 [main] DEBUG o.s.b.f.s.DefaultListableBeanFactory - Returning cached instance of singleton bean &apos;org.springframework.transaction.annotation.ProxyTransactionManagementConfiguration&apos;
16:08:33.718 [main] DEBUG o.s.b.f.s.DefaultListableBeanFactory - Returning cached instance of singleton bean &apos;transactionAttributeSource&apos;
16:08:33.721 [main] DEBUG o.s.b.f.s.DefaultListableBeanFactory - Eagerly caching bean &apos;transactionInterceptor&apos; to allow for resolving potential circular references
16:08:33.726 [main] DEBUG o.s.b.f.s.DefaultListableBeanFactory - Invoking afterPropertiesSet() on bean with name &apos;transactionInterceptor&apos;
16:08:33.726 [main] DEBUG o.s.b.f.s.DefaultListableBeanFactory - Finished creating instance of bean &apos;transactionInterceptor&apos;
16:08:33.727 [main] DEBUG o.s.b.f.s.DefaultListableBeanFactory - Eagerly caching bean &apos;org.springframework.transaction.config.internalTransactionAdvisor&apos; to allow for resolving potential circular references
16:08:33.730 [main] DEBUG o.s.b.f.s.DefaultListableBeanFactory - Finished creating instance of bean &apos;org.springframework.transaction.config.internalTransactionAdvisor&apos;
16:08:33.732 [main] DEBUG o.s.b.f.s.DefaultListableBeanFactory - Finished creating instance of bean &apos;connectionConfigTest&apos;
16:08:33.735 [main] DEBUG o.s.b.f.s.DefaultListableBeanFactory - Creating shared instance of singleton bean &apos;dataSource&apos;
16:08:33.735 [main] DEBUG o.s.b.f.s.DefaultListableBeanFactory - Creating instance of bean &apos;dataSource&apos;
16:08:33.735 [main] DEBUG o.s.b.f.s.DefaultListableBeanFactory - Returning cached instance of singleton bean &apos;connectionConfigTest&apos;
16:08:33.767 [main] DEBUG o.s.b.f.s.DefaultListableBeanFactory - Eagerly caching bean &apos;dataSource&apos; to allow for resolving potential circular references
16:08:33.773 [main] DEBUG o.s.b.f.s.DefaultListableBeanFactory - Returning cached instance of singleton bean &apos;org.springframework.transaction.config.internalTransactionAdvisor&apos;
16:08:33.776 [main] DEBUG o.s.b.f.s.DefaultListableBeanFactory - Finished creating instance of bean &apos;dataSource&apos;
16:08:33.777 [main] DEBUG o.s.b.f.s.DefaultListableBeanFactory - Creating shared instance of singleton bean &apos;jpaVendorAdapter&apos;
16:08:33.777 [main] DEBUG o.s.b.f.s.DefaultListableBeanFactory - Creating instance of bean &apos;jpaVendorAdapter&apos;
16:08:33.777 [main] DEBUG o.s.b.f.s.DefaultListableBeanFactory - Returning cached instance of singleton bean &apos;connectionConfigTest&apos;
16:08:33.801 [main] DEBUG org.jboss.logging - Logging Provider: org.jboss.logging.Slf4jLoggerProvider
16:08:33.804 [main] DEBUG o.s.b.f.s.DefaultListableBeanFactory - Eagerly caching bean &apos;jpaVendorAdapter&apos; to allow for resolving potential circular references
16:08:33.807 [main] DEBUG o.s.b.f.s.DefaultListableBeanFactory - Returning cached instance of singleton bean &apos;org.springframework.transaction.config.internalTransactionAdvisor&apos;
16:08:33.808 [main] DEBUG o.s.b.f.s.DefaultListableBeanFactory - Finished creating instance of bean &apos;jpaVendorAdapter&apos;
16:08:33.808 [main] DEBUG o.s.b.f.s.DefaultListableBeanFactory - Autowiring by type from bean name &apos;entityManagerFactory&apos; via factory method to bean named &apos;dataSource&apos;
16:08:33.808 [main] DEBUG o.s.b.f.s.DefaultListableBeanFactory - Autowiring by type from bean name &apos;entityManagerFactory&apos; via factory method to bean named &apos;jpaVendorAdapter&apos;
16:08:33.814 [main] DEBUG o.s.b.f.s.DefaultListableBeanFactory - Eagerly caching bean &apos;entityManagerFactory&apos; to allow for resolving potential circular references
16:08:33.820 [main] DEBUG o.s.b.f.s.DefaultListableBeanFactory - Invoking afterPropertiesSet() on bean with name &apos;entityManagerFactory&apos;
16:08:33.826 [main] DEBUG o.s.c.i.s.PathMatchingResourcePatternResolver - Looking for matching resources in directory tree [D:\Programming Projects\TPII\musicstore\musicstore\musicstore\target\classes\com\startup\musicstore\domain]
16:08:33.826 [main] DEBUG o.s.c.i.s.PathMatchingResourcePatternResolver - Searching directory [D:\Programming Projects\TPII\musicstore\musicstore\musicstore\target\classes\com\startup\musicstore\domain] for files matching pattern [D:/Programming Projects/TPII/musicstore/musicstore/musicstore/target/classes/com/startup/musicstore/domain/**/*.class]
16:08:33.829 [main] DEBUG o.s.c.i.s.PathMatchingResourcePatternResolver - Resolved location pattern [classpath*:com/startup/musicstore/domain/**/*.class] to resources [file [D:\Programming Projects\TPII\musicstore\musicstore\musicstore\target\classes\com\startup\musicstore\domain\AlbumCategory$1.class], file [D:\Programming Projects\TPII\musicstore\musicstore\musicstore\target\classes\com\startup\musicstore\domain\AlbumCategory$Builder.class], file [D:\Programming Projects\TPII\musicstore\musicstore\musicstore\target\classes\com\startup\musicstore\domain\AlbumCategory.class], file [D:\Programming Projects\TPII\musicstore\musicstore\musicstore\target\classes\com\startup\musicstore\domain\Albums$1.class], file [D:\Programming Projects\TPII\musicstore\musicstore\musicstore\target\classes\com\startup\musicstore\domain\Albums$Builder.class], file [D:\Programming Projects\TPII\musicstore\musicstore\musicstore\target\classes\com\startup\musicstore\domain\Albums.class], file [D:\Programming Projects\TPII\musicstore\musicstore\musicstore\target\classes\com\startup\musicstore\domain\Artist.class], file [D:\Programming Projects\TPII\musicstore\musicstore\musicstore\target\classes\com\startup\musicstore\domain\ArtistInformation.class], file [D:\Programming Projects\TPII\musicstore\musicstore\musicstore\target\classes\com\startup\musicstore\domain\Contact$1.class], file [D:\Programming Projects\TPII\musicstore\musicstore\musicstore\target\classes\com\startup\musicstore\domain\Contact$Builder.class], file [D:\Programming Projects\TPII\musicstore\musicstore\musicstore\target\classes\com\startup\musicstore\domain\Contact.class], file [D:\Programming Projects\TPII\musicstore\musicstore\musicstore\target\classes\com\startup\musicstore\domain\CreditCard$1.class], file [D:\Programming Projects\TPII\musicstore\musicstore\musicstore\target\classes\com\startup\musicstore\domain\CreditCard$Builder.class], file [D:\Programming Projects\TPII\musicstore\musicstore\musicstore\target\classes\com\startup\musicstore\domain\CreditCard.class], file [D:\Programming Projects\TPII\musicstore\musicstore\musicstore\target\classes\com\startup\musicstore\domain\Customer$1.class], file [D:\Programming Projects\TPII\musicstore\musicstore\musicstore\target\classes\com\startup\musicstore\domain\Customer$Builder.class], file [D:\Programming Projects\TPII\musicstore\musicstore\musicstore\target\classes\com\startup\musicstore\domain\Customer.class], file [D:\Programming Projects\TPII\musicstore\musicstore\musicstore\target\classes\com\startup\musicstore\domain\CustomerAddress$1.class], file [D:\Programming Projects\TPII\musicstore\musicstore\musicstore\target\classes\com\startup\musicstore\domain\CustomerAddress$Builder.class], file [D:\Programming Projects\TPII\musicstore\musicstore\musicstore\target\classes\com\startup\musicstore\domain\CustomerAddress.class], file [D:\Programming Projects\TPII\musicstore\musicstore\musicstore\target\classes\com\startup\musicstore\domain\CustomerInvoice$1.class], file [D:\Programming Projects\TPII\musicstore\musicstore\musicstore\target\classes\com\startup\musicstore\domain\CustomerInvoice$Builder.class], file [D:\Programming Projects\TPII\musicstore\musicstore\musicstore\target\classes\com\startup\musicstore\domain\CustomerInvoice.class], file [D:\Programming Projects\TPII\musicstore\musicstore\musicstore\target\classes\com\startup\musicstore\domain\Demographic$1.class], file [D:\Programming Projects\TPII\musicstore\musicstore\musicstore\target\classes\com\startup\musicstore\domain\Demographic$Builder.class], file [D:\Programming Projects\TPII\musicstore\musicstore\musicstore\target\classes\com\startup\musicstore\domain\Demographic.class], file [D:\Programming Projects\TPII\musicstore\musicstore\musicstore\target\classes\com\startup\musicstore\domain\MarketingInformation$Builder.class], file [D:\Programming Projects\TPII\musicstore\musicstore\musicstore\target\classes\com\startup\musicstore\domain\MarketingInformation.class], file [D:\Programming Projects\TPII\musicstore\musicstore\musicstore\target\classes\com\startup\musicstore\domain\Name$1.class], file [D:\Programming Projects\TPII\musicstore\musicstore\musicstore\target\classes\com\startup\musicstore\domain\Name$Builder.class], file [D:\Programming Projects\TPII\musicstore\musicstore\musicstore\target\classes\com\startup\musicstore\domain\Name.class], file [D:\Programming Projects\TPII\musicstore\musicstore\musicstore\target\classes\com\startup\musicstore\domain\Order$1.class], file [D:\Programming Projects\TPII\musicstore\musicstore\musicstore\target\classes\com\startup\musicstore\domain\Order$Builder.class], file [D:\Programming Projects\TPII\musicstore\musicstore\musicstore\target\classes\com\startup\musicstore\domain\OrderData$1.class], file [D:\Programming Projects\TPII\musicstore\musicstore\musicstore\target\classes\com\startup\musicstore\domain\OrderData$Builder.class], file [D:\Programming Projects\TPII\musicstore\musicstore\musicstore\target\classes\com\startup\musicstore\domain\OrderData.class], file [D:\Programming Projects\TPII\musicstore\musicstore\musicstore\target\classes\com\startup\musicstore\domain\OrderItem$1.class], file [D:\Programming Projects\TPII\musicstore\musicstore\musicstore\target\classes\com\startup\musicstore\domain\OrderItem$Builder.class], file [D:\Programming Projects\TPII\musicstore\musicstore\musicstore\target\classes\com\startup\musicstore\domain\OrderItem.class], file [D:\Programming Projects\TPII\musicstore\musicstore\musicstore\target\classes\com\startup\musicstore\domain\Review$1.class], file [D:\Programming Projects\TPII\musicstore\musicstore\musicstore\target\classes\com\startup\musicstore\domain\Review$Builder.class], file [D:\Programming Projects\TPII\musicstore\musicstore\musicstore\target\classes\com\startup\musicstore\domain\Review.class], file [D:\Programming Projects\TPII\musicstore\musicstore\musicstore\target\classes\com\startup\musicstore\domain\SampleClip$1.class], file [D:\Programming Projects\TPII\musicstore\musicstore\musicstore\target\classes\com\startup\musicstore\domain\SampleClip$Builder.class], file [D:\Programming Projects\TPII\musicstore\musicstore\musicstore\target\classes\com\startup\musicstore\domain\SampleClip.class], file [D:\Programming Projects\TPII\musicstore\musicstore\musicstore\target\classes\com\startup\musicstore\domain\Track$1.class], file [D:\Programming Projects\TPII\musicstore\musicstore\musicstore\target\classes\com\startup\musicstore\domain\Track$Builder.class], file [D:\Programming Projects\TPII\musicstore\musicstore\musicstore\target\classes\com\startup\musicstore\domain\Track.class]]
16:08:33.838 [main] INFO  o.s.o.j.LocalContainerEntityManagerFactoryBean - Building JPA container EntityManagerFactory for persistence unit &apos;default&apos;
16:08:33.853 [main] DEBUG o.h.jpa.internal.util.LogHelper - PersistenceUnitInfo [
	name: default
	persistence provider classname: null
	classloader: sun.misc.Launcher$AppClassLoader@6bc7c054
	excludeUnlistedClasses: true
	JTA datasource: null
	Non JTA datasource: org.apache.commons.dbcp.BasicDataSource@3e0e1046
	Transaction type: RESOURCE_LOCAL
	PU root URL: file:/D:/Programming%20Projects/TPII/musicstore/musicstore/musicstore/target/test-classes/
	Shared Cache Mode: UNSPECIFIED
	Validation Mode: AUTO
	Jar files URLs []
	Managed classes names [
		com.startup.musicstore.domain.AlbumCategory
		com.startup.musicstore.domain.Albums
		com.startup.musicstore.domain.Artist
		com.startup.musicstore.domain.ArtistInformation
		com.startup.musicstore.domain.Contact
		com.startup.musicstore.domain.CreditCard
		com.startup.musicstore.domain.Customer
		com.startup.musicstore.domain.CustomerAddress
		com.startup.musicstore.domain.CustomerInvoice
		com.startup.musicstore.domain.Demographic
		com.startup.musicstore.domain.MarketingInformation
		com.startup.musicstore.domain.Name
		com.startup.musicstore.domain.OrderData
		com.startup.musicstore.domain.OrderItem
		com.startup.musicstore.domain.Review
		com.startup.musicstore.domain.SampleClip
		com.startup.musicstore.domain.Track]
	Mapping files names []
	Properties []
16:08:33.863 [main] DEBUG o.h.i.internal.IntegratorServiceImpl - Adding Integrator [org.hibernate.cfg.beanvalidation.BeanValidationIntegrator].
16:08:33.865 [main] DEBUG o.h.i.internal.IntegratorServiceImpl - Adding Integrator [org.hibernate.secure.spi.JaccIntegrator].
16:08:33.865 [main] DEBUG o.h.i.internal.IntegratorServiceImpl - Adding Integrator [org.hibernate.cache.internal.CollectionCacheInvalidator].
16:08:33.866 [main] DEBUG o.h.i.internal.IntegratorServiceImpl - Adding Integrator [org.hibernate.jpa.event.spi.JpaIntegrator].
16:08:33.873 [main] DEBUG o.h.b.r.s.i.StrategySelectorImpl - Registering named strategy selector [org.hibernate.dialect.Dialect] : [MySQL5] -&gt; [org.hibernate.dialect.MySQL5Dialect] (replacing [org.hibernate.dialect.MySQL5Dialect])
16:08:33.873 [main] DEBUG o.h.b.r.s.i.StrategySelectorImpl - Registering named strategy selector [org.hibernate.dialect.Dialect] : [MySQL5InnoDB] -&gt; [org.hibernate.dialect.MySQL5InnoDBDialect] (replacing [org.hibernate.dialect.MySQL5InnoDBDialect])
16:08:33.897 [main] INFO  org.hibernate.Version - HHH000412: Hibernate Core {4.3.5.Final}
16:08:33.898 [main] INFO  org.hibernate.cfg.Environment - HHH000206: hibernate.properties not found
16:08:33.899 [main] INFO  org.hibernate.cfg.Environment - HHH000021: Bytecode provider name : javassist
16:08:33.965 [main] DEBUG o.h.service.spi.ServiceBinding - Overriding existing service binding [org.hibernate.secure.spi.JaccService]
16:08:33.982 [main] DEBUG org.hibernate.type.BasicTypeRegistry - Adding type registration boolean -&gt; org.hibernate.type.BooleanType@bcef303
16:08:33.982 [main] DEBUG org.hibernate.type.BasicTypeRegistry - Adding type registration boolean -&gt; org.hibernate.type.BooleanType@bcef303
16:08:33.982 [main] DEBUG org.hibernate.type.BasicTypeRegistry - Adding type registration java.lang.Boolean -&gt; org.hibernate.type.BooleanType@bcef303
16:08:33.983 [main] DEBUG org.hibernate.type.BasicTypeRegistry - Adding type registration numeric_boolean -&gt; org.hibernate.type.NumericBooleanType@a87f8ec
16:08:33.984 [main] DEBUG org.hibernate.type.BasicTypeRegistry - Adding type registration true_false -&gt; org.hibernate.type.TrueFalseType@39655d3e
16:08:33.984 [main] DEBUG org.hibernate.type.BasicTypeRegistry - Adding type registration yes_no -&gt; org.hibernate.type.YesNoType@7dda48d9
16:08:33.985 [main] DEBUG org.hibernate.type.BasicTypeRegistry - Adding type registration byte -&gt; org.hibernate.type.ByteType@2a62b5bc
16:08:33.985 [main] DEBUG org.hibernate.type.BasicTypeRegistry - Adding type registration byte -&gt; org.hibernate.type.ByteType@2a62b5bc
16:08:33.985 [main] DEBUG org.hibernate.type.BasicTypeRegistry - Adding type registration java.lang.Byte -&gt; org.hibernate.type.ByteType@2a62b5bc
16:08:33.986 [main] DEBUG org.hibernate.type.BasicTypeRegistry - Adding type registration character -&gt; org.hibernate.type.CharacterType@4ce1d6d0
16:08:33.986 [main] DEBUG org.hibernate.type.BasicTypeRegistry - Adding type registration char -&gt; org.hibernate.type.CharacterType@4ce1d6d0
16:08:33.986 [main] DEBUG org.hibernate.type.BasicTypeRegistry - Adding type registration java.lang.Character -&gt; org.hibernate.type.CharacterType@4ce1d6d0
16:08:33.987 [main] DEBUG org.hibernate.type.BasicTypeRegistry - Adding type registration short -&gt; org.hibernate.type.ShortType@7b94089b
16:08:33.987 [main] DEBUG org.hibernate.type.BasicTypeRegistry - Adding type registration short -&gt; org.hibernate.type.ShortType@7b94089b
16:08:33.987 [main] DEBUG org.hibernate.type.BasicTypeRegistry - Adding type registration java.lang.Short -&gt; org.hibernate.type.ShortType@7b94089b
16:08:33.988 [main] DEBUG org.hibernate.type.BasicTypeRegistry - Adding type registration integer -&gt; org.hibernate.type.IntegerType@561868a0
16:08:33.988 [main] DEBUG org.hibernate.type.BasicTypeRegistry - Adding type registration int -&gt; org.hibernate.type.IntegerType@561868a0
16:08:33.988 [main] DEBUG org.hibernate.type.BasicTypeRegistry - Adding type registration java.lang.Integer -&gt; org.hibernate.type.IntegerType@561868a0
16:08:33.989 [main] DEBUG org.hibernate.type.BasicTypeRegistry - Adding type registration long -&gt; org.hibernate.type.LongType@42bc14c1
16:08:33.989 [main] DEBUG org.hibernate.type.BasicTypeRegistry - Adding type registration long -&gt; org.hibernate.type.LongType@42bc14c1
16:08:33.989 [main] DEBUG org.hibernate.type.BasicTypeRegistry - Adding type registration java.lang.Long -&gt; org.hibernate.type.LongType@42bc14c1
16:08:33.990 [main] DEBUG org.hibernate.type.BasicTypeRegistry - Adding type registration float -&gt; org.hibernate.type.FloatType@1afdd473
16:08:33.990 [main] DEBUG org.hibernate.type.BasicTypeRegistry - Adding type registration float -&gt; org.hibernate.type.FloatType@1afdd473
16:08:33.990 [main] DEBUG org.hibernate.type.BasicTypeRegistry - Adding type registration java.lang.Float -&gt; org.hibernate.type.FloatType@1afdd473
16:08:33.991 [main] DEBUG org.hibernate.type.BasicTypeRegistry - Adding type registration double -&gt; org.hibernate.type.DoubleType@2f1de2d6
16:08:33.991 [main] DEBUG org.hibernate.type.BasicTypeRegistry - Adding type registration double -&gt; org.hibernate.type.DoubleType@2f1de2d6
16:08:33.991 [main] DEBUG org.hibernate.type.BasicTypeRegistry - Adding type registration java.lang.Double -&gt; org.hibernate.type.DoubleType@2f1de2d6
16:08:33.992 [main] DEBUG org.hibernate.type.BasicTypeRegistry - Adding type registration big_decimal -&gt; org.hibernate.type.BigDecimalType@4c51cf28
16:08:33.992 [main] DEBUG org.hibernate.type.BasicTypeRegistry - Adding type registration java.math.BigDecimal -&gt; org.hibernate.type.BigDecimalType@4c51cf28
16:08:33.993 [main] DEBUG org.hibernate.type.BasicTypeRegistry - Adding type registration big_integer -&gt; org.hibernate.type.BigIntegerType@3e7dd664
16:08:33.993 [main] DEBUG org.hibernate.type.BasicTypeRegistry - Adding type registration java.math.BigInteger -&gt; org.hibernate.type.BigIntegerType@3e7dd664
16:08:33.994 [main] DEBUG org.hibernate.type.BasicTypeRegistry - Adding type registration string -&gt; org.hibernate.type.StringType@3549bca9
16:08:33.994 [main] DEBUG org.hibernate.type.BasicTypeRegistry - Adding type registration java.lang.String -&gt; org.hibernate.type.StringType@3549bca9
16:08:33.995 [main] DEBUG org.hibernate.type.BasicTypeRegistry - Adding type registration nstring -&gt; org.hibernate.type.StringNVarcharType@74bada02
16:08:33.995 [main] DEBUG org.hibernate.type.BasicTypeRegistry - Adding type registration ncharacter -&gt; org.hibernate.type.CharacterNCharType@6ad3381f
16:08:33.996 [main] DEBUG org.hibernate.type.BasicTypeRegistry - Adding type registration url -&gt; org.hibernate.type.UrlType@4b14918a
16:08:33.996 [main] DEBUG org.hibernate.type.BasicTypeRegistry - Adding type registration java.net.URL -&gt; org.hibernate.type.UrlType@4b14918a
16:08:33.997 [main] DEBUG org.hibernate.type.BasicTypeRegistry - Adding type registration date -&gt; org.hibernate.type.DateType@134d26af
16:08:33.997 [main] DEBUG org.hibernate.type.BasicTypeRegistry - Adding type registration java.sql.Date -&gt; org.hibernate.type.DateType@134d26af
16:08:33.998 [main] DEBUG org.hibernate.type.BasicTypeRegistry - Adding type registration time -&gt; org.hibernate.type.TimeType@7862f56
16:08:33.998 [main] DEBUG org.hibernate.type.BasicTypeRegistry - Adding type registration java.sql.Time -&gt; org.hibernate.type.TimeType@7862f56
16:08:33.999 [main] DEBUG org.hibernate.type.BasicTypeRegistry - Adding type registration timestamp -&gt; org.hibernate.type.TimestampType@33fe57a9
16:08:33.999 [main] DEBUG org.hibernate.type.BasicTypeRegistry - Adding type registration java.sql.Timestamp -&gt; org.hibernate.type.TimestampType@33fe57a9
16:08:33.999 [main] DEBUG org.hibernate.type.BasicTypeRegistry - Adding type registration java.util.Date -&gt; org.hibernate.type.TimestampType@33fe57a9
16:08:34.000 [main] DEBUG org.hibernate.type.BasicTypeRegistry - Adding type registration dbtimestamp -&gt; org.hibernate.type.DbTimestampType@4f1bfe23
16:08:34.000 [main] DEBUG org.hibernate.type.BasicTypeRegistry - Adding type registration calendar -&gt; org.hibernate.type.CalendarType@22295ec4
16:08:34.000 [main] DEBUG org.hibernate.type.BasicTypeRegistry - Adding type registration java.util.Calendar -&gt; org.hibernate.type.CalendarType@22295ec4
16:08:34.000 [main] DEBUG org.hibernate.type.BasicTypeRegistry - Adding type registration java.util.GregorianCalendar -&gt; org.hibernate.type.CalendarType@22295ec4
16:08:34.001 [main] DEBUG org.hibernate.type.BasicTypeRegistry - Adding type registration calendar_date -&gt; org.hibernate.type.CalendarDateType@1a760689
16:08:34.001 [main] DEBUG org.hibernate.type.BasicTypeRegistry - Adding type registration locale -&gt; org.hibernate.type.LocaleType@2250b9f2
16:08:34.001 [main] DEBUG org.hibernate.type.BasicTypeRegistry - Adding type registration java.util.Locale -&gt; org.hibernate.type.LocaleType@2250b9f2
16:08:34.002 [main] DEBUG org.hibernate.type.BasicTypeRegistry - Adding type registration currency -&gt; org.hibernate.type.CurrencyType@8dbfffb
16:08:34.002 [main] DEBUG org.hibernate.type.BasicTypeRegistry - Adding type registration java.util.Currency -&gt; org.hibernate.type.CurrencyType@8dbfffb
16:08:34.003 [main] DEBUG org.hibernate.type.BasicTypeRegistry - Adding type registration timezone -&gt; org.hibernate.type.TimeZoneType@59b38691
16:08:34.003 [main] DEBUG org.hibernate.type.BasicTypeRegistry - Adding type registration java.util.TimeZone -&gt; org.hibernate.type.TimeZoneType@59b38691
16:08:34.003 [main] DEBUG org.hibernate.type.BasicTypeRegistry - Adding type registration class -&gt; org.hibernate.type.ClassType@7502291e
16:08:34.003 [main] DEBUG org.hibernate.type.BasicTypeRegistry - Adding type registration java.lang.Class -&gt; org.hibernate.type.ClassType@7502291e
16:08:34.004 [main] DEBUG org.hibernate.type.BasicTypeRegistry - Adding type registration uuid-binary -&gt; org.hibernate.type.UUIDBinaryType@79c7532f
16:08:34.004 [main] DEBUG org.hibernate.type.BasicTypeRegistry - Adding type registration java.util.UUID -&gt; org.hibernate.type.UUIDBinaryType@79c7532f
16:08:34.004 [main] DEBUG org.hibernate.type.BasicTypeRegistry - Adding type registration uuid-char -&gt; org.hibernate.type.UUIDCharType@43f82e78
16:08:34.005 [main] DEBUG org.hibernate.type.BasicTypeRegistry - Adding type registration pg-uuid -&gt; org.hibernate.type.PostgresUUIDType@517566b
16:08:34.005 [main] DEBUG org.hibernate.type.BasicTypeRegistry - Adding type registration binary -&gt; org.hibernate.type.BinaryType@4ff4357f
16:08:34.005 [main] DEBUG org.hibernate.type.BasicTypeRegistry - Adding type registration byte[] -&gt; org.hibernate.type.BinaryType@4ff4357f
16:08:34.005 [main] DEBUG org.hibernate.type.BasicTypeRegistry - Adding type registration [B -&gt; org.hibernate.type.BinaryType@4ff4357f
16:08:34.006 [main] DEBUG org.hibernate.type.BasicTypeRegistry - Adding type registration wrapper-binary -&gt; org.hibernate.type.WrapperBinaryType@146587a2
16:08:34.006 [main] DEBUG org.hibernate.type.BasicTypeRegistry - Adding type registration Byte[] -&gt; org.hibernate.type.WrapperBinaryType@146587a2
16:08:34.006 [main] DEBUG org.hibernate.type.BasicTypeRegistry - Adding type registration [Ljava.lang.Byte; -&gt; org.hibernate.type.WrapperBinaryType@146587a2
16:08:34.007 [main] DEBUG org.hibernate.type.BasicTypeRegistry - Adding type registration image -&gt; org.hibernate.type.ImageType@16c63f5
16:08:34.007 [main] DEBUG org.hibernate.type.BasicTypeRegistry - Adding type registration characters -&gt; org.hibernate.type.CharArrayType@4879dfad
16:08:34.007 [main] DEBUG org.hibernate.type.BasicTypeRegistry - Adding type registration char[] -&gt; org.hibernate.type.CharArrayType@4879dfad
16:08:34.007 [main] DEBUG org.hibernate.type.BasicTypeRegistry - Adding type registration [C -&gt; org.hibernate.type.CharArrayType@4879dfad
[...]
16:08:35.242 [main] DEBUG o.h.e.t.i.jdbc.JdbcTransaction - re-enabling autocommit
16:08:35.242 [main] DEBUG o.s.orm.jpa.JpaTransactionManager - Closing JPA EntityManager [org.hibernate.jpa.internal.EntityManagerImpl@65bdd558] after transaction
16:08:35.242 [main] DEBUG o.s.o.jpa.EntityManagerFactoryUtils - Closing JPA EntityManager
16:08:35.242 [main] DEBUG o.h.e.j.i.LogicalConnectionImpl - Releasing JDBC connection
16:08:35.242 [main] DEBUG o.h.e.j.i.LogicalConnectionImpl - Released JDBC connection
16:08:35.243 [main] DEBUG o.s.d.r.c.s.TransactionalRepositoryProxyPostProcessor$CustomAnnotationTransactionAttributeSource - Adding transactional method &apos;findAll&apos; with attribute: PROPAGATION_REQUIRED,ISOLATION_DEFAULT,readOnly; &apos;&apos;
16:08:35.243 [main] DEBUG o.s.b.f.s.DefaultListableBeanFactory - Returning cached instance of singleton bean &apos;transactionManager&apos;
16:08:35.243 [main] DEBUG o.s.orm.jpa.JpaTransactionManager - Creating new transaction with name [org.springframework.data.jpa.repository.support.SimpleJpaRepository.findAll]: PROPAGATION_REQUIRED,ISOLATION_DEFAULT,readOnly; &apos;&apos;
16:08:35.243 [main] DEBUG o.s.orm.jpa.JpaTransactionManager - Opened new EntityManager [org.hibernate.jpa.internal.EntityManagerImpl@4ac86d6a] for JPA transaction
16:08:35.243 [main] DEBUG o.h.e.t.spi.AbstractTransactionImpl - begin
16:08:35.243 [main] DEBUG o.h.e.j.i.LogicalConnectionImpl - Obtaining JDBC connection
16:08:35.243 [main] DEBUG o.h.e.j.i.LogicalConnectionImpl - Obtained JDBC connection
16:08:35.243 [main] DEBUG o.h.e.t.i.jdbc.JdbcTransaction - initial autocommit status: true
16:08:35.243 [main] DEBUG o.h.e.t.i.jdbc.JdbcTransaction - disabling autocommit
16:08:35.243 [main] DEBUG o.s.orm.jpa.JpaTransactionManager - Exposing JPA transaction as JDBC transaction [org.springframework.orm.jpa.vendor.HibernateJpaDialect$HibernateConnectionHandle@3d904e9c]
16:08:35.251 [main] DEBUG o.h.jpa.criteria.CriteriaQueryImpl - Rendered criteria query -&gt; select generatedAlias0 from Albums as generatedAlias0
16:08:35.275 [main] DEBUG o.h.h.i.ast.QueryTranslatorImpl - parse() - HQL: select generatedAlias0 from com.startup.musicstore.domain.Albums as generatedAlias0
16:08:35.280 [main] DEBUG o.h.h.i.ast.QueryTranslatorImpl - --- HQL AST ---
 \-[QUERY] Node: &apos;query&apos;
    \-[SELECT_FROM] Node: &apos;SELECT_FROM&apos;
       +-[FROM] Node: &apos;from&apos;
       |  \-[RANGE] Node: &apos;RANGE&apos;
       |     +-[DOT] Node: &apos;.&apos;
       |     |  +-[DOT] Node: &apos;.&apos;
       |     |  |  +-[DOT] Node: &apos;.&apos;
       |     |  |  |  +-[DOT] Node: &apos;.&apos;
       |     |  |  |  |  +-[IDENT] Node: &apos;com&apos;
       |     |  |  |  |  \-[IDENT] Node: &apos;startup&apos;
       |     |  |  |  \-[IDENT] Node: &apos;musicstore&apos;
       |     |  |  \-[IDENT] Node: &apos;domain&apos;
       |     |  \-[IDENT] Node: &apos;Albums&apos;
       |     \-[ALIAS] Node: &apos;generatedAlias0&apos;
       \-[SELECT] Node: &apos;select&apos;
          \-[IDENT] Node: &apos;generatedAlias0&apos;

16:08:35.280 [main] DEBUG o.h.hql.internal.ast.ErrorCounter - throwQueryException() : no errors
16:08:35.292 [main] DEBUG o.h.h.i.antlr.HqlSqlBaseWalker - select &lt;&lt; begin [level=1, statement=select]
16:08:35.300 [main] DEBUG o.h.h.internal.ast.tree.FromElement - FromClause{level=1} : com.startup.musicstore.domain.Albums (generatedAlias0) -&gt; albums0_
16:08:35.301 [main] DEBUG o.h.h.i.ast.tree.FromReferenceNode - Resolved : generatedAlias0 -&gt; albums0_.id
16:08:35.302 [main] DEBUG o.h.h.i.antlr.HqlSqlBaseWalker - select : finishing up [level=1, statement=select]
16:08:35.302 [main] DEBUG o.h.hql.internal.ast.HqlSqlWalker - processQuery() :  ( SELECT ( {select clause} albums0_.id ) ( FromClause{level=1} Albums albums0_ ) )
16:08:35.305 [main] DEBUG o.h.h.i.ast.util.JoinProcessor - Using FROM fragment [Albums albums0_]
16:08:35.306 [main] DEBUG o.h.h.i.antlr.HqlSqlBaseWalker - select &gt;&gt; end [level=1, statement=select]
16:08:35.306 [main] DEBUG o.h.h.i.ast.QueryTranslatorImpl - --- SQL AST ---
 \-[SELECT] QueryNode: &apos;SELECT&apos;  querySpaces (Albums)
    +-[SELECT_CLAUSE] SelectClause: &apos;{select clause}&apos;
    |  +-[ALIAS_REF] IdentNode: &apos;albums0_.id as id1_1_&apos; {alias=generatedAlias0, className=com.startup.musicstore.domain.Albums, tableAlias=albums0_}
    |  \-[SQL_TOKEN] SqlFragment: &apos;albums0_.albumTitle as albumTit2_1_, albums0_.category as category6_1_, albums0_.marketing as marketin7_1_, albums0_.inventory as inventor3_1_, albums0_.sales as sales4_1_, albums0_.unitPrice as unitPric5_1_&apos;
    \-[FROM] FromClause: &apos;from&apos; FromClause{level=1, fromElementCounter=1, fromElements=1, fromElementByClassAlias=[generatedAlias0], fromElementByTableAlias=[albums0_], fromElementsByPath=[], collectionJoinFromElementsByPath=[], impliedElements=[]}
       \-[FROM_FRAGMENT] FromElement: &apos;Albums albums0_&apos; FromElement{explicit,not a collection join,not a fetch join,fetch non-lazy properties,classAlias=generatedAlias0,role=null,tableName=Albums,tableAlias=albums0_,origin=null,columns={,className=com.startup.musicstore.domain.Albums}}

16:08:35.306 [main] DEBUG o.h.hql.internal.ast.ErrorCounter - throwQueryException() : no errors
16:08:35.310 [main] DEBUG o.h.h.i.ast.QueryTranslatorImpl - HQL: select generatedAlias0 from com.startup.musicstore.domain.Albums as generatedAlias0
16:08:35.310 [main] DEBUG o.h.h.i.ast.QueryTranslatorImpl - SQL: select albums0_.id as id1_1_, albums0_.albumTitle as albumTit2_1_, albums0_.category as category6_1_, albums0_.marketing as marketin7_1_, albums0_.inventory as inventor3_1_, albums0_.sales as sales4_1_, albums0_.unitPrice as unitPric5_1_ from Albums albums0_
16:08:35.310 [main] DEBUG o.h.hql.internal.ast.ErrorCounter - throwQueryException() : no errors
16:08:35.317 [main] DEBUG o.s.d.j.r.s.CrudMethodMetadataPostProcessor$ThreadBoundTargetSource - Initializing lazy target object
16:08:35.320 [main] DEBUG org.hibernate.SQL - select albums0_.id as id1_1_, albums0_.albumTitle as albumTit2_1_, albums0_.category as category6_1_, albums0_.marketing as marketin7_1_, albums0_.inventory as inventor3_1_, albums0_.sales as sales4_1_, albums0_.unitPrice as unitPric5_1_ from Albums albums0_
16:08:35.320 [main] DEBUG org.hibernate.loader.Loader - Result set row: 0
16:08:35.321 [main] DEBUG org.hibernate.loader.Loader - Result row: EntityKey[com.startup.musicstore.domain.Albums#1]
16:08:35.323 [main] DEBUG org.hibernate.loader.Loader - Result set row: 1
16:08:35.323 [main] DEBUG org.hibernate.loader.Loader - Result row: EntityKey[com.startup.musicstore.domain.Albums#2]
16:08:35.323 [main] DEBUG org.hibernate.loader.Loader - Result set row: 2
16:08:35.323 [main] DEBUG org.hibernate.loader.Loader - Result row: EntityKey[com.startup.musicstore.domain.Albums#3]
16:08:35.323 [main] DEBUG org.hibernate.loader.Loader - Result set row: 3
16:08:35.323 [main] DEBUG org.hibernate.loader.Loader - Result row: EntityKey[com.startup.musicstore.domain.Albums#4]
16:08:35.323 [main] DEBUG org.hibernate.loader.Loader - Result set row: 4
16:08:35.324 [main] DEBUG org.hibernate.loader.Loader - Result row: EntityKey[com.startup.musicstore.domain.Albums#5]
16:08:35.324 [main] DEBUG o.h.engine.internal.TwoPhaseLoad - Resolving associations for [com.startup.musicstore.domain.Albums#1]
16:08:35.325 [main] DEBUG org.hibernate.SQL - select albumcateg0_.id as id1_0_0_, albumcateg0_.categoryName as category2_0_0_ from AlbumCategory albumcateg0_ where albumcateg0_.id=?
16:08:35.327 [main] DEBUG o.h.l.p.e.p.i.ResultSetProcessorImpl - Starting ResultSet row #0
16:08:35.327 [main] DEBUG o.h.l.p.e.p.i.EntityReferenceInitializerImpl - On call to EntityIdentifierReaderImpl#resolve, EntityKey was already known; should only happen on root returns with an optional identifier specified
16:08:35.328 [main] DEBUG o.h.engine.internal.TwoPhaseLoad - Resolving associations for [com.startup.musicstore.domain.AlbumCategory#1]
16:08:35.328 [main] DEBUG o.h.engine.internal.TwoPhaseLoad - Done materializing entity [com.startup.musicstore.domain.AlbumCategory#1]
16:08:35.328 [main] DEBUG o.h.l.e.p.AbstractLoadPlanBasedEntityLoader - Done entity load : com.startup.musicstore.domain.AlbumCategory#1
16:08:35.332 [main] DEBUG o.h.engine.internal.TwoPhaseLoad - Done materializing entity [com.startup.musicstore.domain.Albums#1]
16:08:35.332 [main] DEBUG o.h.engine.internal.TwoPhaseLoad - Resolving associations for [com.startup.musicstore.domain.Albums#2]
16:08:35.332 [main] DEBUG org.hibernate.SQL - select marketingi0_.id as id1_4_0_, marketingi0_.firstName as firstNam2_4_0_, marketingi0_.lastName as lastName3_4_0_, marketingi0_.description as descript4_4_0_, marketingi0_.rating as rating5_4_0_, marketingi0_.statusOfInformation as statusOf6_4_0_ from MarketingInformation marketingi0_ where marketingi0_.id=?
16:08:35.332 [main] DEBUG o.h.l.p.e.p.i.ResultSetProcessorImpl - Starting ResultSet row #0
16:08:35.332 [main] DEBUG o.h.l.p.e.p.i.EntityReferenceInitializerImpl - On call to EntityIdentifierReaderImpl#resolve, EntityKey was already known; should only happen on root returns with an optional identifier specified
16:08:35.332 [main] DEBUG o.h.engine.internal.TwoPhaseLoad - Resolving associations for [com.startup.musicstore.domain.MarketingInformation#1]
16:08:35.332 [main] DEBUG o.h.engine.internal.TwoPhaseLoad - Done materializing entity [com.startup.musicstore.domain.MarketingInformation#1]
16:08:35.332 [main] DEBUG o.h.l.e.p.AbstractLoadPlanBasedEntityLoader - Done entity load : com.startup.musicstore.domain.MarketingInformation#1
16:08:35.332 [main] DEBUG o.h.engine.internal.TwoPhaseLoad - Done materializing entity [com.startup.musicstore.domain.Albums#2]
16:08:35.333 [main] DEBUG o.h.engine.internal.TwoPhaseLoad - Resolving associations for [com.startup.musicstore.domain.Albums#3]
16:08:35.333 [main] DEBUG org.hibernate.SQL - select albumcateg0_.id as id1_0_0_, albumcateg0_.categoryName as category2_0_0_ from AlbumCategory albumcateg0_ where albumcateg0_.id=?
16:08:35.333 [main] DEBUG o.h.l.p.e.p.i.ResultSetProcessorImpl - Starting ResultSet row #0
16:08:35.333 [main] DEBUG o.h.l.p.e.p.i.EntityReferenceInitializerImpl - On call to EntityIdentifierReaderImpl#resolve, EntityKey was already known; should only happen on root returns with an optional identifier specified
16:08:35.333 [main] DEBUG o.h.engine.internal.TwoPhaseLoad - Resolving associations for [com.startup.musicstore.domain.AlbumCategory#2]
16:08:35.333 [main] DEBUG o.h.engine.internal.TwoPhaseLoad - Done materializing entity [com.startup.musicstore.domain.AlbumCategory#2]
16:08:35.333 [main] DEBUG o.h.l.e.p.AbstractLoadPlanBasedEntityLoader - Done entity load : com.startup.musicstore.domain.AlbumCategory#2
16:08:35.333 [main] DEBUG o.h.engine.internal.TwoPhaseLoad - Done materializing entity [com.startup.musicstore.domain.Albums#3]
16:08:35.333 [main] DEBUG o.h.engine.internal.TwoPhaseLoad - Resolving associations for [com.startup.musicstore.domain.Albums#4]
16:08:35.333 [main] DEBUG o.h.engine.internal.TwoPhaseLoad - Done materializing entity [com.startup.musicstore.domain.Albums#4]
16:08:35.333 [main] DEBUG o.h.engine.internal.TwoPhaseLoad - Resolving associations for [com.startup.musicstore.domain.Albums#5]
16:08:35.333 [main] DEBUG org.hibernate.SQL - select albumcateg0_.id as id1_0_0_, albumcateg0_.categoryName as category2_0_0_ from AlbumCategory albumcateg0_ where albumcateg0_.id=?
16:08:35.334 [main] DEBUG o.h.l.p.e.p.i.ResultSetProcessorImpl - Starting ResultSet row #0
16:08:35.334 [main] DEBUG o.h.l.p.e.p.i.EntityReferenceInitializerImpl - On call to EntityIdentifierReaderImpl#resolve, EntityKey was already known; should only happen on root returns with an optional identifier specified
16:08:35.334 [main] DEBUG o.h.engine.internal.TwoPhaseLoad - Resolving associations for [com.startup.musicstore.domain.AlbumCategory#3]
16:08:35.334 [main] DEBUG o.h.engine.internal.TwoPhaseLoad - Done materializing entity [com.startup.musicstore.domain.AlbumCategory#3]
16:08:35.334 [main] DEBUG o.h.l.e.p.AbstractLoadPlanBasedEntityLoader - Done entity load : com.startup.musicstore.domain.AlbumCategory#3
16:08:35.334 [main] DEBUG o.h.engine.internal.TwoPhaseLoad - Done materializing entity [com.startup.musicstore.domain.Albums#5]
16:08:35.334 [main] DEBUG o.h.l.c.p.AbstractLoadPlanBasedCollectionInitializer - Loading collection: [com.startup.musicstore.domain.Albums.tracks#5]
16:08:35.335 [main] DEBUG org.hibernate.SQL - select tracks0_.tracks as tracks5_1_0_, tracks0_.id as id1_7_0_, tracks0_.id as id1_7_1_, tracks0_.sampleURL as sampleUR2_7_1_, tracks0_.trackTitle as trackTit3_7_1_, tracks0_.tracknumber as tracknum4_7_1_ from Track tracks0_ where tracks0_.tracks=?
16:08:35.335 [main] DEBUG o.h.l.p.e.p.i.ResultSetProcessorImpl - Preparing collection intializer : [com.startup.musicstore.domain.Albums.tracks#5]
16:08:35.336 [main] DEBUG o.h.e.l.i.CollectionLoadContext - 1 collections were found in result set for role: com.startup.musicstore.domain.Albums.tracks
16:08:35.336 [main] DEBUG o.h.e.l.i.CollectionLoadContext - Collection fully initialized: [com.startup.musicstore.domain.Albums.tracks#5]
16:08:35.336 [main] DEBUG o.h.e.l.i.CollectionLoadContext - 1 collections initialized for role: com.startup.musicstore.domain.Albums.tracks
16:08:35.336 [main] DEBUG o.h.l.c.p.AbstractLoadPlanBasedCollectionInitializer - Done loading collection
16:08:35.337 [main] DEBUG o.h.l.c.p.AbstractLoadPlanBasedCollectionInitializer - Loading collection: [com.startup.musicstore.domain.Albums.tracks#4]
16:08:35.337 [main] DEBUG org.hibernate.SQL - select tracks0_.tracks as tracks5_1_0_, tracks0_.id as id1_7_0_, tracks0_.id as id1_7_1_, tracks0_.sampleURL as sampleUR2_7_1_, tracks0_.trackTitle as trackTit3_7_1_, tracks0_.tracknumber as tracknum4_7_1_ from Track tracks0_ where tracks0_.tracks=?
16:08:35.337 [main] DEBUG o.h.l.p.e.p.i.ResultSetProcessorImpl - Preparing collection intializer : [com.startup.musicstore.domain.Albums.tracks#4]
16:08:35.337 [main] DEBUG o.h.l.p.e.p.i.ResultSetProcessorImpl - Starting ResultSet row #0
16:08:35.337 [main] DEBUG o.h.l.p.e.p.i.CollectionReferenceInitializerImpl - Found row of collection: [com.startup.musicstore.domain.Albums.tracks#4]
16:08:35.337 [main] DEBUG o.h.l.p.e.p.i.ResultSetProcessorImpl - Starting ResultSet row #1
16:08:35.337 [main] DEBUG o.h.l.p.e.p.i.CollectionReferenceInitializerImpl - Found row of collection: [com.startup.musicstore.domain.Albums.tracks#4]
16:08:35.338 [main] DEBUG o.h.engine.internal.TwoPhaseLoad - Resolving associations for [com.startup.musicstore.domain.Track#1]
16:08:35.338 [main] DEBUG o.h.engine.internal.TwoPhaseLoad - Done materializing entity [com.startup.musicstore.domain.Track#1]
16:08:35.338 [main] DEBUG o.h.engine.internal.TwoPhaseLoad - Resolving associations for [com.startup.musicstore.domain.Track#2]
16:08:35.338 [main] DEBUG o.h.engine.internal.TwoPhaseLoad - Done materializing entity [com.startup.musicstore.domain.Track#2]
16:08:35.338 [main] DEBUG o.h.e.l.i.CollectionLoadContext - 1 collections were found in result set for role: com.startup.musicstore.domain.Albums.tracks
16:08:35.338 [main] DEBUG o.h.e.l.i.CollectionLoadContext - Collection fully initialized: [com.startup.musicstore.domain.Albums.tracks#4]
16:08:35.338 [main] DEBUG o.h.e.l.i.CollectionLoadContext - 1 collections initialized for role: com.startup.musicstore.domain.Albums.tracks
16:08:35.338 [main] DEBUG o.h.l.c.p.AbstractLoadPlanBasedCollectionInitializer - Done loading collection
16:08:35.338 [main] DEBUG o.h.l.c.p.AbstractLoadPlanBasedCollectionInitializer - Loading collection: [com.startup.musicstore.domain.Albums.tracks#3]
16:08:35.338 [main] DEBUG org.hibernate.SQL - select tracks0_.tracks as tracks5_1_0_, tracks0_.id as id1_7_0_, tracks0_.id as id1_7_1_, tracks0_.sampleURL as sampleUR2_7_1_, tracks0_.trackTitle as trackTit3_7_1_, tracks0_.tracknumber as tracknum4_7_1_ from Track tracks0_ where tracks0_.tracks=?
16:08:35.338 [main] DEBUG o.h.l.p.e.p.i.ResultSetProcessorImpl - Preparing collection intializer : [com.startup.musicstore.domain.Albums.tracks#3]
16:08:35.338 [main] DEBUG o.h.e.l.i.CollectionLoadContext - 1 collections were found in result set for role: com.startup.musicstore.domain.Albums.tracks
16:08:35.338 [main] DEBUG o.h.e.l.i.CollectionLoadContext - Collection fully initialized: [com.startup.musicstore.domain.Albums.tracks#3]
16:08:35.338 [main] DEBUG o.h.e.l.i.CollectionLoadContext - 1 collections initialized for role: com.startup.musicstore.domain.Albums.tracks
16:08:35.338 [main] DEBUG o.h.l.c.p.AbstractLoadPlanBasedCollectionInitializer - Done loading collection
16:08:35.339 [main] DEBUG o.h.l.c.p.AbstractLoadPlanBasedCollectionInitializer - Loading collection: [com.startup.musicstore.domain.Albums.tracks#2]
16:08:35.339 [main] DEBUG org.hibernate.SQL - select tracks0_.tracks as tracks5_1_0_, tracks0_.id as id1_7_0_, tracks0_.id as id1_7_1_, tracks0_.sampleURL as sampleUR2_7_1_, tracks0_.trackTitle as trackTit3_7_1_, tracks0_.tracknumber as tracknum4_7_1_ from Track tracks0_ where tracks0_.tracks=?
16:08:35.339 [main] DEBUG o.h.l.p.e.p.i.ResultSetProcessorImpl - Preparing collection intializer : [com.startup.musicstore.domain.Albums.tracks#2]
16:08:35.339 [main] DEBUG o.h.e.l.i.CollectionLoadContext - 1 collections were found in result set for role: com.startup.musicstore.domain.Albums.tracks
16:08:35.339 [main] DEBUG o.h.e.l.i.CollectionLoadContext - Collection fully initialized: [com.startup.musicstore.domain.Albums.tracks#2]
16:08:35.339 [main] DEBUG o.h.e.l.i.CollectionLoadContext - 1 collections initialized for role: com.startup.musicstore.domain.Albums.tracks
16:08:35.339 [main] DEBUG o.h.l.c.p.AbstractLoadPlanBasedCollectionInitializer - Done loading collection
16:08:35.339 [main] DEBUG o.h.l.c.p.AbstractLoadPlanBasedCollectionInitializer - Loading collection: [com.startup.musicstore.domain.Albums.tracks#1]
16:08:35.339 [main] DEBUG org.hibernate.SQL - select tracks0_.tracks as tracks5_1_0_, tracks0_.id as id1_7_0_, tracks0_.id as id1_7_1_, tracks0_.sampleURL as sampleUR2_7_1_, tracks0_.trackTitle as trackTit3_7_1_, tracks0_.tracknumber as tracknum4_7_1_ from Track tracks0_ where tracks0_.tracks=?
16:08:35.339 [main] DEBUG o.h.l.p.e.p.i.ResultSetProcessorImpl - Preparing collection intializer : [com.startup.musicstore.domain.Albums.tracks#1]
16:08:35.340 [main] DEBUG o.h.e.l.i.CollectionLoadContext - 1 collections were found in result set for role: com.startup.musicstore.domain.Albums.tracks
16:08:35.340 [main] DEBUG o.h.e.l.i.CollectionLoadContext - Collection fully initialized: [com.startup.musicstore.domain.Albums.tracks#1]
16:08:35.340 [main] DEBUG o.h.e.l.i.CollectionLoadContext - 1 collections initialized for role: com.startup.musicstore.domain.Albums.tracks
16:08:35.340 [main] DEBUG o.h.l.c.p.AbstractLoadPlanBasedCollectionInitializer - Done loading collection
16:08:35.340 [main] DEBUG o.s.orm.jpa.JpaTransactionManager - Initiating transaction commit
16:08:35.340 [main] DEBUG o.s.orm.jpa.JpaTransactionManager - Committing JPA transaction on EntityManager [org.hibernate.jpa.internal.EntityManagerImpl@4ac86d6a]
16:08:35.340 [main] DEBUG o.h.e.t.spi.AbstractTransactionImpl - committing
16:08:35.340 [main] DEBUG o.h.e.t.i.jdbc.JdbcTransaction - committed JDBC Connection
16:08:35.340 [main] DEBUG o.h.e.t.i.jdbc.JdbcTransaction - re-enabling autocommit
16:08:35.340 [main] DEBUG o.s.orm.jpa.JpaTransactionManager - Closing JPA EntityManager [org.hibernate.jpa.internal.EntityManagerImpl@4ac86d6a] after transaction
16:08:35.340 [main] DEBUG o.s.o.jpa.EntityManagerFactoryUtils - Closing JPA EntityManager
16:08:35.340 [main] DEBUG o.h.e.j.i.LogicalConnectionImpl - Releasing JDBC connection
16:08:35.341 [main] DEBUG o.h.e.j.i.LogicalConnectionImpl - Released JDBC connection
</system-out>
  </testcase>
</testsuite>