<?xml version="1.0" encoding="UTF-8"?>
<testng-results skipped="21" failed="17" total="39" passed="1">
  <reporter-output>
  </reporter-output>
  <suite name="Command line suite" duration-ms="5440" started-at="2014-09-29T19:13:53Z" finished-at="2014-09-29T19:13:59Z">
    <groups>
    </groups>
    <test name="Command line test" duration-ms="5440" started-at="2014-09-29T19:13:53Z" finished-at="2014-09-29T19:13:59Z">
      <class name="com.startup.musicstore.test.repository.AlbumCatergoryRepositoryTest">
        <test-method status="PASS" signature="setUpClass()[pri:0, instance:com.startup.musicstore.test.repository.AlbumCatergoryRepositoryTest@4f933fd1]" name="setUpClass" is-config="true" duration-ms="1925" started-at="2014-09-29T21:13:53Z" finished-at="2014-09-29T21:13:55Z">
          <reporter-output>
          </reporter-output>
        </test-method> <!-- setUpClass -->
        <test-method status="PASS" signature="setUpMethod()[pri:0, instance:com.startup.musicstore.test.repository.AlbumCatergoryRepositoryTest@4f933fd1]" name="setUpMethod" is-config="true" duration-ms="0" started-at="2014-09-29T21:13:55Z" finished-at="2014-09-29T21:13:55Z">
          <reporter-output>
          </reporter-output>
        </test-method> <!-- setUpMethod -->
        <test-method status="FAIL" signature="create()[pri:0, instance:com.startup.musicstore.test.repository.AlbumCatergoryRepositoryTest@4f933fd1]" name="create" duration-ms="16" started-at="2014-09-29T21:13:55Z" finished-at="2014-09-29T21:13:55Z">
          <exception class="org.springframework.transaction.CannotCreateTransactionException">
            <message>
              <![CDATA[Could not open JPA EntityManager for transaction; nested exception is javax.persistence.PersistenceException: org.hibernate.exception.GenericJDBCException: Could not open connection]]>
            </message>
            <full-stacktrace>
              <![CDATA[org.springframework.transaction.CannotCreateTransactionException: Could not open JPA EntityManager for transaction; nested exception is javax.persistence.PersistenceException: org.hibernate.exception.GenericJDBCException: Could not open connection
	at org.springframework.orm.jpa.JpaTransactionManager.doBegin(JpaTransactionManager.java:430)
	at org.springframework.transaction.support.AbstractPlatformTransactionManager.getTransaction(AbstractPlatformTransactionManager.java:373)
	at org.springframework.transaction.interceptor.TransactionAspectSupport.createTransactionIfNecessary(TransactionAspectSupport.java:420)
	at org.springframework.transaction.interceptor.TransactionAspectSupport.invokeWithinTransaction(TransactionAspectSupport.java:257)
	at org.springframework.transaction.interceptor.TransactionInterceptor.invoke(TransactionInterceptor.java:95)
	at org.springframework.aop.framework.ReflectiveMethodInvocation.proceed(ReflectiveMethodInvocation.java:179)
	at org.springframework.dao.support.PersistenceExceptionTranslationInterceptor.invoke(PersistenceExceptionTranslationInterceptor.java:136)
	at org.springframework.aop.framework.ReflectiveMethodInvocation.proceed(ReflectiveMethodInvocation.java:179)
	at org.springframework.data.jpa.repository.support.CrudMethodMetadataPostProcessor$CrudMethodMetadataPopulatingMethodIntercceptor.invoke(CrudMethodMetadataPostProcessor.java:111)
	at org.springframework.aop.framework.ReflectiveMethodInvocation.proceed(ReflectiveMethodInvocation.java:179)
	at org.springframework.aop.interceptor.ExposeInvocationInterceptor.invoke(ExposeInvocationInterceptor.java:92)
	at org.springframework.aop.framework.ReflectiveMethodInvocation.proceed(ReflectiveMethodInvocation.java:179)
	at org.springframework.aop.framework.JdkDynamicAopProxy.invoke(JdkDynamicAopProxy.java:207)
	at com.sun.proxy.$Proxy46.save(Unknown Source)
	at com.startup.musicstore.test.repository.AlbumCatergoryRepositoryTest.create(AlbumCatergoryRepositoryTest.java:43)
	at sun.reflect.NativeMethodAccessorImpl.invoke0(Native Method)
	at sun.reflect.NativeMethodAccessorImpl.invoke(NativeMethodAccessorImpl.java:62)
	at sun.reflect.DelegatingMethodAccessorImpl.invoke(DelegatingMethodAccessorImpl.java:43)
	at java.lang.reflect.Method.invoke(Method.java:483)
	at org.testng.internal.MethodInvocationHelper.invokeMethod(MethodInvocationHelper.java:84)
	at org.testng.internal.Invoker.invokeMethod(Invoker.java:714)
	at org.testng.internal.Invoker.invokeTestMethod(Invoker.java:901)
	at org.testng.internal.Invoker.invokeTestMethods(Invoker.java:1231)
	at org.testng.internal.TestMethodWorker.invokeTestMethods(TestMethodWorker.java:127)
	at org.testng.internal.TestMethodWorker.run(TestMethodWorker.java:111)
	at org.testng.TestRunner.privateRun(TestRunner.java:767)
	at org.testng.TestRunner.run(TestRunner.java:617)
	at org.testng.SuiteRunner.runTest(SuiteRunner.java:348)
	at org.testng.SuiteRunner.runSequentially(SuiteRunner.java:343)
	at org.testng.SuiteRunner.privateRun(SuiteRunner.java:305)
	at org.testng.SuiteRunner.run(SuiteRunner.java:254)
	at org.testng.SuiteRunnerWorker.runSuite(SuiteRunnerWorker.java:52)
	at org.testng.SuiteRunnerWorker.run(SuiteRunnerWorker.java:86)
	at org.testng.TestNG.runSuitesSequentially(TestNG.java:1224)
	at org.testng.TestNG.runSuitesLocally(TestNG.java:1149)
	at org.testng.TestNG.run(TestNG.java:1057)
	at org.apache.maven.surefire.testng.TestNGExecutor.run(TestNGExecutor.java:70)
	at org.apache.maven.surefire.testng.TestNGDirectoryTestSuite.executeMulti(TestNGDirectoryTestSuite.java:158)
	at org.apache.maven.surefire.testng.TestNGDirectoryTestSuite.execute(TestNGDirectoryTestSuite.java:98)
	at org.apache.maven.surefire.testng.TestNGProvider.invoke(TestNGProvider.java:111)
	at sun.reflect.NativeMethodAccessorImpl.invoke0(Native Method)
	at sun.reflect.NativeMethodAccessorImpl.invoke(NativeMethodAccessorImpl.java:62)
	at sun.reflect.DelegatingMethodAccessorImpl.invoke(DelegatingMethodAccessorImpl.java:43)
	at java.lang.reflect.Method.invoke(Method.java:483)
	at org.apache.maven.surefire.util.ReflectionUtils.invokeMethodWithArray(ReflectionUtils.java:164)
	at org.apache.maven.surefire.booter.ProviderFactory$ProviderProxy.invoke(ProviderFactory.java:110)
	at org.apache.maven.surefire.booter.SurefireStarter.invokeProvider(SurefireStarter.java:175)
	at org.apache.maven.surefire.booter.SurefireStarter.runSuitesInProcessWhenForked(SurefireStarter.java:107)
	at org.apache.maven.surefire.booter.ForkedBooter.main(ForkedBooter.java:68)
Caused by: javax.persistence.PersistenceException: org.hibernate.exception.GenericJDBCException: Could not open connection
	at org.hibernate.jpa.spi.AbstractEntityManagerImpl.convert(AbstractEntityManagerImpl.java:1763)
	at org.hibernate.jpa.spi.AbstractEntityManagerImpl.convert(AbstractEntityManagerImpl.java:1677)
	at org.hibernate.jpa.spi.AbstractEntityManagerImpl.throwPersistenceException(AbstractEntityManagerImpl.java:1771)
	at org.hibernate.jpa.internal.TransactionImpl.begin(TransactionImpl.java:64)
	at org.springframework.orm.jpa.DefaultJpaDialect.beginTransaction(DefaultJpaDialect.java:67)
	at org.springframework.orm.jpa.vendor.HibernateJpaDialect.beginTransaction(HibernateJpaDialect.java:110)
	at org.springframework.orm.jpa.JpaTransactionManager.doBegin(JpaTransactionManager.java:380)
	... 48 more
Caused by: org.hibernate.exception.GenericJDBCException: Could not open connection
	at org.hibernate.exception.internal.StandardSQLExceptionConverter.convert(StandardSQLExceptionConverter.java:54)
	at org.hibernate.engine.jdbc.spi.SqlExceptionHelper.convert(SqlExceptionHelper.java:126)
	at org.hibernate.engine.jdbc.spi.SqlExceptionHelper.convert(SqlExceptionHelper.java:112)
	at org.hibernate.engine.jdbc.internal.LogicalConnectionImpl.obtainConnection(LogicalConnectionImpl.java:235)
	at org.hibernate.engine.jdbc.internal.LogicalConnectionImpl.getConnection(LogicalConnectionImpl.java:171)
	at org.hibernate.engine.transaction.internal.jdbc.JdbcTransaction.doBegin(JdbcTransaction.java:67)
	at org.hibernate.engine.transaction.spi.AbstractTransactionImpl.begin(AbstractTransactionImpl.java:162)
	at org.hibernate.internal.SessionImpl.beginTransaction(SessionImpl.java:1435)
	at org.hibernate.jpa.internal.TransactionImpl.begin(TransactionImpl.java:61)
	... 51 more
Caused by: org.apache.commons.dbcp.SQLNestedException: Cannot create PoolableConnectionFactory (The connection was refused because the database musicstore was not found.)
	at org.apache.commons.dbcp.BasicDataSource.createPoolableConnectionFactory(BasicDataSource.java:1549)
	at org.apache.commons.dbcp.BasicDataSource.createDataSource(BasicDataSource.java:1388)
	at org.apache.commons.dbcp.BasicDataSource.getConnection(BasicDataSource.java:1044)
	at org.hibernate.engine.jdbc.connections.internal.DatasourceConnectionProviderImpl.getConnection(DatasourceConnectionProviderImpl.java:139)
	at org.hibernate.internal.AbstractSessionImpl$NonContextualJdbcConnectionAccess.obtainConnection(AbstractSessionImpl.java:380)
	at org.hibernate.engine.jdbc.internal.LogicalConnectionImpl.obtainConnection(LogicalConnectionImpl.java:228)
	... 56 more
Caused by: java.sql.SQLNonTransientConnectionException: The connection was refused because the database musicstore was not found.
	at org.apache.derby.client.am.SQLExceptionFactory40.getSQLException(Unknown Source)
	at org.apache.derby.client.am.SqlException.getSQLException(Unknown Source)
	at org.apache.derby.jdbc.ClientDriver.connect(Unknown Source)
	at org.apache.commons.dbcp.DriverConnectionFactory.createConnection(DriverConnectionFactory.java:38)
	at org.apache.commons.dbcp.PoolableConnectionFactory.makeObject(PoolableConnectionFactory.java:582)
	at org.apache.commons.dbcp.BasicDataSource.validateConnectionFactory(BasicDataSource.java:1556)
	at org.apache.commons.dbcp.BasicDataSource.createPoolableConnectionFactory(BasicDataSource.java:1545)
	... 61 more
Caused by: org.apache.derby.client.am.DisconnectException: The connection was refused because the database musicstore was not found.
	at org.apache.derby.client.net.NetConnectionReply.parseRDBNFNRM(Unknown Source)
	at org.apache.derby.client.net.NetConnectionReply.parseAccessRdbError(Unknown Source)
	at org.apache.derby.client.net.NetConnectionReply.parseACCRDBreply(Unknown Source)
	at org.apache.derby.client.net.NetConnectionReply.readAccessDatabase(Unknown Source)
	at org.apache.derby.client.net.NetConnection.readSecurityCheckAndAccessRdb(Unknown Source)
	at org.apache.derby.client.net.NetConnection.flowSecurityCheckAndAccessRdb(Unknown Source)
	at org.apache.derby.client.net.NetConnection.flowUSRIDPWDconnect(Unknown Source)
	at org.apache.derby.client.net.NetConnection.flowConnect(Unknown Source)
	at org.apache.derby.client.net.NetConnection.<init>(Unknown Source)
	at org.apache.derby.client.net.NetConnection40.<init>(Unknown Source)
	at org.apache.derby.client.net.ClientJDBCObjectFactoryImpl40.newNetConnection(Unknown Source)
	... 66 more
]]>
            </full-stacktrace>
          </exception> <!-- org.springframework.transaction.CannotCreateTransactionException -->
          <reporter-output>
          </reporter-output>
        </test-method> <!-- create -->
        <test-method status="PASS" signature="tearDownMethod()[pri:0, instance:com.startup.musicstore.test.repository.AlbumCatergoryRepositoryTest@4f933fd1]" name="tearDownMethod" is-config="true" duration-ms="0" started-at="2014-09-29T21:13:55Z" finished-at="2014-09-29T21:13:55Z">
          <reporter-output>
          </reporter-output>
        </test-method> <!-- tearDownMethod -->
        <test-method status="SKIP" signature="update()[pri:0, instance:com.startup.musicstore.test.repository.AlbumCatergoryRepositoryTest@4f933fd1]" name="update" duration-ms="0" started-at="2014-09-29T21:13:59Z" depends-on-methods="com.startup.musicstore.test.repository.AlbumCatergoryRepositoryTest.create" finished-at="2014-09-29T21:13:59Z">
          <reporter-output>
          </reporter-output>
        </test-method> <!-- update -->
        <test-method status="SKIP" signature="read()[pri:0, instance:com.startup.musicstore.test.repository.AlbumCatergoryRepositoryTest@4f933fd1]" name="read" duration-ms="0" started-at="2014-09-29T21:13:59Z" depends-on-methods="com.startup.musicstore.test.repository.AlbumCatergoryRepositoryTest.create" finished-at="2014-09-29T21:13:59Z">
          <reporter-output>
          </reporter-output>
        </test-method> <!-- read -->
        <test-method status="SKIP" signature="delete()[pri:0, instance:com.startup.musicstore.test.repository.AlbumCatergoryRepositoryTest@4f933fd1]" name="delete" duration-ms="0" started-at="2014-09-29T21:13:59Z" depends-on-methods="com.startup.musicstore.test.repository.AlbumCatergoryRepositoryTest.read" finished-at="2014-09-29T21:13:59Z">
          <reporter-output>
          </reporter-output>
        </test-method> <!-- delete -->
        <test-method status="PASS" signature="tearDownClass()[pri:0, instance:com.startup.musicstore.test.repository.AlbumCatergoryRepositoryTest@4f933fd1]" name="tearDownClass" is-config="true" duration-ms="0" started-at="2014-09-29T21:13:59Z" finished-at="2014-09-29T21:13:59Z">
          <reporter-output>
          </reporter-output>
        </test-method> <!-- tearDownClass -->
      </class> <!-- com.startup.musicstore.test.repository.AlbumCatergoryRepositoryTest -->
      <class name="com.startup.musicstore.test.services.AlbumsServicesImplTest">
        <test-method status="PASS" signature="setUpClass()[pri:0, instance:com.startup.musicstore.test.services.AlbumsServicesImplTest@29ee9faa]" name="setUpClass" is-config="true" duration-ms="237" started-at="2014-09-29T21:13:55Z" finished-at="2014-09-29T21:13:56Z">
          <reporter-output>
          </reporter-output>
        </test-method> <!-- setUpClass -->
        <test-method status="PASS" signature="setUpMethod()[pri:0, instance:com.startup.musicstore.test.services.AlbumsServicesImplTest@29ee9faa]" name="setUpMethod" is-config="true" duration-ms="1" started-at="2014-09-29T21:13:56Z" finished-at="2014-09-29T21:13:56Z">
          <reporter-output>
          </reporter-output>
        </test-method> <!-- setUpMethod -->
        <test-method status="FAIL" signature="hello()[pri:0, instance:com.startup.musicstore.test.services.AlbumsServicesImplTest@29ee9faa]" name="hello" duration-ms="5" started-at="2014-09-29T21:13:56Z" finished-at="2014-09-29T21:13:56Z">
          <exception class="org.springframework.transaction.CannotCreateTransactionException">
            <message>
              <![CDATA[Could not open JPA EntityManager for transaction; nested exception is javax.persistence.PersistenceException: org.hibernate.exception.GenericJDBCException: Could not open connection]]>
            </message>
            <full-stacktrace>
              <![CDATA[org.springframework.transaction.CannotCreateTransactionException: Could not open JPA EntityManager for transaction; nested exception is javax.persistence.PersistenceException: org.hibernate.exception.GenericJDBCException: Could not open connection
	at org.springframework.orm.jpa.JpaTransactionManager.doBegin(JpaTransactionManager.java:430)
	at org.springframework.transaction.support.AbstractPlatformTransactionManager.getTransaction(AbstractPlatformTransactionManager.java:373)
	at org.springframework.transaction.interceptor.TransactionAspectSupport.createTransactionIfNecessary(TransactionAspectSupport.java:420)
	at org.springframework.transaction.interceptor.TransactionAspectSupport.invokeWithinTransaction(TransactionAspectSupport.java:257)
	at org.springframework.transaction.interceptor.TransactionInterceptor.invoke(TransactionInterceptor.java:95)
	at org.springframework.aop.framework.ReflectiveMethodInvocation.proceed(ReflectiveMethodInvocation.java:179)
	at org.springframework.dao.support.PersistenceExceptionTranslationInterceptor.invoke(PersistenceExceptionTranslationInterceptor.java:136)
	at org.springframework.aop.framework.ReflectiveMethodInvocation.proceed(ReflectiveMethodInvocation.java:179)
	at org.springframework.data.jpa.repository.support.CrudMethodMetadataPostProcessor$CrudMethodMetadataPopulatingMethodIntercceptor.invoke(CrudMethodMetadataPostProcessor.java:111)
	at org.springframework.aop.framework.ReflectiveMethodInvocation.proceed(ReflectiveMethodInvocation.java:179)
	at org.springframework.aop.interceptor.ExposeInvocationInterceptor.invoke(ExposeInvocationInterceptor.java:92)
	at org.springframework.aop.framework.ReflectiveMethodInvocation.proceed(ReflectiveMethodInvocation.java:179)
	at org.springframework.aop.framework.JdkDynamicAopProxy.invoke(JdkDynamicAopProxy.java:207)
	at com.sun.proxy.$Proxy48.save(Unknown Source)
	at com.startup.musicstore.test.services.AlbumsServicesImplTest.hello(AlbumsServicesImplTest.java:63)
	at sun.reflect.NativeMethodAccessorImpl.invoke0(Native Method)
	at sun.reflect.NativeMethodAccessorImpl.invoke(NativeMethodAccessorImpl.java:62)
	at sun.reflect.DelegatingMethodAccessorImpl.invoke(DelegatingMethodAccessorImpl.java:43)
	at java.lang.reflect.Method.invoke(Method.java:483)
	at org.testng.internal.MethodInvocationHelper.invokeMethod(MethodInvocationHelper.java:84)
	at org.testng.internal.Invoker.invokeMethod(Invoker.java:714)
	at org.testng.internal.Invoker.invokeTestMethod(Invoker.java:901)
	at org.testng.internal.Invoker.invokeTestMethods(Invoker.java:1231)
	at org.testng.internal.TestMethodWorker.invokeTestMethods(TestMethodWorker.java:127)
	at org.testng.internal.TestMethodWorker.run(TestMethodWorker.java:111)
	at org.testng.TestRunner.privateRun(TestRunner.java:767)
	at org.testng.TestRunner.run(TestRunner.java:617)
	at org.testng.SuiteRunner.runTest(SuiteRunner.java:348)
	at org.testng.SuiteRunner.runSequentially(SuiteRunner.java:343)
	at org.testng.SuiteRunner.privateRun(SuiteRunner.java:305)
	at org.testng.SuiteRunner.run(SuiteRunner.java:254)
	at org.testng.SuiteRunnerWorker.runSuite(SuiteRunnerWorker.java:52)
	at org.testng.SuiteRunnerWorker.run(SuiteRunnerWorker.java:86)
	at org.testng.TestNG.runSuitesSequentially(TestNG.java:1224)
	at org.testng.TestNG.runSuitesLocally(TestNG.java:1149)
	at org.testng.TestNG.run(TestNG.java:1057)
	at org.apache.maven.surefire.testng.TestNGExecutor.run(TestNGExecutor.java:70)
	at org.apache.maven.surefire.testng.TestNGDirectoryTestSuite.executeMulti(TestNGDirectoryTestSuite.java:158)
	at org.apache.maven.surefire.testng.TestNGDirectoryTestSuite.execute(TestNGDirectoryTestSuite.java:98)
	at org.apache.maven.surefire.testng.TestNGProvider.invoke(TestNGProvider.java:111)
	at sun.reflect.NativeMethodAccessorImpl.invoke0(Native Method)
	at sun.reflect.NativeMethodAccessorImpl.invoke(NativeMethodAccessorImpl.java:62)
	at sun.reflect.DelegatingMethodAccessorImpl.invoke(DelegatingMethodAccessorImpl.java:43)
	at java.lang.reflect.Method.invoke(Method.java:483)
	at org.apache.maven.surefire.util.ReflectionUtils.invokeMethodWithArray(ReflectionUtils.java:164)
	at org.apache.maven.surefire.booter.ProviderFactory$ProviderProxy.invoke(ProviderFactory.java:110)
	at org.apache.maven.surefire.booter.SurefireStarter.invokeProvider(SurefireStarter.java:175)
	at org.apache.maven.surefire.booter.SurefireStarter.runSuitesInProcessWhenForked(SurefireStarter.java:107)
	at org.apache.maven.surefire.booter.ForkedBooter.main(ForkedBooter.java:68)
Caused by: javax.persistence.PersistenceException: org.hibernate.exception.GenericJDBCException: Could not open connection
	at org.hibernate.jpa.spi.AbstractEntityManagerImpl.convert(AbstractEntityManagerImpl.java:1763)
	at org.hibernate.jpa.spi.AbstractEntityManagerImpl.convert(AbstractEntityManagerImpl.java:1677)
	at org.hibernate.jpa.spi.AbstractEntityManagerImpl.throwPersistenceException(AbstractEntityManagerImpl.java:1771)
	at org.hibernate.jpa.internal.TransactionImpl.begin(TransactionImpl.java:64)
	at org.springframework.orm.jpa.DefaultJpaDialect.beginTransaction(DefaultJpaDialect.java:67)
	at org.springframework.orm.jpa.vendor.HibernateJpaDialect.beginTransaction(HibernateJpaDialect.java:110)
	at org.springframework.orm.jpa.JpaTransactionManager.doBegin(JpaTransactionManager.java:380)
	... 48 more
Caused by: org.hibernate.exception.GenericJDBCException: Could not open connection
	at org.hibernate.exception.internal.StandardSQLExceptionConverter.convert(StandardSQLExceptionConverter.java:54)
	at org.hibernate.engine.jdbc.spi.SqlExceptionHelper.convert(SqlExceptionHelper.java:126)
	at org.hibernate.engine.jdbc.spi.SqlExceptionHelper.convert(SqlExceptionHelper.java:112)
	at org.hibernate.engine.jdbc.internal.LogicalConnectionImpl.obtainConnection(LogicalConnectionImpl.java:235)
	at org.hibernate.engine.jdbc.internal.LogicalConnectionImpl.getConnection(LogicalConnectionImpl.java:171)
	at org.hibernate.engine.transaction.internal.jdbc.JdbcTransaction.doBegin(JdbcTransaction.java:67)
	at org.hibernate.engine.transaction.spi.AbstractTransactionImpl.begin(AbstractTransactionImpl.java:162)
	at org.hibernate.internal.SessionImpl.beginTransaction(SessionImpl.java:1435)
	at org.hibernate.jpa.internal.TransactionImpl.begin(TransactionImpl.java:61)
	... 51 more
Caused by: org.apache.commons.dbcp.SQLNestedException: Cannot create PoolableConnectionFactory (The connection was refused because the database musicstore was not found.)
	at org.apache.commons.dbcp.BasicDataSource.createPoolableConnectionFactory(BasicDataSource.java:1549)
	at org.apache.commons.dbcp.BasicDataSource.createDataSource(BasicDataSource.java:1388)
	at org.apache.commons.dbcp.BasicDataSource.getConnection(BasicDataSource.java:1044)
	at org.hibernate.engine.jdbc.connections.internal.DatasourceConnectionProviderImpl.getConnection(DatasourceConnectionProviderImpl.java:139)
	at org.hibernate.internal.AbstractSessionImpl$NonContextualJdbcConnectionAccess.obtainConnection(AbstractSessionImpl.java:380)
	at org.hibernate.engine.jdbc.internal.LogicalConnectionImpl.obtainConnection(LogicalConnectionImpl.java:228)
	... 56 more
Caused by: java.sql.SQLNonTransientConnectionException: The connection was refused because the database musicstore was not found.
	at org.apache.derby.client.am.SQLExceptionFactory40.getSQLException(Unknown Source)
	at org.apache.derby.client.am.SqlException.getSQLException(Unknown Source)
	at org.apache.derby.jdbc.ClientDriver.connect(Unknown Source)
	at org.apache.commons.dbcp.DriverConnectionFactory.createConnection(DriverConnectionFactory.java:38)
	at org.apache.commons.dbcp.PoolableConnectionFactory.makeObject(PoolableConnectionFactory.java:582)
	at org.apache.commons.dbcp.BasicDataSource.validateConnectionFactory(BasicDataSource.java:1556)
	at org.apache.commons.dbcp.BasicDataSource.createPoolableConnectionFactory(BasicDataSource.java:1545)
	... 61 more
Caused by: org.apache.derby.client.am.DisconnectException: The connection was refused because the database musicstore was not found.
	at org.apache.derby.client.net.NetConnectionReply.parseRDBNFNRM(Unknown Source)
	at org.apache.derby.client.net.NetConnectionReply.parseAccessRdbError(Unknown Source)
	at org.apache.derby.client.net.NetConnectionReply.parseACCRDBreply(Unknown Source)
	at org.apache.derby.client.net.NetConnectionReply.readAccessDatabase(Unknown Source)
	at org.apache.derby.client.net.NetConnection.readSecurityCheckAndAccessRdb(Unknown Source)
	at org.apache.derby.client.net.NetConnection.flowSecurityCheckAndAccessRdb(Unknown Source)
	at org.apache.derby.client.net.NetConnection.flowUSRIDPWDconnect(Unknown Source)
	at org.apache.derby.client.net.NetConnection.flowConnect(Unknown Source)
	at org.apache.derby.client.net.NetConnection.<init>(Unknown Source)
	at org.apache.derby.client.net.NetConnection40.<init>(Unknown Source)
	at org.apache.derby.client.net.ClientJDBCObjectFactoryImpl40.newNetConnection(Unknown Source)
	... 66 more
]]>
            </full-stacktrace>
          </exception> <!-- org.springframework.transaction.CannotCreateTransactionException -->
          <reporter-output>
          </reporter-output>
        </test-method> <!-- hello -->
        <test-method status="PASS" signature="tearDownClass()[pri:0, instance:com.startup.musicstore.test.services.AlbumsServicesImplTest@29ee9faa]" name="tearDownClass" is-config="true" duration-ms="0" started-at="2014-09-29T21:13:56Z" finished-at="2014-09-29T21:13:56Z">
          <reporter-output>
          </reporter-output>
        </test-method> <!-- tearDownClass -->
        <test-method status="PASS" signature="tearDownMethod()[pri:0, instance:com.startup.musicstore.test.services.AlbumsServicesImplTest@29ee9faa]" name="tearDownMethod" is-config="true" duration-ms="0" started-at="2014-09-29T21:13:56Z" finished-at="2014-09-29T21:13:56Z">
          <reporter-output>
          </reporter-output>
        </test-method> <!-- tearDownMethod -->
      </class> <!-- com.startup.musicstore.test.services.AlbumsServicesImplTest -->
      <class name="com.startup.musicstore.test.services.getGenderListTest">
        <test-method status="PASS" signature="setUpClass()[pri:0, instance:com.startup.musicstore.test.services.getGenderListTest@c038203]" name="setUpClass" is-config="true" duration-ms="305" started-at="2014-09-29T21:13:58Z" finished-at="2014-09-29T21:13:59Z">
          <reporter-output>
          </reporter-output>
        </test-method> <!-- setUpClass -->
        <test-method status="FAIL" signature="hello()[pri:0, instance:com.startup.musicstore.test.services.getGenderListTest@c038203]" name="hello" duration-ms="5" started-at="2014-09-29T21:13:59Z" finished-at="2014-09-29T21:13:59Z">
          <exception class="org.springframework.transaction.CannotCreateTransactionException">
            <message>
              <![CDATA[Could not open JPA EntityManager for transaction; nested exception is javax.persistence.PersistenceException: org.hibernate.exception.GenericJDBCException: Could not open connection]]>
            </message>
            <full-stacktrace>
              <![CDATA[org.springframework.transaction.CannotCreateTransactionException: Could not open JPA EntityManager for transaction; nested exception is javax.persistence.PersistenceException: org.hibernate.exception.GenericJDBCException: Could not open connection
	at org.springframework.orm.jpa.JpaTransactionManager.doBegin(JpaTransactionManager.java:430)
	at org.springframework.transaction.support.AbstractPlatformTransactionManager.getTransaction(AbstractPlatformTransactionManager.java:373)
	at org.springframework.transaction.interceptor.TransactionAspectSupport.createTransactionIfNecessary(TransactionAspectSupport.java:420)
	at org.springframework.transaction.interceptor.TransactionAspectSupport.invokeWithinTransaction(TransactionAspectSupport.java:257)
	at org.springframework.transaction.interceptor.TransactionInterceptor.invoke(TransactionInterceptor.java:95)
	at org.springframework.aop.framework.ReflectiveMethodInvocation.proceed(ReflectiveMethodInvocation.java:179)
	at org.springframework.dao.support.PersistenceExceptionTranslationInterceptor.invoke(PersistenceExceptionTranslationInterceptor.java:136)
	at org.springframework.aop.framework.ReflectiveMethodInvocation.proceed(ReflectiveMethodInvocation.java:179)
	at org.springframework.data.jpa.repository.support.CrudMethodMetadataPostProcessor$CrudMethodMetadataPopulatingMethodIntercceptor.invoke(CrudMethodMetadataPostProcessor.java:111)
	at org.springframework.aop.framework.ReflectiveMethodInvocation.proceed(ReflectiveMethodInvocation.java:179)
	at org.springframework.aop.interceptor.ExposeInvocationInterceptor.invoke(ExposeInvocationInterceptor.java:92)
	at org.springframework.aop.framework.ReflectiveMethodInvocation.proceed(ReflectiveMethodInvocation.java:179)
	at org.springframework.aop.framework.JdkDynamicAopProxy.invoke(JdkDynamicAopProxy.java:207)
	at com.sun.proxy.$Proxy43.findAll(Unknown Source)
	at com.startup.musicstore.services.Impl.GenderListImpl.getGenderList(GenderListImpl.java:33)
	at com.startup.musicstore.test.services.getGenderListTest.hello(getGenderListTest.java:46)
	at sun.reflect.NativeMethodAccessorImpl.invoke0(Native Method)
	at sun.reflect.NativeMethodAccessorImpl.invoke(NativeMethodAccessorImpl.java:62)
	at sun.reflect.DelegatingMethodAccessorImpl.invoke(DelegatingMethodAccessorImpl.java:43)
	at java.lang.reflect.Method.invoke(Method.java:483)
	at org.testng.internal.MethodInvocationHelper.invokeMethod(MethodInvocationHelper.java:84)
	at org.testng.internal.Invoker.invokeMethod(Invoker.java:714)
	at org.testng.internal.Invoker.invokeTestMethod(Invoker.java:901)
	at org.testng.internal.Invoker.invokeTestMethods(Invoker.java:1231)
	at org.testng.internal.TestMethodWorker.invokeTestMethods(TestMethodWorker.java:127)
	at org.testng.internal.TestMethodWorker.run(TestMethodWorker.java:111)
	at org.testng.TestRunner.privateRun(TestRunner.java:767)
	at org.testng.TestRunner.run(TestRunner.java:617)
	at org.testng.SuiteRunner.runTest(SuiteRunner.java:348)
	at org.testng.SuiteRunner.runSequentially(SuiteRunner.java:343)
	at org.testng.SuiteRunner.privateRun(SuiteRunner.java:305)
	at org.testng.SuiteRunner.run(SuiteRunner.java:254)
	at org.testng.SuiteRunnerWorker.runSuite(SuiteRunnerWorker.java:52)
	at org.testng.SuiteRunnerWorker.run(SuiteRunnerWorker.java:86)
	at org.testng.TestNG.runSuitesSequentially(TestNG.java:1224)
	at org.testng.TestNG.runSuitesLocally(TestNG.java:1149)
	at org.testng.TestNG.run(TestNG.java:1057)
	at org.apache.maven.surefire.testng.TestNGExecutor.run(TestNGExecutor.java:70)
	at org.apache.maven.surefire.testng.TestNGDirectoryTestSuite.executeMulti(TestNGDirectoryTestSuite.java:158)
	at org.apache.maven.surefire.testng.TestNGDirectoryTestSuite.execute(TestNGDirectoryTestSuite.java:98)
	at org.apache.maven.surefire.testng.TestNGProvider.invoke(TestNGProvider.java:111)
	at sun.reflect.NativeMethodAccessorImpl.invoke0(Native Method)
	at sun.reflect.NativeMethodAccessorImpl.invoke(NativeMethodAccessorImpl.java:62)
	at sun.reflect.DelegatingMethodAccessorImpl.invoke(DelegatingMethodAccessorImpl.java:43)
	at java.lang.reflect.Method.invoke(Method.java:483)
	at org.apache.maven.surefire.util.ReflectionUtils.invokeMethodWithArray(ReflectionUtils.java:164)
	at org.apache.maven.surefire.booter.ProviderFactory$ProviderProxy.invoke(ProviderFactory.java:110)
	at org.apache.maven.surefire.booter.SurefireStarter.invokeProvider(SurefireStarter.java:175)
	at org.apache.maven.surefire.booter.SurefireStarter.runSuitesInProcessWhenForked(SurefireStarter.java:107)
	at org.apache.maven.surefire.booter.ForkedBooter.main(ForkedBooter.java:68)
Caused by: javax.persistence.PersistenceException: org.hibernate.exception.GenericJDBCException: Could not open connection
	at org.hibernate.jpa.spi.AbstractEntityManagerImpl.convert(AbstractEntityManagerImpl.java:1763)
	at org.hibernate.jpa.spi.AbstractEntityManagerImpl.convert(AbstractEntityManagerImpl.java:1677)
	at org.hibernate.jpa.spi.AbstractEntityManagerImpl.throwPersistenceException(AbstractEntityManagerImpl.java:1771)
	at org.hibernate.jpa.internal.TransactionImpl.begin(TransactionImpl.java:64)
	at org.springframework.orm.jpa.DefaultJpaDialect.beginTransaction(DefaultJpaDialect.java:67)
	at org.springframework.orm.jpa.vendor.HibernateJpaDialect.beginTransaction(HibernateJpaDialect.java:110)
	at org.springframework.orm.jpa.JpaTransactionManager.doBegin(JpaTransactionManager.java:380)
	... 49 more
Caused by: org.hibernate.exception.GenericJDBCException: Could not open connection
	at org.hibernate.exception.internal.StandardSQLExceptionConverter.convert(StandardSQLExceptionConverter.java:54)
	at org.hibernate.engine.jdbc.spi.SqlExceptionHelper.convert(SqlExceptionHelper.java:126)
	at org.hibernate.engine.jdbc.spi.SqlExceptionHelper.convert(SqlExceptionHelper.java:112)
	at org.hibernate.engine.jdbc.internal.LogicalConnectionImpl.obtainConnection(LogicalConnectionImpl.java:235)
	at org.hibernate.engine.jdbc.internal.LogicalConnectionImpl.getConnection(LogicalConnectionImpl.java:171)
	at org.hibernate.engine.transaction.internal.jdbc.JdbcTransaction.doBegin(JdbcTransaction.java:67)
	at org.hibernate.engine.transaction.spi.AbstractTransactionImpl.begin(AbstractTransactionImpl.java:162)
	at org.hibernate.internal.SessionImpl.beginTransaction(SessionImpl.java:1435)
	at org.hibernate.jpa.internal.TransactionImpl.begin(TransactionImpl.java:61)
	... 52 more
Caused by: org.apache.commons.dbcp.SQLNestedException: Cannot create PoolableConnectionFactory (The connection was refused because the database musicstore was not found.)
	at org.apache.commons.dbcp.BasicDataSource.createPoolableConnectionFactory(BasicDataSource.java:1549)
	at org.apache.commons.dbcp.BasicDataSource.createDataSource(BasicDataSource.java:1388)
	at org.apache.commons.dbcp.BasicDataSource.getConnection(BasicDataSource.java:1044)
	at org.hibernate.engine.jdbc.connections.internal.DatasourceConnectionProviderImpl.getConnection(DatasourceConnectionProviderImpl.java:139)
	at org.hibernate.internal.AbstractSessionImpl$NonContextualJdbcConnectionAccess.obtainConnection(AbstractSessionImpl.java:380)
	at org.hibernate.engine.jdbc.internal.LogicalConnectionImpl.obtainConnection(LogicalConnectionImpl.java:228)
	... 57 more
Caused by: java.sql.SQLNonTransientConnectionException: The connection was refused because the database musicstore was not found.
	at org.apache.derby.client.am.SQLExceptionFactory40.getSQLException(Unknown Source)
	at org.apache.derby.client.am.SqlException.getSQLException(Unknown Source)
	at org.apache.derby.jdbc.ClientDriver.connect(Unknown Source)
	at org.apache.commons.dbcp.DriverConnectionFactory.createConnection(DriverConnectionFactory.java:38)
	at org.apache.commons.dbcp.PoolableConnectionFactory.makeObject(PoolableConnectionFactory.java:582)
	at org.apache.commons.dbcp.BasicDataSource.validateConnectionFactory(BasicDataSource.java:1556)
	at org.apache.commons.dbcp.BasicDataSource.createPoolableConnectionFactory(BasicDataSource.java:1545)
	... 62 more
Caused by: org.apache.derby.client.am.DisconnectException: The connection was refused because the database musicstore was not found.
	at org.apache.derby.client.net.NetConnectionReply.parseRDBNFNRM(Unknown Source)
	at org.apache.derby.client.net.NetConnectionReply.parseAccessRdbError(Unknown Source)
	at org.apache.derby.client.net.NetConnectionReply.parseACCRDBreply(Unknown Source)
	at org.apache.derby.client.net.NetConnectionReply.readAccessDatabase(Unknown Source)
	at org.apache.derby.client.net.NetConnection.readSecurityCheckAndAccessRdb(Unknown Source)
	at org.apache.derby.client.net.NetConnection.flowSecurityCheckAndAccessRdb(Unknown Source)
	at org.apache.derby.client.net.NetConnection.flowUSRIDPWDconnect(Unknown Source)
	at org.apache.derby.client.net.NetConnection.flowConnect(Unknown Source)
	at org.apache.derby.client.net.NetConnection.<init>(Unknown Source)
	at org.apache.derby.client.net.NetConnection40.<init>(Unknown Source)
	at org.apache.derby.client.net.ClientJDBCObjectFactoryImpl40.newNetConnection(Unknown Source)
	... 67 more
]]>
            </full-stacktrace>
          </exception> <!-- org.springframework.transaction.CannotCreateTransactionException -->
          <reporter-output>
          </reporter-output>
        </test-method> <!-- hello -->
        <test-method status="PASS" signature="setUpMethod()[pri:0, instance:com.startup.musicstore.test.services.getGenderListTest@c038203]" name="setUpMethod" is-config="true" duration-ms="0" started-at="2014-09-29T21:13:59Z" finished-at="2014-09-29T21:13:59Z">
          <reporter-output>
          </reporter-output>
        </test-method> <!-- setUpMethod -->
        <test-method status="PASS" signature="tearDownMethod()[pri:0, instance:com.startup.musicstore.test.services.getGenderListTest@c038203]" name="tearDownMethod" is-config="true" duration-ms="0" started-at="2014-09-29T21:13:59Z" finished-at="2014-09-29T21:13:59Z">
          <reporter-output>
          </reporter-output>
        </test-method> <!-- tearDownMethod -->
        <test-method status="PASS" signature="tearDownClass()[pri:0, instance:com.startup.musicstore.test.services.getGenderListTest@c038203]" name="tearDownClass" is-config="true" duration-ms="0" started-at="2014-09-29T21:13:59Z" finished-at="2014-09-29T21:13:59Z">
          <reporter-output>
          </reporter-output>
        </test-method> <!-- tearDownClass -->
      </class> <!-- com.startup.musicstore.test.services.getGenderListTest -->
      <class name="com.startup.musicstore.test.repository.TrackRepositoryTest">
        <test-method status="PASS" signature="setUpClass()[pri:0, instance:com.startup.musicstore.test.repository.TrackRepositoryTest@1b604f19]" name="setUpClass" is-config="true" duration-ms="155" started-at="2014-09-29T21:13:58Z" finished-at="2014-09-29T21:13:58Z">
          <reporter-output>
          </reporter-output>
        </test-method> <!-- setUpClass -->
        <test-method status="FAIL" signature="hello()[pri:0, instance:com.startup.musicstore.test.repository.TrackRepositoryTest@1b604f19]" name="hello" duration-ms="3" started-at="2014-09-29T21:13:58Z" finished-at="2014-09-29T21:13:58Z">
          <exception class="org.springframework.transaction.CannotCreateTransactionException">
            <message>
              <![CDATA[Could not open JPA EntityManager for transaction; nested exception is javax.persistence.PersistenceException: org.hibernate.exception.GenericJDBCException: Could not open connection]]>
            </message>
            <full-stacktrace>
              <![CDATA[org.springframework.transaction.CannotCreateTransactionException: Could not open JPA EntityManager for transaction; nested exception is javax.persistence.PersistenceException: org.hibernate.exception.GenericJDBCException: Could not open connection
	at org.springframework.orm.jpa.JpaTransactionManager.doBegin(JpaTransactionManager.java:430)
	at org.springframework.transaction.support.AbstractPlatformTransactionManager.getTransaction(AbstractPlatformTransactionManager.java:373)
	at org.springframework.transaction.interceptor.TransactionAspectSupport.createTransactionIfNecessary(TransactionAspectSupport.java:420)
	at org.springframework.transaction.interceptor.TransactionAspectSupport.invokeWithinTransaction(TransactionAspectSupport.java:257)
	at org.springframework.transaction.interceptor.TransactionInterceptor.invoke(TransactionInterceptor.java:95)
	at org.springframework.aop.framework.ReflectiveMethodInvocation.proceed(ReflectiveMethodInvocation.java:179)
	at org.springframework.dao.support.PersistenceExceptionTranslationInterceptor.invoke(PersistenceExceptionTranslationInterceptor.java:136)
	at org.springframework.aop.framework.ReflectiveMethodInvocation.proceed(ReflectiveMethodInvocation.java:179)
	at org.springframework.data.jpa.repository.support.CrudMethodMetadataPostProcessor$CrudMethodMetadataPopulatingMethodIntercceptor.invoke(CrudMethodMetadataPostProcessor.java:111)
	at org.springframework.aop.framework.ReflectiveMethodInvocation.proceed(ReflectiveMethodInvocation.java:179)
	at org.springframework.aop.interceptor.ExposeInvocationInterceptor.invoke(ExposeInvocationInterceptor.java:92)
	at org.springframework.aop.framework.ReflectiveMethodInvocation.proceed(ReflectiveMethodInvocation.java:179)
	at org.springframework.aop.framework.JdkDynamicAopProxy.invoke(JdkDynamicAopProxy.java:207)
	at com.sun.proxy.$Proxy47.save(Unknown Source)
	at com.startup.musicstore.test.repository.TrackRepositoryTest.hello(TrackRepositoryTest.java:51)
	at sun.reflect.NativeMethodAccessorImpl.invoke0(Native Method)
	at sun.reflect.NativeMethodAccessorImpl.invoke(NativeMethodAccessorImpl.java:62)
	at sun.reflect.DelegatingMethodAccessorImpl.invoke(DelegatingMethodAccessorImpl.java:43)
	at java.lang.reflect.Method.invoke(Method.java:483)
	at org.testng.internal.MethodInvocationHelper.invokeMethod(MethodInvocationHelper.java:84)
	at org.testng.internal.Invoker.invokeMethod(Invoker.java:714)
	at org.testng.internal.Invoker.invokeTestMethod(Invoker.java:901)
	at org.testng.internal.Invoker.invokeTestMethods(Invoker.java:1231)
	at org.testng.internal.TestMethodWorker.invokeTestMethods(TestMethodWorker.java:127)
	at org.testng.internal.TestMethodWorker.run(TestMethodWorker.java:111)
	at org.testng.TestRunner.privateRun(TestRunner.java:767)
	at org.testng.TestRunner.run(TestRunner.java:617)
	at org.testng.SuiteRunner.runTest(SuiteRunner.java:348)
	at org.testng.SuiteRunner.runSequentially(SuiteRunner.java:343)
	at org.testng.SuiteRunner.privateRun(SuiteRunner.java:305)
	at org.testng.SuiteRunner.run(SuiteRunner.java:254)
	at org.testng.SuiteRunnerWorker.runSuite(SuiteRunnerWorker.java:52)
	at org.testng.SuiteRunnerWorker.run(SuiteRunnerWorker.java:86)
	at org.testng.TestNG.runSuitesSequentially(TestNG.java:1224)
	at org.testng.TestNG.runSuitesLocally(TestNG.java:1149)
	at org.testng.TestNG.run(TestNG.java:1057)
	at org.apache.maven.surefire.testng.TestNGExecutor.run(TestNGExecutor.java:70)
	at org.apache.maven.surefire.testng.TestNGDirectoryTestSuite.executeMulti(TestNGDirectoryTestSuite.java:158)
	at org.apache.maven.surefire.testng.TestNGDirectoryTestSuite.execute(TestNGDirectoryTestSuite.java:98)
	at org.apache.maven.surefire.testng.TestNGProvider.invoke(TestNGProvider.java:111)
	at sun.reflect.NativeMethodAccessorImpl.invoke0(Native Method)
	at sun.reflect.NativeMethodAccessorImpl.invoke(NativeMethodAccessorImpl.java:62)
	at sun.reflect.DelegatingMethodAccessorImpl.invoke(DelegatingMethodAccessorImpl.java:43)
	at java.lang.reflect.Method.invoke(Method.java:483)
	at org.apache.maven.surefire.util.ReflectionUtils.invokeMethodWithArray(ReflectionUtils.java:164)
	at org.apache.maven.surefire.booter.ProviderFactory$ProviderProxy.invoke(ProviderFactory.java:110)
	at org.apache.maven.surefire.booter.SurefireStarter.invokeProvider(SurefireStarter.java:175)
	at org.apache.maven.surefire.booter.SurefireStarter.runSuitesInProcessWhenForked(SurefireStarter.java:107)
	at org.apache.maven.surefire.booter.ForkedBooter.main(ForkedBooter.java:68)
Caused by: javax.persistence.PersistenceException: org.hibernate.exception.GenericJDBCException: Could not open connection
	at org.hibernate.jpa.spi.AbstractEntityManagerImpl.convert(AbstractEntityManagerImpl.java:1763)
	at org.hibernate.jpa.spi.AbstractEntityManagerImpl.convert(AbstractEntityManagerImpl.java:1677)
	at org.hibernate.jpa.spi.AbstractEntityManagerImpl.throwPersistenceException(AbstractEntityManagerImpl.java:1771)
	at org.hibernate.jpa.internal.TransactionImpl.begin(TransactionImpl.java:64)
	at org.springframework.orm.jpa.DefaultJpaDialect.beginTransaction(DefaultJpaDialect.java:67)
	at org.springframework.orm.jpa.vendor.HibernateJpaDialect.beginTransaction(HibernateJpaDialect.java:110)
	at org.springframework.orm.jpa.JpaTransactionManager.doBegin(JpaTransactionManager.java:380)
	... 48 more
Caused by: org.hibernate.exception.GenericJDBCException: Could not open connection
	at org.hibernate.exception.internal.StandardSQLExceptionConverter.convert(StandardSQLExceptionConverter.java:54)
	at org.hibernate.engine.jdbc.spi.SqlExceptionHelper.convert(SqlExceptionHelper.java:126)
	at org.hibernate.engine.jdbc.spi.SqlExceptionHelper.convert(SqlExceptionHelper.java:112)
	at org.hibernate.engine.jdbc.internal.LogicalConnectionImpl.obtainConnection(LogicalConnectionImpl.java:235)
	at org.hibernate.engine.jdbc.internal.LogicalConnectionImpl.getConnection(LogicalConnectionImpl.java:171)
	at org.hibernate.engine.transaction.internal.jdbc.JdbcTransaction.doBegin(JdbcTransaction.java:67)
	at org.hibernate.engine.transaction.spi.AbstractTransactionImpl.begin(AbstractTransactionImpl.java:162)
	at org.hibernate.internal.SessionImpl.beginTransaction(SessionImpl.java:1435)
	at org.hibernate.jpa.internal.TransactionImpl.begin(TransactionImpl.java:61)
	... 51 more
Caused by: org.apache.commons.dbcp.SQLNestedException: Cannot create PoolableConnectionFactory (The connection was refused because the database musicstore was not found.)
	at org.apache.commons.dbcp.BasicDataSource.createPoolableConnectionFactory(BasicDataSource.java:1549)
	at org.apache.commons.dbcp.BasicDataSource.createDataSource(BasicDataSource.java:1388)
	at org.apache.commons.dbcp.BasicDataSource.getConnection(BasicDataSource.java:1044)
	at org.hibernate.engine.jdbc.connections.internal.DatasourceConnectionProviderImpl.getConnection(DatasourceConnectionProviderImpl.java:139)
	at org.hibernate.internal.AbstractSessionImpl$NonContextualJdbcConnectionAccess.obtainConnection(AbstractSessionImpl.java:380)
	at org.hibernate.engine.jdbc.internal.LogicalConnectionImpl.obtainConnection(LogicalConnectionImpl.java:228)
	... 56 more
Caused by: java.sql.SQLNonTransientConnectionException: The connection was refused because the database musicstore was not found.
	at org.apache.derby.client.am.SQLExceptionFactory40.getSQLException(Unknown Source)
	at org.apache.derby.client.am.SqlException.getSQLException(Unknown Source)
	at org.apache.derby.jdbc.ClientDriver.connect(Unknown Source)
	at org.apache.commons.dbcp.DriverConnectionFactory.createConnection(DriverConnectionFactory.java:38)
	at org.apache.commons.dbcp.PoolableConnectionFactory.makeObject(PoolableConnectionFactory.java:582)
	at org.apache.commons.dbcp.BasicDataSource.validateConnectionFactory(BasicDataSource.java:1556)
	at org.apache.commons.dbcp.BasicDataSource.createPoolableConnectionFactory(BasicDataSource.java:1545)
	... 61 more
Caused by: org.apache.derby.client.am.DisconnectException: The connection was refused because the database musicstore was not found.
	at org.apache.derby.client.net.NetConnectionReply.parseRDBNFNRM(Unknown Source)
	at org.apache.derby.client.net.NetConnectionReply.parseAccessRdbError(Unknown Source)
	at org.apache.derby.client.net.NetConnectionReply.parseACCRDBreply(Unknown Source)
	at org.apache.derby.client.net.NetConnectionReply.readAccessDatabase(Unknown Source)
	at org.apache.derby.client.net.NetConnection.readSecurityCheckAndAccessRdb(Unknown Source)
	at org.apache.derby.client.net.NetConnection.flowSecurityCheckAndAccessRdb(Unknown Source)
	at org.apache.derby.client.net.NetConnection.flowUSRIDPWDconnect(Unknown Source)
	at org.apache.derby.client.net.NetConnection.flowConnect(Unknown Source)
	at org.apache.derby.client.net.NetConnection.<init>(Unknown Source)
	at org.apache.derby.client.net.NetConnection40.<init>(Unknown Source)
	at org.apache.derby.client.net.ClientJDBCObjectFactoryImpl40.newNetConnection(Unknown Source)
	... 66 more
]]>
            </full-stacktrace>
          </exception> <!-- org.springframework.transaction.CannotCreateTransactionException -->
          <reporter-output>
          </reporter-output>
        </test-method> <!-- hello -->
        <test-method status="PASS" signature="setUpMethod()[pri:0, instance:com.startup.musicstore.test.repository.TrackRepositoryTest@1b604f19]" name="setUpMethod" is-config="true" duration-ms="0" started-at="2014-09-29T21:13:58Z" finished-at="2014-09-29T21:13:58Z">
          <reporter-output>
          </reporter-output>
        </test-method> <!-- setUpMethod -->
        <test-method status="PASS" signature="tearDownMethod()[pri:0, instance:com.startup.musicstore.test.repository.TrackRepositoryTest@1b604f19]" name="tearDownMethod" is-config="true" duration-ms="0" started-at="2014-09-29T21:13:58Z" finished-at="2014-09-29T21:13:58Z">
          <reporter-output>
          </reporter-output>
        </test-method> <!-- tearDownMethod -->
        <test-method status="SKIP" signature="read()[pri:0, instance:com.startup.musicstore.test.repository.TrackRepositoryTest@1b604f19]" name="read" duration-ms="0" started-at="2014-09-29T21:13:59Z" depends-on-methods="com.startup.musicstore.test.repository.TrackRepositoryTest.hello" finished-at="2014-09-29T21:13:59Z">
          <reporter-output>
          </reporter-output>
        </test-method> <!-- read -->
        <test-method status="SKIP" signature="update()[pri:0, instance:com.startup.musicstore.test.repository.TrackRepositoryTest@1b604f19]" name="update" duration-ms="0" started-at="2014-09-29T21:13:59Z" depends-on-methods="com.startup.musicstore.test.repository.TrackRepositoryTest.hello" finished-at="2014-09-29T21:13:59Z">
          <reporter-output>
          </reporter-output>
        </test-method> <!-- update -->
        <test-method status="SKIP" signature="delete()[pri:0, instance:com.startup.musicstore.test.repository.TrackRepositoryTest@1b604f19]" name="delete" duration-ms="0" started-at="2014-09-29T21:13:59Z" depends-on-methods="com.startup.musicstore.test.repository.TrackRepositoryTest.read" finished-at="2014-09-29T21:13:59Z">
          <reporter-output>
          </reporter-output>
        </test-method> <!-- delete -->
        <test-method status="PASS" signature="tearDownClass()[pri:0, instance:com.startup.musicstore.test.repository.TrackRepositoryTest@1b604f19]" name="tearDownClass" is-config="true" duration-ms="0" started-at="2014-09-29T21:13:59Z" finished-at="2014-09-29T21:13:59Z">
          <reporter-output>
          </reporter-output>
        </test-method> <!-- tearDownClass -->
      </class> <!-- com.startup.musicstore.test.repository.TrackRepositoryTest -->
      <class name="com.startup.musicstore.test.repository.CreditCardRepositoryTest">
        <test-method status="PASS" signature="setUpClass()[pri:0, instance:com.startup.musicstore.test.repository.CreditCardRepositoryTest@457e2f02]" name="setUpClass" is-config="true" duration-ms="276" started-at="2014-09-29T21:13:56Z" finished-at="2014-09-29T21:13:56Z">
          <reporter-output>
          </reporter-output>
        </test-method> <!-- setUpClass -->
        <test-method status="PASS" signature="setUpMethod()[pri:0, instance:com.startup.musicstore.test.repository.CreditCardRepositoryTest@457e2f02]" name="setUpMethod" is-config="true" duration-ms="0" started-at="2014-09-29T21:13:56Z" finished-at="2014-09-29T21:13:56Z">
          <reporter-output>
          </reporter-output>
        </test-method> <!-- setUpMethod -->
        <test-method status="FAIL" signature="createCreditCard()[pri:0, instance:com.startup.musicstore.test.repository.CreditCardRepositoryTest@457e2f02]" name="createCreditCard" duration-ms="5" started-at="2014-09-29T21:13:56Z" finished-at="2014-09-29T21:13:56Z">
          <exception class="org.springframework.transaction.CannotCreateTransactionException">
            <message>
              <![CDATA[Could not open JPA EntityManager for transaction; nested exception is javax.persistence.PersistenceException: org.hibernate.exception.GenericJDBCException: Could not open connection]]>
            </message>
            <full-stacktrace>
              <![CDATA[org.springframework.transaction.CannotCreateTransactionException: Could not open JPA EntityManager for transaction; nested exception is javax.persistence.PersistenceException: org.hibernate.exception.GenericJDBCException: Could not open connection
	at org.springframework.orm.jpa.JpaTransactionManager.doBegin(JpaTransactionManager.java:430)
	at org.springframework.transaction.support.AbstractPlatformTransactionManager.getTransaction(AbstractPlatformTransactionManager.java:373)
	at org.springframework.transaction.interceptor.TransactionAspectSupport.createTransactionIfNecessary(TransactionAspectSupport.java:420)
	at org.springframework.transaction.interceptor.TransactionAspectSupport.invokeWithinTransaction(TransactionAspectSupport.java:257)
	at org.springframework.transaction.interceptor.TransactionInterceptor.invoke(TransactionInterceptor.java:95)
	at org.springframework.aop.framework.ReflectiveMethodInvocation.proceed(ReflectiveMethodInvocation.java:179)
	at org.springframework.dao.support.PersistenceExceptionTranslationInterceptor.invoke(PersistenceExceptionTranslationInterceptor.java:136)
	at org.springframework.aop.framework.ReflectiveMethodInvocation.proceed(ReflectiveMethodInvocation.java:179)
	at org.springframework.data.jpa.repository.support.CrudMethodMetadataPostProcessor$CrudMethodMetadataPopulatingMethodIntercceptor.invoke(CrudMethodMetadataPostProcessor.java:111)
	at org.springframework.aop.framework.ReflectiveMethodInvocation.proceed(ReflectiveMethodInvocation.java:179)
	at org.springframework.aop.interceptor.ExposeInvocationInterceptor.invoke(ExposeInvocationInterceptor.java:92)
	at org.springframework.aop.framework.ReflectiveMethodInvocation.proceed(ReflectiveMethodInvocation.java:179)
	at org.springframework.aop.framework.JdkDynamicAopProxy.invoke(JdkDynamicAopProxy.java:207)
	at com.sun.proxy.$Proxy42.save(Unknown Source)
	at com.startup.musicstore.test.repository.CreditCardRepositoryTest.createCreditCard(CreditCardRepositoryTest.java:51)
	at sun.reflect.NativeMethodAccessorImpl.invoke0(Native Method)
	at sun.reflect.NativeMethodAccessorImpl.invoke(NativeMethodAccessorImpl.java:62)
	at sun.reflect.DelegatingMethodAccessorImpl.invoke(DelegatingMethodAccessorImpl.java:43)
	at java.lang.reflect.Method.invoke(Method.java:483)
	at org.testng.internal.MethodInvocationHelper.invokeMethod(MethodInvocationHelper.java:84)
	at org.testng.internal.Invoker.invokeMethod(Invoker.java:714)
	at org.testng.internal.Invoker.invokeTestMethod(Invoker.java:901)
	at org.testng.internal.Invoker.invokeTestMethods(Invoker.java:1231)
	at org.testng.internal.TestMethodWorker.invokeTestMethods(TestMethodWorker.java:127)
	at org.testng.internal.TestMethodWorker.run(TestMethodWorker.java:111)
	at org.testng.TestRunner.privateRun(TestRunner.java:767)
	at org.testng.TestRunner.run(TestRunner.java:617)
	at org.testng.SuiteRunner.runTest(SuiteRunner.java:348)
	at org.testng.SuiteRunner.runSequentially(SuiteRunner.java:343)
	at org.testng.SuiteRunner.privateRun(SuiteRunner.java:305)
	at org.testng.SuiteRunner.run(SuiteRunner.java:254)
	at org.testng.SuiteRunnerWorker.runSuite(SuiteRunnerWorker.java:52)
	at org.testng.SuiteRunnerWorker.run(SuiteRunnerWorker.java:86)
	at org.testng.TestNG.runSuitesSequentially(TestNG.java:1224)
	at org.testng.TestNG.runSuitesLocally(TestNG.java:1149)
	at org.testng.TestNG.run(TestNG.java:1057)
	at org.apache.maven.surefire.testng.TestNGExecutor.run(TestNGExecutor.java:70)
	at org.apache.maven.surefire.testng.TestNGDirectoryTestSuite.executeMulti(TestNGDirectoryTestSuite.java:158)
	at org.apache.maven.surefire.testng.TestNGDirectoryTestSuite.execute(TestNGDirectoryTestSuite.java:98)
	at org.apache.maven.surefire.testng.TestNGProvider.invoke(TestNGProvider.java:111)
	at sun.reflect.NativeMethodAccessorImpl.invoke0(Native Method)
	at sun.reflect.NativeMethodAccessorImpl.invoke(NativeMethodAccessorImpl.java:62)
	at sun.reflect.DelegatingMethodAccessorImpl.invoke(DelegatingMethodAccessorImpl.java:43)
	at java.lang.reflect.Method.invoke(Method.java:483)
	at org.apache.maven.surefire.util.ReflectionUtils.invokeMethodWithArray(ReflectionUtils.java:164)
	at org.apache.maven.surefire.booter.ProviderFactory$ProviderProxy.invoke(ProviderFactory.java:110)
	at org.apache.maven.surefire.booter.SurefireStarter.invokeProvider(SurefireStarter.java:175)
	at org.apache.maven.surefire.booter.SurefireStarter.runSuitesInProcessWhenForked(SurefireStarter.java:107)
	at org.apache.maven.surefire.booter.ForkedBooter.main(ForkedBooter.java:68)
Caused by: javax.persistence.PersistenceException: org.hibernate.exception.GenericJDBCException: Could not open connection
	at org.hibernate.jpa.spi.AbstractEntityManagerImpl.convert(AbstractEntityManagerImpl.java:1763)
	at org.hibernate.jpa.spi.AbstractEntityManagerImpl.convert(AbstractEntityManagerImpl.java:1677)
	at org.hibernate.jpa.spi.AbstractEntityManagerImpl.throwPersistenceException(AbstractEntityManagerImpl.java:1771)
	at org.hibernate.jpa.internal.TransactionImpl.begin(TransactionImpl.java:64)
	at org.springframework.orm.jpa.DefaultJpaDialect.beginTransaction(DefaultJpaDialect.java:67)
	at org.springframework.orm.jpa.vendor.HibernateJpaDialect.beginTransaction(HibernateJpaDialect.java:110)
	at org.springframework.orm.jpa.JpaTransactionManager.doBegin(JpaTransactionManager.java:380)
	... 48 more
Caused by: org.hibernate.exception.GenericJDBCException: Could not open connection
	at org.hibernate.exception.internal.StandardSQLExceptionConverter.convert(StandardSQLExceptionConverter.java:54)
	at org.hibernate.engine.jdbc.spi.SqlExceptionHelper.convert(SqlExceptionHelper.java:126)
	at org.hibernate.engine.jdbc.spi.SqlExceptionHelper.convert(SqlExceptionHelper.java:112)
	at org.hibernate.engine.jdbc.internal.LogicalConnectionImpl.obtainConnection(LogicalConnectionImpl.java:235)
	at org.hibernate.engine.jdbc.internal.LogicalConnectionImpl.getConnection(LogicalConnectionImpl.java:171)
	at org.hibernate.engine.transaction.internal.jdbc.JdbcTransaction.doBegin(JdbcTransaction.java:67)
	at org.hibernate.engine.transaction.spi.AbstractTransactionImpl.begin(AbstractTransactionImpl.java:162)
	at org.hibernate.internal.SessionImpl.beginTransaction(SessionImpl.java:1435)
	at org.hibernate.jpa.internal.TransactionImpl.begin(TransactionImpl.java:61)
	... 51 more
Caused by: org.apache.commons.dbcp.SQLNestedException: Cannot create PoolableConnectionFactory (The connection was refused because the database musicstore was not found.)
	at org.apache.commons.dbcp.BasicDataSource.createPoolableConnectionFactory(BasicDataSource.java:1549)
	at org.apache.commons.dbcp.BasicDataSource.createDataSource(BasicDataSource.java:1388)
	at org.apache.commons.dbcp.BasicDataSource.getConnection(BasicDataSource.java:1044)
	at org.hibernate.engine.jdbc.connections.internal.DatasourceConnectionProviderImpl.getConnection(DatasourceConnectionProviderImpl.java:139)
	at org.hibernate.internal.AbstractSessionImpl$NonContextualJdbcConnectionAccess.obtainConnection(AbstractSessionImpl.java:380)
	at org.hibernate.engine.jdbc.internal.LogicalConnectionImpl.obtainConnection(LogicalConnectionImpl.java:228)
	... 56 more
Caused by: java.sql.SQLNonTransientConnectionException: The connection was refused because the database musicstore was not found.
	at org.apache.derby.client.am.SQLExceptionFactory40.getSQLException(Unknown Source)
	at org.apache.derby.client.am.SqlException.getSQLException(Unknown Source)
	at org.apache.derby.jdbc.ClientDriver.connect(Unknown Source)
	at org.apache.commons.dbcp.DriverConnectionFactory.createConnection(DriverConnectionFactory.java:38)
	at org.apache.commons.dbcp.PoolableConnectionFactory.makeObject(PoolableConnectionFactory.java:582)
	at org.apache.commons.dbcp.BasicDataSource.validateConnectionFactory(BasicDataSource.java:1556)
	at org.apache.commons.dbcp.BasicDataSource.createPoolableConnectionFactory(BasicDataSource.java:1545)
	... 61 more
Caused by: org.apache.derby.client.am.DisconnectException: The connection was refused because the database musicstore was not found.
	at org.apache.derby.client.net.NetConnectionReply.parseRDBNFNRM(Unknown Source)
	at org.apache.derby.client.net.NetConnectionReply.parseAccessRdbError(Unknown Source)
	at org.apache.derby.client.net.NetConnectionReply.parseACCRDBreply(Unknown Source)
	at org.apache.derby.client.net.NetConnectionReply.readAccessDatabase(Unknown Source)
	at org.apache.derby.client.net.NetConnection.readSecurityCheckAndAccessRdb(Unknown Source)
	at org.apache.derby.client.net.NetConnection.flowSecurityCheckAndAccessRdb(Unknown Source)
	at org.apache.derby.client.net.NetConnection.flowUSRIDPWDconnect(Unknown Source)
	at org.apache.derby.client.net.NetConnection.flowConnect(Unknown Source)
	at org.apache.derby.client.net.NetConnection.<init>(Unknown Source)
	at org.apache.derby.client.net.NetConnection40.<init>(Unknown Source)
	at org.apache.derby.client.net.ClientJDBCObjectFactoryImpl40.newNetConnection(Unknown Source)
	... 66 more
]]>
            </full-stacktrace>
          </exception> <!-- org.springframework.transaction.CannotCreateTransactionException -->
          <reporter-output>
          </reporter-output>
        </test-method> <!-- createCreditCard -->
        <test-method status="PASS" signature="tearDownMethod()[pri:0, instance:com.startup.musicstore.test.repository.CreditCardRepositoryTest@457e2f02]" name="tearDownMethod" is-config="true" duration-ms="0" started-at="2014-09-29T21:13:56Z" finished-at="2014-09-29T21:13:56Z">
          <reporter-output>
          </reporter-output>
        </test-method> <!-- tearDownMethod -->
        <test-method status="SKIP" signature="readCreditCard()[pri:0, instance:com.startup.musicstore.test.repository.CreditCardRepositoryTest@457e2f02]" name="readCreditCard" duration-ms="0" started-at="2014-09-29T21:13:59Z" depends-on-methods="com.startup.musicstore.test.repository.CreditCardRepositoryTest.createCreditCard" finished-at="2014-09-29T21:13:59Z">
          <reporter-output>
          </reporter-output>
        </test-method> <!-- readCreditCard -->
        <test-method status="SKIP" signature="updateCreditCard()[pri:0, instance:com.startup.musicstore.test.repository.CreditCardRepositoryTest@457e2f02]" name="updateCreditCard" duration-ms="0" started-at="2014-09-29T21:13:59Z" depends-on-methods="com.startup.musicstore.test.repository.CreditCardRepositoryTest.readCreditCard" finished-at="2014-09-29T21:13:59Z">
          <reporter-output>
          </reporter-output>
        </test-method> <!-- updateCreditCard -->
        <test-method status="SKIP" signature="deleteCreditCard()[pri:0, instance:com.startup.musicstore.test.repository.CreditCardRepositoryTest@457e2f02]" name="deleteCreditCard" duration-ms="0" started-at="2014-09-29T21:13:59Z" depends-on-methods="com.startup.musicstore.test.repository.CreditCardRepositoryTest.updateCreditCard" finished-at="2014-09-29T21:13:59Z">
          <reporter-output>
          </reporter-output>
        </test-method> <!-- deleteCreditCard -->
        <test-method status="PASS" signature="tearDownClass()[pri:0, instance:com.startup.musicstore.test.repository.CreditCardRepositoryTest@457e2f02]" name="tearDownClass" is-config="true" duration-ms="0" started-at="2014-09-29T21:13:59Z" finished-at="2014-09-29T21:13:59Z">
          <reporter-output>
          </reporter-output>
        </test-method> <!-- tearDownClass -->
      </class> <!-- com.startup.musicstore.test.repository.CreditCardRepositoryTest -->
      <class name="com.startup.musicstore.test.repository.AlbumsRepositoryTest">
        <test-method status="PASS" signature="setUpClass()[pri:0, instance:com.startup.musicstore.test.repository.AlbumsRepositoryTest@8bd1b6a]" name="setUpClass" is-config="true" duration-ms="398" started-at="2014-09-29T21:13:55Z" finished-at="2014-09-29T21:13:55Z">
          <reporter-output>
          </reporter-output>
        </test-method> <!-- setUpClass -->
        <test-method status="PASS" signature="setUpMethod()[pri:0, instance:com.startup.musicstore.test.repository.AlbumsRepositoryTest@8bd1b6a]" name="setUpMethod" is-config="true" duration-ms="1" started-at="2014-09-29T21:13:55Z" finished-at="2014-09-29T21:13:55Z">
          <reporter-output>
          </reporter-output>
        </test-method> <!-- setUpMethod -->
        <test-method status="FAIL" signature="create()[pri:0, instance:com.startup.musicstore.test.repository.AlbumsRepositoryTest@8bd1b6a]" name="create" duration-ms="5" started-at="2014-09-29T21:13:55Z" finished-at="2014-09-29T21:13:55Z">
          <exception class="org.springframework.transaction.CannotCreateTransactionException">
            <message>
              <![CDATA[Could not open JPA EntityManager for transaction; nested exception is javax.persistence.PersistenceException: org.hibernate.exception.GenericJDBCException: Could not open connection]]>
            </message>
            <full-stacktrace>
              <![CDATA[org.springframework.transaction.CannotCreateTransactionException: Could not open JPA EntityManager for transaction; nested exception is javax.persistence.PersistenceException: org.hibernate.exception.GenericJDBCException: Could not open connection
	at org.springframework.orm.jpa.JpaTransactionManager.doBegin(JpaTransactionManager.java:430)
	at org.springframework.transaction.support.AbstractPlatformTransactionManager.getTransaction(AbstractPlatformTransactionManager.java:373)
	at org.springframework.transaction.interceptor.TransactionAspectSupport.createTransactionIfNecessary(TransactionAspectSupport.java:420)
	at org.springframework.transaction.interceptor.TransactionAspectSupport.invokeWithinTransaction(TransactionAspectSupport.java:257)
	at org.springframework.transaction.interceptor.TransactionInterceptor.invoke(TransactionInterceptor.java:95)
	at org.springframework.aop.framework.ReflectiveMethodInvocation.proceed(ReflectiveMethodInvocation.java:179)
	at org.springframework.dao.support.PersistenceExceptionTranslationInterceptor.invoke(PersistenceExceptionTranslationInterceptor.java:136)
	at org.springframework.aop.framework.ReflectiveMethodInvocation.proceed(ReflectiveMethodInvocation.java:179)
	at org.springframework.data.jpa.repository.support.CrudMethodMetadataPostProcessor$CrudMethodMetadataPopulatingMethodIntercceptor.invoke(CrudMethodMetadataPostProcessor.java:111)
	at org.springframework.aop.framework.ReflectiveMethodInvocation.proceed(ReflectiveMethodInvocation.java:179)
	at org.springframework.aop.interceptor.ExposeInvocationInterceptor.invoke(ExposeInvocationInterceptor.java:92)
	at org.springframework.aop.framework.ReflectiveMethodInvocation.proceed(ReflectiveMethodInvocation.java:179)
	at org.springframework.aop.framework.JdkDynamicAopProxy.invoke(JdkDynamicAopProxy.java:207)
	at com.sun.proxy.$Proxy39.save(Unknown Source)
	at com.startup.musicstore.test.repository.AlbumsRepositoryTest.create(AlbumsRepositoryTest.java:46)
	at sun.reflect.NativeMethodAccessorImpl.invoke0(Native Method)
	at sun.reflect.NativeMethodAccessorImpl.invoke(NativeMethodAccessorImpl.java:62)
	at sun.reflect.DelegatingMethodAccessorImpl.invoke(DelegatingMethodAccessorImpl.java:43)
	at java.lang.reflect.Method.invoke(Method.java:483)
	at org.testng.internal.MethodInvocationHelper.invokeMethod(MethodInvocationHelper.java:84)
	at org.testng.internal.Invoker.invokeMethod(Invoker.java:714)
	at org.testng.internal.Invoker.invokeTestMethod(Invoker.java:901)
	at org.testng.internal.Invoker.invokeTestMethods(Invoker.java:1231)
	at org.testng.internal.TestMethodWorker.invokeTestMethods(TestMethodWorker.java:127)
	at org.testng.internal.TestMethodWorker.run(TestMethodWorker.java:111)
	at org.testng.TestRunner.privateRun(TestRunner.java:767)
	at org.testng.TestRunner.run(TestRunner.java:617)
	at org.testng.SuiteRunner.runTest(SuiteRunner.java:348)
	at org.testng.SuiteRunner.runSequentially(SuiteRunner.java:343)
	at org.testng.SuiteRunner.privateRun(SuiteRunner.java:305)
	at org.testng.SuiteRunner.run(SuiteRunner.java:254)
	at org.testng.SuiteRunnerWorker.runSuite(SuiteRunnerWorker.java:52)
	at org.testng.SuiteRunnerWorker.run(SuiteRunnerWorker.java:86)
	at org.testng.TestNG.runSuitesSequentially(TestNG.java:1224)
	at org.testng.TestNG.runSuitesLocally(TestNG.java:1149)
	at org.testng.TestNG.run(TestNG.java:1057)
	at org.apache.maven.surefire.testng.TestNGExecutor.run(TestNGExecutor.java:70)
	at org.apache.maven.surefire.testng.TestNGDirectoryTestSuite.executeMulti(TestNGDirectoryTestSuite.java:158)
	at org.apache.maven.surefire.testng.TestNGDirectoryTestSuite.execute(TestNGDirectoryTestSuite.java:98)
	at org.apache.maven.surefire.testng.TestNGProvider.invoke(TestNGProvider.java:111)
	at sun.reflect.NativeMethodAccessorImpl.invoke0(Native Method)
	at sun.reflect.NativeMethodAccessorImpl.invoke(NativeMethodAccessorImpl.java:62)
	at sun.reflect.DelegatingMethodAccessorImpl.invoke(DelegatingMethodAccessorImpl.java:43)
	at java.lang.reflect.Method.invoke(Method.java:483)
	at org.apache.maven.surefire.util.ReflectionUtils.invokeMethodWithArray(ReflectionUtils.java:164)
	at org.apache.maven.surefire.booter.ProviderFactory$ProviderProxy.invoke(ProviderFactory.java:110)
	at org.apache.maven.surefire.booter.SurefireStarter.invokeProvider(SurefireStarter.java:175)
	at org.apache.maven.surefire.booter.SurefireStarter.runSuitesInProcessWhenForked(SurefireStarter.java:107)
	at org.apache.maven.surefire.booter.ForkedBooter.main(ForkedBooter.java:68)
Caused by: javax.persistence.PersistenceException: org.hibernate.exception.GenericJDBCException: Could not open connection
	at org.hibernate.jpa.spi.AbstractEntityManagerImpl.convert(AbstractEntityManagerImpl.java:1763)
	at org.hibernate.jpa.spi.AbstractEntityManagerImpl.convert(AbstractEntityManagerImpl.java:1677)
	at org.hibernate.jpa.spi.AbstractEntityManagerImpl.throwPersistenceException(AbstractEntityManagerImpl.java:1771)
	at org.hibernate.jpa.internal.TransactionImpl.begin(TransactionImpl.java:64)
	at org.springframework.orm.jpa.DefaultJpaDialect.beginTransaction(DefaultJpaDialect.java:67)
	at org.springframework.orm.jpa.vendor.HibernateJpaDialect.beginTransaction(HibernateJpaDialect.java:110)
	at org.springframework.orm.jpa.JpaTransactionManager.doBegin(JpaTransactionManager.java:380)
	... 48 more
Caused by: org.hibernate.exception.GenericJDBCException: Could not open connection
	at org.hibernate.exception.internal.StandardSQLExceptionConverter.convert(StandardSQLExceptionConverter.java:54)
	at org.hibernate.engine.jdbc.spi.SqlExceptionHelper.convert(SqlExceptionHelper.java:126)
	at org.hibernate.engine.jdbc.spi.SqlExceptionHelper.convert(SqlExceptionHelper.java:112)
	at org.hibernate.engine.jdbc.internal.LogicalConnectionImpl.obtainConnection(LogicalConnectionImpl.java:235)
	at org.hibernate.engine.jdbc.internal.LogicalConnectionImpl.getConnection(LogicalConnectionImpl.java:171)
	at org.hibernate.engine.transaction.internal.jdbc.JdbcTransaction.doBegin(JdbcTransaction.java:67)
	at org.hibernate.engine.transaction.spi.AbstractTransactionImpl.begin(AbstractTransactionImpl.java:162)
	at org.hibernate.internal.SessionImpl.beginTransaction(SessionImpl.java:1435)
	at org.hibernate.jpa.internal.TransactionImpl.begin(TransactionImpl.java:61)
	... 51 more
Caused by: org.apache.commons.dbcp.SQLNestedException: Cannot create PoolableConnectionFactory (The connection was refused because the database musicstore was not found.)
	at org.apache.commons.dbcp.BasicDataSource.createPoolableConnectionFactory(BasicDataSource.java:1549)
	at org.apache.commons.dbcp.BasicDataSource.createDataSource(BasicDataSource.java:1388)
	at org.apache.commons.dbcp.BasicDataSource.getConnection(BasicDataSource.java:1044)
	at org.hibernate.engine.jdbc.connections.internal.DatasourceConnectionProviderImpl.getConnection(DatasourceConnectionProviderImpl.java:139)
	at org.hibernate.internal.AbstractSessionImpl$NonContextualJdbcConnectionAccess.obtainConnection(AbstractSessionImpl.java:380)
	at org.hibernate.engine.jdbc.internal.LogicalConnectionImpl.obtainConnection(LogicalConnectionImpl.java:228)
	... 56 more
Caused by: java.sql.SQLNonTransientConnectionException: The connection was refused because the database musicstore was not found.
	at org.apache.derby.client.am.SQLExceptionFactory40.getSQLException(Unknown Source)
	at org.apache.derby.client.am.SqlException.getSQLException(Unknown Source)
	at org.apache.derby.jdbc.ClientDriver.connect(Unknown Source)
	at org.apache.commons.dbcp.DriverConnectionFactory.createConnection(DriverConnectionFactory.java:38)
	at org.apache.commons.dbcp.PoolableConnectionFactory.makeObject(PoolableConnectionFactory.java:582)
	at org.apache.commons.dbcp.BasicDataSource.validateConnectionFactory(BasicDataSource.java:1556)
	at org.apache.commons.dbcp.BasicDataSource.createPoolableConnectionFactory(BasicDataSource.java:1545)
	... 61 more
Caused by: org.apache.derby.client.am.DisconnectException: The connection was refused because the database musicstore was not found.
	at org.apache.derby.client.net.NetConnectionReply.parseRDBNFNRM(Unknown Source)
	at org.apache.derby.client.net.NetConnectionReply.parseAccessRdbError(Unknown Source)
	at org.apache.derby.client.net.NetConnectionReply.parseACCRDBreply(Unknown Source)
	at org.apache.derby.client.net.NetConnectionReply.readAccessDatabase(Unknown Source)
	at org.apache.derby.client.net.NetConnection.readSecurityCheckAndAccessRdb(Unknown Source)
	at org.apache.derby.client.net.NetConnection.flowSecurityCheckAndAccessRdb(Unknown Source)
	at org.apache.derby.client.net.NetConnection.flowUSRIDPWDconnect(Unknown Source)
	at org.apache.derby.client.net.NetConnection.flowConnect(Unknown Source)
	at org.apache.derby.client.net.NetConnection.<init>(Unknown Source)
	at org.apache.derby.client.net.NetConnection40.<init>(Unknown Source)
	at org.apache.derby.client.net.ClientJDBCObjectFactoryImpl40.newNetConnection(Unknown Source)
	... 66 more
]]>
            </full-stacktrace>
          </exception> <!-- org.springframework.transaction.CannotCreateTransactionException -->
          <reporter-output>
          </reporter-output>
        </test-method> <!-- create -->
        <test-method status="PASS" signature="tearDownMethod()[pri:0, instance:com.startup.musicstore.test.repository.AlbumsRepositoryTest@8bd1b6a]" name="tearDownMethod" is-config="true" duration-ms="0" started-at="2014-09-29T21:13:55Z" finished-at="2014-09-29T21:13:55Z">
          <reporter-output>
          </reporter-output>
        </test-method> <!-- tearDownMethod -->
        <test-method status="SKIP" signature="update()[pri:0, instance:com.startup.musicstore.test.repository.AlbumsRepositoryTest@8bd1b6a]" name="update" duration-ms="0" started-at="2014-09-29T21:13:59Z" depends-on-methods="com.startup.musicstore.test.repository.AlbumsRepositoryTest.create" finished-at="2014-09-29T21:13:59Z">
          <reporter-output>
          </reporter-output>
        </test-method> <!-- update -->
        <test-method status="SKIP" signature="read()[pri:0, instance:com.startup.musicstore.test.repository.AlbumsRepositoryTest@8bd1b6a]" name="read" duration-ms="0" started-at="2014-09-29T21:13:59Z" depends-on-methods="com.startup.musicstore.test.repository.AlbumsRepositoryTest.create" finished-at="2014-09-29T21:13:59Z">
          <reporter-output>
          </reporter-output>
        </test-method> <!-- read -->
        <test-method status="PASS" signature="tearDownClass()[pri:0, instance:com.startup.musicstore.test.repository.AlbumsRepositoryTest@8bd1b6a]" name="tearDownClass" is-config="true" duration-ms="0" started-at="2014-09-29T21:13:59Z" finished-at="2014-09-29T21:13:59Z">
          <reporter-output>
          </reporter-output>
        </test-method> <!-- tearDownClass -->
        <test-method status="SKIP" signature="delete()[pri:0, instance:com.startup.musicstore.test.repository.AlbumsRepositoryTest@8bd1b6a]" name="delete" duration-ms="0" started-at="2014-09-29T21:13:59Z" depends-on-methods="com.startup.musicstore.test.repository.AlbumsRepositoryTest.read" finished-at="2014-09-29T21:13:59Z">
          <reporter-output>
          </reporter-output>
        </test-method> <!-- delete -->
      </class> <!-- com.startup.musicstore.test.repository.AlbumsRepositoryTest -->
      <class name="com.startup.musicstore.test.services.GetSalesCategoryListTest">
        <test-method status="PASS" signature="setUpClass()[pri:0, instance:com.startup.musicstore.test.services.GetSalesCategoryListTest@7823a2f9]" name="setUpClass" is-config="true" duration-ms="184" started-at="2014-09-29T21:13:57Z" finished-at="2014-09-29T21:13:57Z">
          <reporter-output>
          </reporter-output>
        </test-method> <!-- setUpClass -->
        <test-method status="FAIL" signature="hello()[pri:0, instance:com.startup.musicstore.test.services.GetSalesCategoryListTest@7823a2f9]" name="hello" duration-ms="6" started-at="2014-09-29T21:13:57Z" finished-at="2014-09-29T21:13:57Z">
          <exception class="org.springframework.transaction.CannotCreateTransactionException">
            <message>
              <![CDATA[Could not open JPA EntityManager for transaction; nested exception is javax.persistence.PersistenceException: org.hibernate.exception.GenericJDBCException: Could not open connection]]>
            </message>
            <full-stacktrace>
              <![CDATA[org.springframework.transaction.CannotCreateTransactionException: Could not open JPA EntityManager for transaction; nested exception is javax.persistence.PersistenceException: org.hibernate.exception.GenericJDBCException: Could not open connection
	at org.springframework.orm.jpa.JpaTransactionManager.doBegin(JpaTransactionManager.java:430)
	at org.springframework.transaction.support.AbstractPlatformTransactionManager.getTransaction(AbstractPlatformTransactionManager.java:373)
	at org.springframework.transaction.interceptor.TransactionAspectSupport.createTransactionIfNecessary(TransactionAspectSupport.java:420)
	at org.springframework.transaction.interceptor.TransactionAspectSupport.invokeWithinTransaction(TransactionAspectSupport.java:257)
	at org.springframework.transaction.interceptor.TransactionInterceptor.invoke(TransactionInterceptor.java:95)
	at org.springframework.aop.framework.ReflectiveMethodInvocation.proceed(ReflectiveMethodInvocation.java:179)
	at org.springframework.dao.support.PersistenceExceptionTranslationInterceptor.invoke(PersistenceExceptionTranslationInterceptor.java:136)
	at org.springframework.aop.framework.ReflectiveMethodInvocation.proceed(ReflectiveMethodInvocation.java:179)
	at org.springframework.data.jpa.repository.support.CrudMethodMetadataPostProcessor$CrudMethodMetadataPopulatingMethodIntercceptor.invoke(CrudMethodMetadataPostProcessor.java:111)
	at org.springframework.aop.framework.ReflectiveMethodInvocation.proceed(ReflectiveMethodInvocation.java:179)
	at org.springframework.aop.interceptor.ExposeInvocationInterceptor.invoke(ExposeInvocationInterceptor.java:92)
	at org.springframework.aop.framework.ReflectiveMethodInvocation.proceed(ReflectiveMethodInvocation.java:179)
	at org.springframework.aop.framework.JdkDynamicAopProxy.invoke(JdkDynamicAopProxy.java:207)
	at com.sun.proxy.$Proxy46.save(Unknown Source)
	at com.startup.musicstore.test.services.GetSalesCategoryListTest.hello(GetSalesCategoryListTest.java:54)
	at sun.reflect.NativeMethodAccessorImpl.invoke0(Native Method)
	at sun.reflect.NativeMethodAccessorImpl.invoke(NativeMethodAccessorImpl.java:62)
	at sun.reflect.DelegatingMethodAccessorImpl.invoke(DelegatingMethodAccessorImpl.java:43)
	at java.lang.reflect.Method.invoke(Method.java:483)
	at org.testng.internal.MethodInvocationHelper.invokeMethod(MethodInvocationHelper.java:84)
	at org.testng.internal.Invoker.invokeMethod(Invoker.java:714)
	at org.testng.internal.Invoker.invokeTestMethod(Invoker.java:901)
	at org.testng.internal.Invoker.invokeTestMethods(Invoker.java:1231)
	at org.testng.internal.TestMethodWorker.invokeTestMethods(TestMethodWorker.java:127)
	at org.testng.internal.TestMethodWorker.run(TestMethodWorker.java:111)
	at org.testng.TestRunner.privateRun(TestRunner.java:767)
	at org.testng.TestRunner.run(TestRunner.java:617)
	at org.testng.SuiteRunner.runTest(SuiteRunner.java:348)
	at org.testng.SuiteRunner.runSequentially(SuiteRunner.java:343)
	at org.testng.SuiteRunner.privateRun(SuiteRunner.java:305)
	at org.testng.SuiteRunner.run(SuiteRunner.java:254)
	at org.testng.SuiteRunnerWorker.runSuite(SuiteRunnerWorker.java:52)
	at org.testng.SuiteRunnerWorker.run(SuiteRunnerWorker.java:86)
	at org.testng.TestNG.runSuitesSequentially(TestNG.java:1224)
	at org.testng.TestNG.runSuitesLocally(TestNG.java:1149)
	at org.testng.TestNG.run(TestNG.java:1057)
	at org.apache.maven.surefire.testng.TestNGExecutor.run(TestNGExecutor.java:70)
	at org.apache.maven.surefire.testng.TestNGDirectoryTestSuite.executeMulti(TestNGDirectoryTestSuite.java:158)
	at org.apache.maven.surefire.testng.TestNGDirectoryTestSuite.execute(TestNGDirectoryTestSuite.java:98)
	at org.apache.maven.surefire.testng.TestNGProvider.invoke(TestNGProvider.java:111)
	at sun.reflect.NativeMethodAccessorImpl.invoke0(Native Method)
	at sun.reflect.NativeMethodAccessorImpl.invoke(NativeMethodAccessorImpl.java:62)
	at sun.reflect.DelegatingMethodAccessorImpl.invoke(DelegatingMethodAccessorImpl.java:43)
	at java.lang.reflect.Method.invoke(Method.java:483)
	at org.apache.maven.surefire.util.ReflectionUtils.invokeMethodWithArray(ReflectionUtils.java:164)
[...]
	at org.hibernate.jpa.spi.AbstractEntityManagerImpl.convert(AbstractEntityManagerImpl.java:1763)
	at org.hibernate.jpa.spi.AbstractEntityManagerImpl.convert(AbstractEntityManagerImpl.java:1677)
	at org.hibernate.jpa.spi.AbstractEntityManagerImpl.throwPersistenceException(AbstractEntityManagerImpl.java:1771)
	at org.hibernate.jpa.internal.TransactionImpl.begin(TransactionImpl.java:64)
	at org.springframework.orm.jpa.DefaultJpaDialect.beginTransaction(DefaultJpaDialect.java:67)
	at org.springframework.orm.jpa.vendor.HibernateJpaDialect.beginTransaction(HibernateJpaDialect.java:110)
	at org.springframework.orm.jpa.JpaTransactionManager.doBegin(JpaTransactionManager.java:380)
	... 48 more
Caused by: org.hibernate.exception.GenericJDBCException: Could not open connection
	at org.hibernate.exception.internal.StandardSQLExceptionConverter.convert(StandardSQLExceptionConverter.java:54)
	at org.hibernate.engine.jdbc.spi.SqlExceptionHelper.convert(SqlExceptionHelper.java:126)
	at org.hibernate.engine.jdbc.spi.SqlExceptionHelper.convert(SqlExceptionHelper.java:112)
	at org.hibernate.engine.jdbc.internal.LogicalConnectionImpl.obtainConnection(LogicalConnectionImpl.java:235)
	at org.hibernate.engine.jdbc.internal.LogicalConnectionImpl.getConnection(LogicalConnectionImpl.java:171)
	at org.hibernate.engine.transaction.internal.jdbc.JdbcTransaction.doBegin(JdbcTransaction.java:67)
	at org.hibernate.engine.transaction.spi.AbstractTransactionImpl.begin(AbstractTransactionImpl.java:162)
	at org.hibernate.internal.SessionImpl.beginTransaction(SessionImpl.java:1435)
	at org.hibernate.jpa.internal.TransactionImpl.begin(TransactionImpl.java:61)
	... 51 more
Caused by: org.apache.commons.dbcp.SQLNestedException: Cannot create PoolableConnectionFactory (The connection was refused because the database musicstore was not found.)
	at org.apache.commons.dbcp.BasicDataSource.createPoolableConnectionFactory(BasicDataSource.java:1549)
	at org.apache.commons.dbcp.BasicDataSource.createDataSource(BasicDataSource.java:1388)
	at org.apache.commons.dbcp.BasicDataSource.getConnection(BasicDataSource.java:1044)
	at org.hibernate.engine.jdbc.connections.internal.DatasourceConnectionProviderImpl.getConnection(DatasourceConnectionProviderImpl.java:139)
	at org.hibernate.internal.AbstractSessionImpl$NonContextualJdbcConnectionAccess.obtainConnection(AbstractSessionImpl.java:380)
	at org.hibernate.engine.jdbc.internal.LogicalConnectionImpl.obtainConnection(LogicalConnectionImpl.java:228)
	... 56 more
Caused by: java.sql.SQLNonTransientConnectionException: The connection was refused because the database musicstore was not found.
	at org.apache.derby.client.am.SQLExceptionFactory40.getSQLException(Unknown Source)
	at org.apache.derby.client.am.SqlException.getSQLException(Unknown Source)
	at org.apache.derby.jdbc.ClientDriver.connect(Unknown Source)
	at org.apache.commons.dbcp.DriverConnectionFactory.createConnection(DriverConnectionFactory.java:38)
	at org.apache.commons.dbcp.PoolableConnectionFactory.makeObject(PoolableConnectionFactory.java:582)
	at org.apache.commons.dbcp.BasicDataSource.validateConnectionFactory(BasicDataSource.java:1556)
	at org.apache.commons.dbcp.BasicDataSource.createPoolableConnectionFactory(BasicDataSource.java:1545)
	... 61 more
Caused by: org.apache.derby.client.am.DisconnectException: The connection was refused because the database musicstore was not found.
	at org.apache.derby.client.net.NetConnectionReply.parseRDBNFNRM(Unknown Source)
	at org.apache.derby.client.net.NetConnectionReply.parseAccessRdbError(Unknown Source)
	at org.apache.derby.client.net.NetConnectionReply.parseACCRDBreply(Unknown Source)
	at org.apache.derby.client.net.NetConnectionReply.readAccessDatabase(Unknown Source)
	at org.apache.derby.client.net.NetConnection.readSecurityCheckAndAccessRdb(Unknown Source)
	at org.apache.derby.client.net.NetConnection.flowSecurityCheckAndAccessRdb(Unknown Source)
	at org.apache.derby.client.net.NetConnection.flowUSRIDPWDconnect(Unknown Source)
	at org.apache.derby.client.net.NetConnection.flowConnect(Unknown Source)
	at org.apache.derby.client.net.NetConnection.<init>(Unknown Source)
	at org.apache.derby.client.net.NetConnection40.<init>(Unknown Source)
	at org.apache.derby.client.net.ClientJDBCObjectFactoryImpl40.newNetConnection(Unknown Source)
	... 66 more
]]>
            </full-stacktrace>
          </exception> <!-- org.springframework.transaction.CannotCreateTransactionException -->
          <reporter-output>
          </reporter-output>
        </test-method> <!-- create -->
        <test-method status="PASS" signature="setUpMethod()[pri:0, instance:com.startup.musicstore.test.repository.OrderItemsRepositoryTest@724af044]" name="setUpMethod" is-config="true" duration-ms="0" started-at="2014-09-29T21:13:57Z" finished-at="2014-09-29T21:13:57Z">
          <reporter-output>
          </reporter-output>
        </test-method> <!-- setUpMethod -->
        <test-method status="PASS" signature="tearDownMethod()[pri:0, instance:com.startup.musicstore.test.repository.OrderItemsRepositoryTest@724af044]" name="tearDownMethod" is-config="true" duration-ms="1" started-at="2014-09-29T21:13:57Z" finished-at="2014-09-29T21:13:57Z">
          <reporter-output>
          </reporter-output>
        </test-method> <!-- tearDownMethod -->
        <test-method status="SKIP" signature="read()[pri:0, instance:com.startup.musicstore.test.repository.OrderItemsRepositoryTest@724af044]" name="read" duration-ms="0" started-at="2014-09-29T21:13:59Z" depends-on-methods="com.startup.musicstore.test.repository.OrderItemsRepositoryTest.create" finished-at="2014-09-29T21:13:59Z">
          <reporter-output>
          </reporter-output>
        </test-method> <!-- read -->
        <test-method status="SKIP" signature="update()[pri:0, instance:com.startup.musicstore.test.repository.OrderItemsRepositoryTest@724af044]" name="update" duration-ms="0" started-at="2014-09-29T21:13:59Z" depends-on-methods="com.startup.musicstore.test.repository.OrderItemsRepositoryTest.create" finished-at="2014-09-29T21:13:59Z">
          <reporter-output>
          </reporter-output>
        </test-method> <!-- update -->
        <test-method status="SKIP" signature="delete()[pri:0, instance:com.startup.musicstore.test.repository.OrderItemsRepositoryTest@724af044]" name="delete" duration-ms="0" started-at="2014-09-29T21:13:59Z" depends-on-methods="com.startup.musicstore.test.repository.OrderItemsRepositoryTest.read" finished-at="2014-09-29T21:13:59Z">
          <reporter-output>
          </reporter-output>
        </test-method> <!-- delete -->
        <test-method status="PASS" signature="tearDownClass()[pri:0, instance:com.startup.musicstore.test.repository.OrderItemsRepositoryTest@724af044]" name="tearDownClass" is-config="true" duration-ms="0" started-at="2014-09-29T21:13:59Z" finished-at="2014-09-29T21:13:59Z">
          <reporter-output>
          </reporter-output>
        </test-method> <!-- tearDownClass -->
      </class> <!-- com.startup.musicstore.test.repository.OrderItemsRepositoryTest -->
      <class name="com.startup.musicstore.test.repository.OrderRepositoryTest">
        <test-method status="PASS" signature="setUpClass()[pri:0, instance:com.startup.musicstore.test.repository.OrderRepositoryTest@cc285f4]" name="setUpClass" is-config="true" duration-ms="184" started-at="2014-09-29T21:13:57Z" finished-at="2014-09-29T21:13:58Z">
          <reporter-output>
          </reporter-output>
        </test-method> <!-- setUpClass -->
        <test-method status="FAIL" signature="create()[pri:0, instance:com.startup.musicstore.test.repository.OrderRepositoryTest@cc285f4]" name="create" duration-ms="4" started-at="2014-09-29T21:13:58Z" finished-at="2014-09-29T21:13:58Z">
          <exception class="org.springframework.transaction.CannotCreateTransactionException">
            <message>
              <![CDATA[Could not open JPA EntityManager for transaction; nested exception is javax.persistence.PersistenceException: org.hibernate.exception.GenericJDBCException: Could not open connection]]>
            </message>
            <full-stacktrace>
              <![CDATA[org.springframework.transaction.CannotCreateTransactionException: Could not open JPA EntityManager for transaction; nested exception is javax.persistence.PersistenceException: org.hibernate.exception.GenericJDBCException: Could not open connection
	at org.springframework.orm.jpa.JpaTransactionManager.doBegin(JpaTransactionManager.java:430)
	at org.springframework.transaction.support.AbstractPlatformTransactionManager.getTransaction(AbstractPlatformTransactionManager.java:373)
	at org.springframework.transaction.interceptor.TransactionAspectSupport.createTransactionIfNecessary(TransactionAspectSupport.java:420)
	at org.springframework.transaction.interceptor.TransactionAspectSupport.invokeWithinTransaction(TransactionAspectSupport.java:257)
	at org.springframework.transaction.interceptor.TransactionInterceptor.invoke(TransactionInterceptor.java:95)
	at org.springframework.aop.framework.ReflectiveMethodInvocation.proceed(ReflectiveMethodInvocation.java:179)
	at org.springframework.dao.support.PersistenceExceptionTranslationInterceptor.invoke(PersistenceExceptionTranslationInterceptor.java:136)
	at org.springframework.aop.framework.ReflectiveMethodInvocation.proceed(ReflectiveMethodInvocation.java:179)
	at org.springframework.data.jpa.repository.support.CrudMethodMetadataPostProcessor$CrudMethodMetadataPopulatingMethodIntercceptor.invoke(CrudMethodMetadataPostProcessor.java:111)
	at org.springframework.aop.framework.ReflectiveMethodInvocation.proceed(ReflectiveMethodInvocation.java:179)
	at org.springframework.aop.interceptor.ExposeInvocationInterceptor.invoke(ExposeInvocationInterceptor.java:92)
	at org.springframework.aop.framework.ReflectiveMethodInvocation.proceed(ReflectiveMethodInvocation.java:179)
	at org.springframework.aop.framework.JdkDynamicAopProxy.invoke(JdkDynamicAopProxy.java:207)
	at com.sun.proxy.$Proxy44.save(Unknown Source)
	at com.startup.musicstore.test.repository.OrderRepositoryTest.create(OrderRepositoryTest.java:46)
	at sun.reflect.NativeMethodAccessorImpl.invoke0(Native Method)
	at sun.reflect.NativeMethodAccessorImpl.invoke(NativeMethodAccessorImpl.java:62)
	at sun.reflect.DelegatingMethodAccessorImpl.invoke(DelegatingMethodAccessorImpl.java:43)
	at java.lang.reflect.Method.invoke(Method.java:483)
	at org.testng.internal.MethodInvocationHelper.invokeMethod(MethodInvocationHelper.java:84)
	at org.testng.internal.Invoker.invokeMethod(Invoker.java:714)
	at org.testng.internal.Invoker.invokeTestMethod(Invoker.java:901)
	at org.testng.internal.Invoker.invokeTestMethods(Invoker.java:1231)
	at org.testng.internal.TestMethodWorker.invokeTestMethods(TestMethodWorker.java:127)
	at org.testng.internal.TestMethodWorker.run(TestMethodWorker.java:111)
	at org.testng.TestRunner.privateRun(TestRunner.java:767)
	at org.testng.TestRunner.run(TestRunner.java:617)
	at org.testng.SuiteRunner.runTest(SuiteRunner.java:348)
	at org.testng.SuiteRunner.runSequentially(SuiteRunner.java:343)
	at org.testng.SuiteRunner.privateRun(SuiteRunner.java:305)
	at org.testng.SuiteRunner.run(SuiteRunner.java:254)
	at org.testng.SuiteRunnerWorker.runSuite(SuiteRunnerWorker.java:52)
	at org.testng.SuiteRunnerWorker.run(SuiteRunnerWorker.java:86)
	at org.testng.TestNG.runSuitesSequentially(TestNG.java:1224)
	at org.testng.TestNG.runSuitesLocally(TestNG.java:1149)
	at org.testng.TestNG.run(TestNG.java:1057)
	at org.apache.maven.surefire.testng.TestNGExecutor.run(TestNGExecutor.java:70)
	at org.apache.maven.surefire.testng.TestNGDirectoryTestSuite.executeMulti(TestNGDirectoryTestSuite.java:158)
	at org.apache.maven.surefire.testng.TestNGDirectoryTestSuite.execute(TestNGDirectoryTestSuite.java:98)
	at org.apache.maven.surefire.testng.TestNGProvider.invoke(TestNGProvider.java:111)
	at sun.reflect.NativeMethodAccessorImpl.invoke0(Native Method)
	at sun.reflect.NativeMethodAccessorImpl.invoke(NativeMethodAccessorImpl.java:62)
	at sun.reflect.DelegatingMethodAccessorImpl.invoke(DelegatingMethodAccessorImpl.java:43)
	at java.lang.reflect.Method.invoke(Method.java:483)
	at org.apache.maven.surefire.util.ReflectionUtils.invokeMethodWithArray(ReflectionUtils.java:164)
	at org.apache.maven.surefire.booter.ProviderFactory$ProviderProxy.invoke(ProviderFactory.java:110)
	at org.apache.maven.surefire.booter.SurefireStarter.invokeProvider(SurefireStarter.java:175)
	at org.apache.maven.surefire.booter.SurefireStarter.runSuitesInProcessWhenForked(SurefireStarter.java:107)
	at org.apache.maven.surefire.booter.ForkedBooter.main(ForkedBooter.java:68)
Caused by: javax.persistence.PersistenceException: org.hibernate.exception.GenericJDBCException: Could not open connection
	at org.hibernate.jpa.spi.AbstractEntityManagerImpl.convert(AbstractEntityManagerImpl.java:1763)
	at org.hibernate.jpa.spi.AbstractEntityManagerImpl.convert(AbstractEntityManagerImpl.java:1677)
	at org.hibernate.jpa.spi.AbstractEntityManagerImpl.throwPersistenceException(AbstractEntityManagerImpl.java:1771)
	at org.hibernate.jpa.internal.TransactionImpl.begin(TransactionImpl.java:64)
	at org.springframework.orm.jpa.DefaultJpaDialect.beginTransaction(DefaultJpaDialect.java:67)
	at org.springframework.orm.jpa.vendor.HibernateJpaDialect.beginTransaction(HibernateJpaDialect.java:110)
	at org.springframework.orm.jpa.JpaTransactionManager.doBegin(JpaTransactionManager.java:380)
	... 48 more
Caused by: org.hibernate.exception.GenericJDBCException: Could not open connection
	at org.hibernate.exception.internal.StandardSQLExceptionConverter.convert(StandardSQLExceptionConverter.java:54)
	at org.hibernate.engine.jdbc.spi.SqlExceptionHelper.convert(SqlExceptionHelper.java:126)
	at org.hibernate.engine.jdbc.spi.SqlExceptionHelper.convert(SqlExceptionHelper.java:112)
	at org.hibernate.engine.jdbc.internal.LogicalConnectionImpl.obtainConnection(LogicalConnectionImpl.java:235)
	at org.hibernate.engine.jdbc.internal.LogicalConnectionImpl.getConnection(LogicalConnectionImpl.java:171)
	at org.hibernate.engine.transaction.internal.jdbc.JdbcTransaction.doBegin(JdbcTransaction.java:67)
	at org.hibernate.engine.transaction.spi.AbstractTransactionImpl.begin(AbstractTransactionImpl.java:162)
	at org.hibernate.internal.SessionImpl.beginTransaction(SessionImpl.java:1435)
	at org.hibernate.jpa.internal.TransactionImpl.begin(TransactionImpl.java:61)
	... 51 more
Caused by: org.apache.commons.dbcp.SQLNestedException: Cannot create PoolableConnectionFactory (The connection was refused because the database musicstore was not found.)
	at org.apache.commons.dbcp.BasicDataSource.createPoolableConnectionFactory(BasicDataSource.java:1549)
	at org.apache.commons.dbcp.BasicDataSource.createDataSource(BasicDataSource.java:1388)
	at org.apache.commons.dbcp.BasicDataSource.getConnection(BasicDataSource.java:1044)
	at org.hibernate.engine.jdbc.connections.internal.DatasourceConnectionProviderImpl.getConnection(DatasourceConnectionProviderImpl.java:139)
	at org.hibernate.internal.AbstractSessionImpl$NonContextualJdbcConnectionAccess.obtainConnection(AbstractSessionImpl.java:380)
	at org.hibernate.engine.jdbc.internal.LogicalConnectionImpl.obtainConnection(LogicalConnectionImpl.java:228)
	... 56 more
Caused by: java.sql.SQLNonTransientConnectionException: The connection was refused because the database musicstore was not found.
	at org.apache.derby.client.am.SQLExceptionFactory40.getSQLException(Unknown Source)
	at org.apache.derby.client.am.SqlException.getSQLException(Unknown Source)
	at org.apache.derby.jdbc.ClientDriver.connect(Unknown Source)
	at org.apache.commons.dbcp.DriverConnectionFactory.createConnection(DriverConnectionFactory.java:38)
	at org.apache.commons.dbcp.PoolableConnectionFactory.makeObject(PoolableConnectionFactory.java:582)
	at org.apache.commons.dbcp.BasicDataSource.validateConnectionFactory(BasicDataSource.java:1556)
	at org.apache.commons.dbcp.BasicDataSource.createPoolableConnectionFactory(BasicDataSource.java:1545)
	... 61 more
Caused by: org.apache.derby.client.am.DisconnectException: The connection was refused because the database musicstore was not found.
	at org.apache.derby.client.net.NetConnectionReply.parseRDBNFNRM(Unknown Source)
	at org.apache.derby.client.net.NetConnectionReply.parseAccessRdbError(Unknown Source)
	at org.apache.derby.client.net.NetConnectionReply.parseACCRDBreply(Unknown Source)
	at org.apache.derby.client.net.NetConnectionReply.readAccessDatabase(Unknown Source)
	at org.apache.derby.client.net.NetConnection.readSecurityCheckAndAccessRdb(Unknown Source)
	at org.apache.derby.client.net.NetConnection.flowSecurityCheckAndAccessRdb(Unknown Source)
	at org.apache.derby.client.net.NetConnection.flowUSRIDPWDconnect(Unknown Source)
	at org.apache.derby.client.net.NetConnection.flowConnect(Unknown Source)
	at org.apache.derby.client.net.NetConnection.<init>(Unknown Source)
	at org.apache.derby.client.net.NetConnection40.<init>(Unknown Source)
	at org.apache.derby.client.net.ClientJDBCObjectFactoryImpl40.newNetConnection(Unknown Source)
	... 66 more
]]>
            </full-stacktrace>
          </exception> <!-- org.springframework.transaction.CannotCreateTransactionException -->
          <reporter-output>
          </reporter-output>
        </test-method> <!-- create -->
        <test-method status="PASS" signature="setUpMethod()[pri:0, instance:com.startup.musicstore.test.repository.OrderRepositoryTest@cc285f4]" name="setUpMethod" is-config="true" duration-ms="0" started-at="2014-09-29T21:13:58Z" finished-at="2014-09-29T21:13:58Z">
          <reporter-output>
          </reporter-output>
        </test-method> <!-- setUpMethod -->
        <test-method status="PASS" signature="tearDownMethod()[pri:0, instance:com.startup.musicstore.test.repository.OrderRepositoryTest@cc285f4]" name="tearDownMethod" is-config="true" duration-ms="0" started-at="2014-09-29T21:13:58Z" finished-at="2014-09-29T21:13:58Z">
          <reporter-output>
          </reporter-output>
        </test-method> <!-- tearDownMethod -->
        <test-method status="SKIP" signature="update()[pri:0, instance:com.startup.musicstore.test.repository.OrderRepositoryTest@cc285f4]" name="update" duration-ms="1" started-at="2014-09-29T21:13:59Z" depends-on-methods="com.startup.musicstore.test.repository.OrderRepositoryTest.create" finished-at="2014-09-29T21:13:59Z">
          <reporter-output>
          </reporter-output>
        </test-method> <!-- update -->
        <test-method status="SKIP" signature="read()[pri:0, instance:com.startup.musicstore.test.repository.OrderRepositoryTest@cc285f4]" name="read" duration-ms="0" started-at="2014-09-29T21:13:59Z" depends-on-methods="com.startup.musicstore.test.repository.OrderRepositoryTest.create" finished-at="2014-09-29T21:13:59Z">
          <reporter-output>
          </reporter-output>
        </test-method> <!-- read -->
        <test-method status="SKIP" signature="delete()[pri:0, instance:com.startup.musicstore.test.repository.OrderRepositoryTest@cc285f4]" name="delete" duration-ms="0" started-at="2014-09-29T21:13:59Z" depends-on-methods="com.startup.musicstore.test.repository.OrderRepositoryTest.read" finished-at="2014-09-29T21:13:59Z">
          <reporter-output>
          </reporter-output>
        </test-method> <!-- delete -->
        <test-method status="PASS" signature="tearDownClass()[pri:0, instance:com.startup.musicstore.test.repository.OrderRepositoryTest@cc285f4]" name="tearDownClass" is-config="true" duration-ms="0" started-at="2014-09-29T21:13:59Z" finished-at="2014-09-29T21:13:59Z">
          <reporter-output>
          </reporter-output>
        </test-method> <!-- tearDownClass -->
      </class> <!-- com.startup.musicstore.test.repository.OrderRepositoryTest -->
    </test> <!-- Command line test -->
  </suite> <!-- Command line suite -->
</testng-results>
