<?xml version="1.0" encoding="UTF-8"?>
<!-- Generated by org.testng.reporters.JUnitXMLReporter -->
<testsuite hostname="Kurvin" name="Command line test" tests="4" failures="0" timestamp="31 Jul 2014 16:38:47 GMT" time="3.032" errors="0">
  <testcase name="create" time="0.062" classname="com.startup.musicstore.test.repository.OrderItemsRepositoryTest"/>
  <testcase name="read" time="0.036" classname="com.startup.musicstore.test.repository.OrderItemsRepositoryTest"/>
  <testcase name="update" time="0.035" classname="com.startup.musicstore.test.repository.OrderItemsRepositoryTest"/>
  <testcase name="delete" time="0.013" classname="com.startup.musicstore.test.repository.OrderItemsRepositoryTest"/>
</testsuite> <!-- Command line test -->
